2023-10-04 01:08:00.972 [info] Reading sessions from keychain...
2023-10-04 01:08:00.973 [info] Getting sessions for all scopes...
2023-10-04 01:08:00.973 [info] Getting sessions for user:email...
2023-10-04 01:08:00.973 [info] Got 0 sessions for ...
2023-10-04 01:08:00.973 [info] Got 0 sessions for user:email...
2023-10-04 01:08:00.973 [info] Getting sessions for all scopes...
2023-10-04 01:08:00.973 [info] Got 0 sessions for ...
2023-10-04 01:08:04.427 [info] Getting sessions for all scopes...
2023-10-04 01:08:04.427 [info] Got 0 sessions for ...
2023-10-04 01:09:02.556 [info] Reading sessions from keychain...
2023-10-04 01:09:02.556 [info] Getting sessions for all scopes...
2023-10-04 01:09:02.556 [info] Getting sessions for all scopes...
2023-10-04 01:09:02.556 [info] Getting sessions for user:email...
2023-10-04 01:09:02.556 [info] Got 0 sessions for ...
2023-10-04 01:09:02.556 [info] Got 0 sessions for ...
2023-10-04 01:09:02.556 [info] Got 0 sessions for user:email...
2023-10-04 01:09:04.449 [info] Getting sessions for all scopes...
2023-10-04 01:09:04.449 [info] Got 0 sessions for ...
2023-10-04 01:09:46.902 [info] Reading sessions from keychain...
2023-10-04 01:09:46.909 [info] Getting sessions for all scopes...
2023-10-04 01:09:46.909 [info] Getting sessions for user:email...
2023-10-04 01:09:46.909 [info] Got 0 sessions for ...
2023-10-04 01:09:46.909 [info] Got 0 sessions for user:email...
2023-10-04 01:09:46.909 [info] Getting sessions for all scopes...
2023-10-04 01:09:46.909 [info] Got 0 sessions for ...
2023-10-04 01:09:46.909 [info] Getting sessions for all scopes...
2023-10-04 01:09:46.909 [info] Got 0 sessions for ...
