2023-07-13 13:49:55.236 [info] Log level: Info
2023-07-13 13:49:55.236 [info] Validating found git in: "git"
2023-07-13 13:49:55.236 [info] Using git "2.41.0" from "git"
2023-07-13 13:49:55.242 [info] > git rev-parse --show-toplevel [11ms]
2023-07-13 13:49:55.242 [info] fatal: not a git repository (or any of the parent directories): .git
2023-07-13 13:49:55.258 [info] > git rev-parse --show-toplevel [8ms]
2023-07-13 13:49:55.258 [info] fatal: not a git repository (or any of the parent directories): .git
2023-07-13 13:49:55.268 [info] > git rev-parse --show-toplevel [3ms]
2023-07-13 13:49:55.268 [info] fatal: not a git repository (or any of the parent directories): .git
2023-07-13 13:49:55.277 [info] > git rev-parse --show-toplevel [2ms]
2023-07-13 13:49:55.277 [info] fatal: not a git repository (or any of the parent directories): .git
2023-07-13 13:49:55.285 [info] > git rev-parse --show-toplevel [2ms]
2023-07-13 13:49:55.285 [info] fatal: not a git repository (or any of the parent directories): .git
2023-07-13 13:49:55.292 [info] > git rev-parse --show-toplevel [1ms]
2023-07-13 13:49:55.292 [info] fatal: not a git repository (or any of the parent directories): .git
2023-07-13 13:49:55.299 [info] > git rev-parse --show-toplevel [1ms]
2023-07-13 13:49:55.299 [info] fatal: not a git repository (or any of the parent directories): .git
2023-07-13 13:49:55.307 [info] > git rev-parse --show-toplevel [1ms]
2023-07-13 13:49:55.307 [info] fatal: not a git repository (or any of the parent directories): .git
2023-07-13 13:49:55.315 [info] > git rev-parse --show-toplevel [1ms]
2023-07-13 13:49:55.315 [info] fatal: not a git repository (or any of the parent directories): .git
2023-07-13 13:49:55.322 [info] > git rev-parse --show-toplevel [1ms]
2023-07-13 13:49:55.322 [info] fatal: not a git repository (or any of the parent directories): .git
2023-07-13 13:49:55.330 [info] > git rev-parse --show-toplevel [1ms]
2023-07-13 13:49:55.330 [info] fatal: not a git repository (or any of the parent directories): .git
2023-07-13 13:49:55.338 [info] > git rev-parse --show-toplevel [1ms]
2023-07-13 13:49:55.339 [info] fatal: not a git repository (or any of the parent directories): .git
2023-07-13 13:49:55.346 [info] > git rev-parse --show-toplevel [1ms]
2023-07-13 13:49:55.346 [info] fatal: not a git repository (or any of the parent directories): .git
2023-07-13 13:49:55.353 [info] > git rev-parse --show-toplevel [2ms]
2023-07-13 13:49:55.353 [info] fatal: not a git repository (or any of the parent directories): .git
2023-07-13 13:49:55.360 [info] > git rev-parse --show-toplevel [2ms]
2023-07-13 13:49:55.360 [info] fatal: not a git repository (or any of the parent directories): .git
2023-07-13 13:49:55.368 [info] > git rev-parse --show-toplevel [1ms]
2023-07-13 13:49:55.368 [info] fatal: not a git repository (or any of the parent directories): .git
2023-07-13 13:49:55.376 [info] > git rev-parse --show-toplevel [1ms]
2023-07-13 13:49:55.376 [info] fatal: not a git repository (or any of the parent directories): .git
2023-07-13 13:49:55.384 [info] > git rev-parse --show-toplevel [1ms]
2023-07-13 13:49:55.384 [info] fatal: not a git repository (or any of the parent directories): .git
2023-07-13 13:49:55.392 [info] > git rev-parse --show-toplevel [1ms]
2023-07-13 13:49:55.392 [info] fatal: not a git repository (or any of the parent directories): .git
2023-07-13 13:49:55.399 [info] > git rev-parse --show-toplevel [1ms]
2023-07-13 13:49:55.399 [info] fatal: not a git repository (or any of the parent directories): .git
2023-07-13 13:49:55.407 [info] > git rev-parse --show-toplevel [1ms]
2023-07-13 13:49:55.407 [info] fatal: not a git repository (or any of the parent directories): .git
2023-07-13 13:49:55.415 [info] > git rev-parse --show-toplevel [1ms]
2023-07-13 13:49:55.415 [info] fatal: not a git repository (or any of the parent directories): .git
2023-07-13 13:49:55.422 [info] > git rev-parse --show-toplevel [1ms]
2023-07-13 13:49:55.422 [info] fatal: not a git repository (or any of the parent directories): .git
2023-07-13 13:49:55.430 [info] > git rev-parse --show-toplevel [1ms]
2023-07-13 13:49:55.430 [info] fatal: not a git repository (or any of the parent directories): .git
2023-07-13 13:49:55.438 [info] > git rev-parse --show-toplevel [2ms]
2023-07-13 13:49:55.438 [info] fatal: not a git repository (or any of the parent directories): .git
2023-07-13 13:49:55.447 [info] > git rev-parse --show-toplevel [1ms]
2023-07-13 13:49:55.448 [info] fatal: not a git repository (or any of the parent directories): .git
2023-07-13 13:49:55.457 [info] > git rev-parse --show-toplevel [2ms]
2023-07-13 13:49:55.457 [info] fatal: not a git repository (or any of the parent directories): .git
2023-07-13 13:49:55.467 [info] > git rev-parse --show-toplevel [1ms]
2023-07-13 13:49:55.467 [info] fatal: not a git repository (or any of the parent directories): .git
2023-07-13 13:49:55.474 [info] > git rev-parse --show-toplevel [1ms]
2023-07-13 13:49:55.474 [info] fatal: not a git repository (or any of the parent directories): .git
2023-07-13 13:49:55.482 [info] > git rev-parse --show-toplevel [1ms]
2023-07-13 13:49:55.482 [info] fatal: not a git repository (or any of the parent directories): .git
2023-07-13 13:49:55.491 [info] > git rev-parse --show-toplevel [1ms]
2023-07-13 13:49:55.491 [info] fatal: not a git repository (or any of the parent directories): .git
2023-07-13 13:49:55.500 [info] > git rev-parse --show-toplevel [1ms]
2023-07-13 13:49:55.500 [info] fatal: not a git repository (or any of the parent directories): .git
2023-07-13 13:49:55.508 [info] > git rev-parse --show-toplevel [1ms]
2023-07-13 13:49:55.508 [info] fatal: not a git repository (or any of the parent directories): .git
2023-07-13 13:49:55.517 [info] > git rev-parse --show-toplevel [1ms]
2023-07-13 13:49:55.517 [info] fatal: not a git repository (or any of the parent directories): .git
2023-07-13 13:49:55.534 [info] > git rev-parse --show-toplevel [10ms]
2023-07-13 13:49:55.534 [info] fatal: not a git repository (or any of the parent directories): .git
2023-07-13 13:49:55.542 [info] > git rev-parse --show-toplevel [2ms]
2023-07-13 13:49:55.542 [info] fatal: not a git repository (or any of the parent directories): .git
2023-07-13 13:49:55.552 [info] > git rev-parse --show-toplevel [2ms]
2023-07-13 13:49:55.552 [info] fatal: not a git repository (or any of the parent directories): .git
2023-07-13 13:49:55.560 [info] > git rev-parse --show-toplevel [1ms]
2023-07-13 13:49:55.560 [info] fatal: not a git repository (or any of the parent directories): .git
2023-07-13 13:49:55.569 [info] > git rev-parse --show-toplevel [1ms]
2023-07-13 13:49:55.569 [info] fatal: not a git repository (or any of the parent directories): .git
2023-07-13 13:49:55.578 [info] > git rev-parse --show-toplevel [1ms]
2023-07-13 13:49:55.578 [info] fatal: not a git repository (or any of the parent directories): .git
2023-07-13 13:49:55.587 [info] > git rev-parse --show-toplevel [1ms]
2023-07-13 13:49:55.587 [info] fatal: not a git repository (or any of the parent directories): .git
2023-07-13 13:49:55.597 [info] > git rev-parse --show-toplevel [1ms]
2023-07-13 13:49:55.597 [info] fatal: not a git repository (or any of the parent directories): .git
2023-07-13 13:50:32.420 [info] Log level: Info
2023-07-13 13:50:32.420 [info] Validating found git in: "git"
2023-07-13 13:50:32.420 [info] Using git "2.41.0" from "git"
2023-07-13 13:50:32.426 [info] > git rev-parse --show-toplevel [24ms]
2023-07-13 13:50:32.426 [info] fatal: not a git repository (or any of the parent directories): .git
2023-07-13 13:50:32.472 [info] > git rev-parse --show-toplevel [35ms]
2023-07-13 13:50:32.472 [info] fatal: not a git repository (or any of the parent directories): .git
2023-07-13 13:50:32.564 [info] > git rev-parse --show-toplevel [81ms]
2023-07-13 13:50:32.564 [info] fatal: not a git repository (or any of the parent directories): .git
2023-07-13 13:50:32.590 [info] > git rev-parse --show-toplevel [15ms]
2023-07-13 13:50:32.590 [info] fatal: not a git repository (or any of the parent directories): .git
2023-07-13 13:50:32.694 [info] > git rev-parse --show-toplevel [87ms]
2023-07-13 13:50:32.694 [info] fatal: not a git repository (or any of the parent directories): .git
2023-07-13 13:50:32.712 [info] > git rev-parse --show-toplevel [2ms]
2023-07-13 13:50:32.712 [info] fatal: not a git repository (or any of the parent directories): .git
2023-07-13 13:50:32.725 [info] > git rev-parse --show-toplevel [3ms]
2023-07-13 13:50:32.726 [info] fatal: not a git repository (or any of the parent directories): .git
2023-07-13 13:50:32.765 [info] > git rev-parse --show-toplevel [12ms]
2023-07-13 13:50:32.765 [info] fatal: not a git repository (or any of the parent directories): .git
2023-07-13 13:50:32.782 [info] > git rev-parse --show-toplevel [5ms]
2023-07-13 13:50:32.782 [info] fatal: not a git repository (or any of the parent directories): .git
2023-07-13 13:51:24.251 [info] > git rev-parse --show-toplevel [2ms]
2023-07-13 13:51:24.251 [info] fatal: not a git repository (or any of the parent directories): .git
2023-07-13 13:51:42.050 [info] > git rev-parse --show-toplevel [2ms]
2023-07-13 13:51:42.050 [info] fatal: not a git repository (or any of the parent directories): .git
2023-07-13 13:52:14.834 [info] > git rev-parse --show-toplevel [2ms]
2023-07-13 13:52:14.834 [info] fatal: not a git repository (or any of the parent directories): .git
2023-07-13 13:52:15.442 [info] > git rev-parse --show-toplevel [2ms]
2023-07-13 13:52:15.442 [info] fatal: not a git repository (or any of the parent directories): .git
2023-07-13 13:52:16.119 [info] > git rev-parse --show-toplevel [2ms]
2023-07-13 13:52:16.119 [info] fatal: not a git repository (or any of the parent directories): .git
2023-07-13 13:52:16.772 [info] > git rev-parse --show-toplevel [2ms]
2023-07-13 13:52:16.772 [info] fatal: not a git repository (or any of the parent directories): .git
2023-07-13 13:54:55.846 [info] > git rev-parse --show-toplevel [5ms]
2023-07-13 13:54:55.846 [info] fatal: not a git repository (or any of the parent directories): .git
2023-07-13 13:57:13.261 [info] > git rev-parse --show-toplevel [2ms]
2023-07-13 13:57:13.261 [info] fatal: not a git repository (or any of the parent directories): .git
2023-07-13 13:59:52.330 [info] > git rev-parse --show-toplevel [4ms]
2023-07-13 13:59:52.330 [info] fatal: not a git repository (or any of the parent directories): .git
2023-07-13 14:00:09.243 [info] > git rev-parse --show-toplevel [2ms]
2023-07-13 14:00:09.243 [info] fatal: not a git repository (or any of the parent directories): .git
2023-07-13 14:01:35.961 [info] > git rev-parse --show-toplevel [5ms]
2023-07-13 14:01:35.961 [info] fatal: not a git repository (or any of the parent directories): .git
2023-07-13 14:02:48.512 [info] > git rev-parse --show-toplevel [2ms]
2023-07-13 14:02:48.512 [info] fatal: not a git repository (or any of the parent directories): .git
2023-07-13 14:04:23.240 [info] > git rev-parse --show-toplevel [3ms]
2023-07-13 14:04:23.240 [info] fatal: not a git repository (or any of the parent directories): .git
2023-07-13 15:01:20.671 [info] > git rev-parse --show-toplevel [2ms]
2023-07-13 15:01:20.755 [info] fatal: not a git repository (or any of the parent directories): .git
2023-07-13 15:01:21.586 [info] > git rev-parse --show-toplevel [2ms]
2023-07-13 15:01:21.586 [info] fatal: not a git repository (or any of the parent directories): .git
2023-07-13 15:01:32.887 [info] > git rev-parse --show-toplevel [1ms]
2023-07-13 15:01:32.887 [info] fatal: not a git repository (or any of the parent directories): .git
2023-07-13 15:01:36.308 [info] > git rev-parse --show-toplevel [2ms]
2023-07-13 15:01:36.308 [info] fatal: not a git repository (or any of the parent directories): .git
2023-07-13 15:01:46.625 [info] > git rev-parse --show-toplevel [2ms]
2023-07-13 15:01:46.625 [info] fatal: not a git repository (or any of the parent directories): .git
2023-07-13 15:01:59.139 [info] > git rev-parse --show-toplevel [2ms]
2023-07-13 15:01:59.139 [info] fatal: not a git repository (or any of the parent directories): .git
2023-07-13 15:02:05.416 [info] > git rev-parse --show-toplevel [3ms]
2023-07-13 15:02:05.416 [info] fatal: not a git repository (or any of the parent directories): .git
2023-07-13 15:02:06.566 [info] > git rev-parse --show-toplevel [2ms]
2023-07-13 15:02:06.566 [info] fatal: not a git repository (or any of the parent directories): .git
2023-07-13 15:02:09.959 [info] > git rev-parse --show-toplevel [5ms]
2023-07-13 15:02:09.959 [info] fatal: not a git repository (or any of the parent directories): .git
2023-07-13 15:02:11.525 [info] > git rev-parse --show-toplevel [2ms]
2023-07-13 15:02:11.525 [info] fatal: not a git repository (or any of the parent directories): .git
2023-07-13 15:02:12.701 [info] > git rev-parse --show-toplevel [3ms]
2023-07-13 15:02:12.701 [info] fatal: not a git repository (or any of the parent directories): .git
2023-07-13 15:02:17.164 [info] > git rev-parse --show-toplevel [2ms]
2023-07-13 15:02:17.164 [info] fatal: not a git repository (or any of the parent directories): .git
2023-07-13 15:02:34.045 [info] > git rev-parse --show-toplevel [6ms]
2023-07-13 15:02:34.045 [info] fatal: not a git repository (or any of the parent directories): .git
2023-07-13 15:02:42.090 [info] > git rev-parse --show-toplevel [2ms]
2023-07-13 15:02:42.091 [info] fatal: not a git repository (or any of the parent directories): .git
2023-07-13 15:02:47.261 [info] > git rev-parse --show-toplevel [2ms]
2023-07-13 15:02:47.261 [info] fatal: not a git repository (or any of the parent directories): .git
2023-07-13 15:04:36.259 [info] > git rev-parse --show-toplevel [1ms]
2023-07-13 15:04:36.259 [info] fatal: not a git repository (or any of the parent directories): .git
2023-07-13 15:04:37.804 [info] > git rev-parse --show-toplevel [2ms]
2023-07-13 15:04:37.804 [info] fatal: not a git repository (or any of the parent directories): .git
2023-07-13 15:07:45.913 [info] > git rev-parse --show-toplevel [1ms]
2023-07-13 15:07:45.913 [info] fatal: not a git repository (or any of the parent directories): .git
2023-07-13 15:12:36.328 [info] > git rev-parse --show-toplevel [3ms]
2023-07-13 15:12:36.328 [info] fatal: not a git repository (or any of the parent directories): .git
2023-07-13 15:13:36.794 [info] > git rev-parse --show-toplevel [2ms]
2023-07-13 15:13:36.794 [info] fatal: not a git repository (or any of the parent directories): .git
2023-07-13 15:13:47.150 [info] > git rev-parse --show-toplevel [1ms]
2023-07-13 15:13:47.150 [info] fatal: not a git repository (or any of the parent directories): .git
2023-07-13 16:20:23.587 [info] > git rev-parse --show-toplevel [195ms]
2023-07-13 16:20:23.603 [info] fatal: not a git repository (or any of the parent directories): .git
2023-07-13 16:20:24.340 [info] > git rev-parse --show-toplevel [3ms]
2023-07-13 16:20:24.340 [info] fatal: not a git repository (or any of the parent directories): .git
2023-07-13 16:20:25.489 [info] > git rev-parse --show-toplevel [3ms]
2023-07-13 16:20:25.489 [info] fatal: not a git repository (or any of the parent directories): .git
2023-07-13 16:20:26.071 [info] > git rev-parse --show-toplevel [3ms]
2023-07-13 16:20:26.071 [info] fatal: not a git repository (or any of the parent directories): .git
2023-07-13 16:20:27.000 [info] > git rev-parse --show-toplevel [4ms]
2023-07-13 16:20:27.000 [info] fatal: not a git repository (or any of the parent directories): .git
2023-07-13 16:20:27.629 [info] > git rev-parse --show-toplevel [4ms]
2023-07-13 16:20:27.629 [info] fatal: not a git repository (or any of the parent directories): .git
2023-07-13 16:20:28.568 [info] > git rev-parse --show-toplevel [4ms]
2023-07-13 16:20:28.568 [info] fatal: not a git repository (or any of the parent directories): .git
2023-07-13 16:20:29.703 [info] > git rev-parse --show-toplevel [4ms]
2023-07-13 16:20:29.703 [info] fatal: not a git repository (or any of the parent directories): .git
2023-07-13 16:20:31.143 [info] > git rev-parse --show-toplevel [52ms]
2023-07-13 16:20:31.143 [info] fatal: not a git repository (or any of the parent directories): .git
2023-07-13 16:20:31.886 [info] > git rev-parse --show-toplevel [3ms]
2023-07-13 16:20:31.886 [info] fatal: not a git repository (or any of the parent directories): .git
2023-07-13 16:20:38.889 [info] > git rev-parse --show-toplevel [5ms]
2023-07-13 16:20:38.889 [info] fatal: not a git repository (or any of the parent directories): .git
2023-07-13 16:20:39.830 [info] > git rev-parse --show-toplevel [4ms]
2023-07-13 16:20:39.830 [info] fatal: not a git repository (or any of the parent directories): .git
2023-07-13 18:25:03.366 [info] > git rev-parse --show-toplevel [78ms]
2023-07-13 18:25:03.378 [info] fatal: not a git repository (or any of the parent directories): .git
2023-07-13 18:26:18.758 [info] > git rev-parse --show-toplevel [2ms]
2023-07-13 18:26:18.759 [info] fatal: not a git repository (or any of the parent directories): .git
2023-07-13 18:26:23.506 [info] > git rev-parse --show-toplevel [4ms]
2023-07-13 18:26:23.507 [info] fatal: not a git repository (or any of the parent directories): .git
2023-07-13 18:26:25.966 [info] > git rev-parse --show-toplevel [2ms]
2023-07-13 18:26:25.966 [info] fatal: not a git repository (or any of the parent directories): .git
2023-07-13 18:26:37.570 [info] > git rev-parse --show-toplevel [2ms]
2023-07-13 18:26:37.570 [info] fatal: not a git repository (or any of the parent directories): .git
2023-07-13 18:26:54.164 [info] > git rev-parse --show-toplevel [1ms]
2023-07-13 18:26:54.164 [info] fatal: not a git repository (or any of the parent directories): .git
