2023-10-02 16:01:48.304 [warning] Via 'product.json#extensionEnabledApiProposals' extension 'ms-vscode.vscode-selfhost-test-provider' wants API proposal 'testContinuousRun' but that proposal DOES NOT EXIST. Likely, the proposal has been finalized (check 'vscode.d.ts') or was abandoned.
2023-10-02 16:01:48.340 [warning] Via 'product.json#extensionEnabledApiProposals' extension 'ms-vscode.remote-repositories' wants API proposal 'contribEditorGutterMenu' but that proposal DOES NOT EXIST. Likely, the proposal has been finalized (check 'vscode.d.ts') or was abandoned.
2023-10-02 16:01:48.341 [warning] Via 'product.json#extensionEnabledApiProposals' extension 'github.vscode-pull-request-github' wants API proposal 'contribEditorGutterMenu' but that proposal DOES NOT EXIST. Likely, the proposal has been finalized (check 'vscode.d.ts') or was abandoned.
2023-10-02 16:01:48.342 [warning] Via 'product.json#extensionEnabledApiProposals' extension 'ms-toolsai.jupyter' wants API proposal 'notebookControllerKind' but that proposal DOES NOT EXIST. Likely, the proposal has been finalized (check 'vscode.d.ts') or was abandoned.
2023-10-02 16:02:51.975 [error] Request 43 timed out (15000ms)
2023-10-02 16:02:53.750 [error] Request 44 timed out (15000ms)
2023-10-02 16:03:08.227 [info] The pty host became responsive again
2023-10-02 16:03:22.414 [info] [perf] Render performance baseline is 473ms
2023-10-02 16:03:29.719 [info] UNRESPONSIVE extension host: received responsive event and cancelling profiling session
2023-10-02 16:03:36.610 [info] UNRESPONSIVE extension host: starting to profile NOW
2023-10-02 16:04:36.881 [error] request handler panicked: called `Option::unwrap()` on a `None` value: Error: request handler panicked: called `Option::unwrap()` on a `None` value
	at ar (/home/jagannathanm/.vscode/extensions/rust-lang.rust-analyzer-0.4.1679-linux-x64/out/main.js:4:228)
	at An (/home/jagannathanm/.vscode/extensions/rust-lang.rust-analyzer-0.4.1679-linux-x64/out/main.js:3:7338)
	at jn (/home/jagannathanm/.vscode/extensions/rust-lang.rust-analyzer-0.4.1679-linux-x64/out/main.js:3:7475)
	at Immediate.<anonymous> (/home/jagannathanm/.vscode/extensions/rust-lang.rust-analyzer-0.4.1679-linux-x64/out/main.js:3:7225)
	at process.processImmediate (node:internal/timers:466:21)
2023-10-02 16:04:38.353 [error] request handler panicked: called `Option::unwrap()` on a `None` value: Error: request handler panicked: called `Option::unwrap()` on a `None` value
	at ar (/home/jagannathanm/.vscode/extensions/rust-lang.rust-analyzer-0.4.1679-linux-x64/out/main.js:4:228)
	at An (/home/jagannathanm/.vscode/extensions/rust-lang.rust-analyzer-0.4.1679-linux-x64/out/main.js:3:7338)
	at jn (/home/jagannathanm/.vscode/extensions/rust-lang.rust-analyzer-0.4.1679-linux-x64/out/main.js:3:7475)
	at Immediate.<anonymous> (/home/jagannathanm/.vscode/extensions/rust-lang.rust-analyzer-0.4.1679-linux-x64/out/main.js:3:7225)
	at process.processImmediate (node:internal/timers:466:21)
2023-10-02 16:07:18.559 [error] request handler panicked: called `Option::unwrap()` on a `None` value: Error: request handler panicked: called `Option::unwrap()` on a `None` value
	at ar (/home/jagannathanm/.vscode/extensions/rust-lang.rust-analyzer-0.4.1679-linux-x64/out/main.js:4:228)
	at An (/home/jagannathanm/.vscode/extensions/rust-lang.rust-analyzer-0.4.1679-linux-x64/out/main.js:3:7338)
	at jn (/home/jagannathanm/.vscode/extensions/rust-lang.rust-analyzer-0.4.1679-linux-x64/out/main.js:3:7475)
	at Immediate.<anonymous> (/home/jagannathanm/.vscode/extensions/rust-lang.rust-analyzer-0.4.1679-linux-x64/out/main.js:3:7225)
	at process.processImmediate (node:internal/timers:466:21)
2023-10-02 16:07:35.142 [error] request handler panicked: called `Option::unwrap()` on a `None` value: Error: request handler panicked: called `Option::unwrap()` on a `None` value
	at ar (/home/jagannathanm/.vscode/extensions/rust-lang.rust-analyzer-0.4.1679-linux-x64/out/main.js:4:228)
	at An (/home/jagannathanm/.vscode/extensions/rust-lang.rust-analyzer-0.4.1679-linux-x64/out/main.js:3:7338)
	at jn (/home/jagannathanm/.vscode/extensions/rust-lang.rust-analyzer-0.4.1679-linux-x64/out/main.js:3:7475)
	at Immediate.<anonymous> (/home/jagannathanm/.vscode/extensions/rust-lang.rust-analyzer-0.4.1679-linux-x64/out/main.js:3:7225)
	at process.processImmediate (node:internal/timers:466:21)
2023-10-02 16:08:07.515 [error] request handler panicked: called `Option::unwrap()` on a `None` value: Error: request handler panicked: called `Option::unwrap()` on a `None` value
	at ar (/home/jagannathanm/.vscode/extensions/rust-lang.rust-analyzer-0.4.1679-linux-x64/out/main.js:4:228)
	at An (/home/jagannathanm/.vscode/extensions/rust-lang.rust-analyzer-0.4.1679-linux-x64/out/main.js:3:7338)
	at jn (/home/jagannathanm/.vscode/extensions/rust-lang.rust-analyzer-0.4.1679-linux-x64/out/main.js:3:7475)
	at Immediate.<anonymous> (/home/jagannathanm/.vscode/extensions/rust-lang.rust-analyzer-0.4.1679-linux-x64/out/main.js:3:7225)
	at process.processImmediate (node:internal/timers:466:21)
2023-10-02 16:08:09.446 [error] request handler panicked: called `Option::unwrap()` on a `None` value: Error: request handler panicked: called `Option::unwrap()` on a `None` value
	at ar (/home/jagannathanm/.vscode/extensions/rust-lang.rust-analyzer-0.4.1679-linux-x64/out/main.js:4:228)
	at An (/home/jagannathanm/.vscode/extensions/rust-lang.rust-analyzer-0.4.1679-linux-x64/out/main.js:3:7338)
	at jn (/home/jagannathanm/.vscode/extensions/rust-lang.rust-analyzer-0.4.1679-linux-x64/out/main.js:3:7475)
	at Immediate.<anonymous> (/home/jagannathanm/.vscode/extensions/rust-lang.rust-analyzer-0.4.1679-linux-x64/out/main.js:3:7225)
	at process.processImmediate (node:internal/timers:466:21)
2023-10-02 16:08:10.686 [error] request handler panicked: called `Option::unwrap()` on a `None` value: Error: request handler panicked: called `Option::unwrap()` on a `None` value
	at ar (/home/jagannathanm/.vscode/extensions/rust-lang.rust-analyzer-0.4.1679-linux-x64/out/main.js:4:228)
	at An (/home/jagannathanm/.vscode/extensions/rust-lang.rust-analyzer-0.4.1679-linux-x64/out/main.js:3:7338)
	at jn (/home/jagannathanm/.vscode/extensions/rust-lang.rust-analyzer-0.4.1679-linux-x64/out/main.js:3:7475)
	at Immediate.<anonymous> (/home/jagannathanm/.vscode/extensions/rust-lang.rust-analyzer-0.4.1679-linux-x64/out/main.js:3:7225)
	at process.processImmediate (node:internal/timers:466:21)
2023-10-02 16:08:14.483 [error] request handler panicked: called `Option::unwrap()` on a `None` value: Error: request handler panicked: called `Option::unwrap()` on a `None` value
	at ar (/home/jagannathanm/.vscode/extensions/rust-lang.rust-analyzer-0.4.1679-linux-x64/out/main.js:4:228)
	at An (/home/jagannathanm/.vscode/extensions/rust-lang.rust-analyzer-0.4.1679-linux-x64/out/main.js:3:7338)
	at jn (/home/jagannathanm/.vscode/extensions/rust-lang.rust-analyzer-0.4.1679-linux-x64/out/main.js:3:7475)
	at Immediate.<anonymous> (/home/jagannathanm/.vscode/extensions/rust-lang.rust-analyzer-0.4.1679-linux-x64/out/main.js:3:7225)
	at process.processImmediate (node:internal/timers:466:21)
2023-10-02 16:08:15.737 [error] request handler panicked: called `Option::unwrap()` on a `None` value: Error: request handler panicked: called `Option::unwrap()` on a `None` value
	at ar (/home/jagannathanm/.vscode/extensions/rust-lang.rust-analyzer-0.4.1679-linux-x64/out/main.js:4:228)
	at An (/home/jagannathanm/.vscode/extensions/rust-lang.rust-analyzer-0.4.1679-linux-x64/out/main.js:3:7338)
	at jn (/home/jagannathanm/.vscode/extensions/rust-lang.rust-analyzer-0.4.1679-linux-x64/out/main.js:3:7475)
	at Immediate.<anonymous> (/home/jagannathanm/.vscode/extensions/rust-lang.rust-analyzer-0.4.1679-linux-x64/out/main.js:3:7225)
	at process.processImmediate (node:internal/timers:466:21)
2023-10-02 16:08:17.198 [error] request handler panicked: called `Option::unwrap()` on a `None` value: Error: request handler panicked: called `Option::unwrap()` on a `None` value
	at ar (/home/jagannathanm/.vscode/extensions/rust-lang.rust-analyzer-0.4.1679-linux-x64/out/main.js:4:228)
	at An (/home/jagannathanm/.vscode/extensions/rust-lang.rust-analyzer-0.4.1679-linux-x64/out/main.js:3:7338)
	at jn (/home/jagannathanm/.vscode/extensions/rust-lang.rust-analyzer-0.4.1679-linux-x64/out/main.js:3:7475)
	at Immediate.<anonymous> (/home/jagannathanm/.vscode/extensions/rust-lang.rust-analyzer-0.4.1679-linux-x64/out/main.js:3:7225)
	at process.processImmediate (node:internal/timers:466:21)
2023-10-02 16:08:18.422 [error] request handler panicked: called `Option::unwrap()` on a `None` value: Error: request handler panicked: called `Option::unwrap()` on a `None` value
	at ar (/home/jagannathanm/.vscode/extensions/rust-lang.rust-analyzer-0.4.1679-linux-x64/out/main.js:4:228)
	at An (/home/jagannathanm/.vscode/extensions/rust-lang.rust-analyzer-0.4.1679-linux-x64/out/main.js:3:7338)
	at jn (/home/jagannathanm/.vscode/extensions/rust-lang.rust-analyzer-0.4.1679-linux-x64/out/main.js:3:7475)
	at Immediate.<anonymous> (/home/jagannathanm/.vscode/extensions/rust-lang.rust-analyzer-0.4.1679-linux-x64/out/main.js:3:7225)
	at process.processImmediate (node:internal/timers:466:21)
2023-10-02 16:08:19.890 [error] request handler panicked: called `Option::unwrap()` on a `None` value: Error: request handler panicked: called `Option::unwrap()` on a `None` value
	at ar (/home/jagannathanm/.vscode/extensions/rust-lang.rust-analyzer-0.4.1679-linux-x64/out/main.js:4:228)
	at An (/home/jagannathanm/.vscode/extensions/rust-lang.rust-analyzer-0.4.1679-linux-x64/out/main.js:3:7338)
	at jn (/home/jagannathanm/.vscode/extensions/rust-lang.rust-analyzer-0.4.1679-linux-x64/out/main.js:3:7475)
	at Immediate.<anonymous> (/home/jagannathanm/.vscode/extensions/rust-lang.rust-analyzer-0.4.1679-linux-x64/out/main.js:3:7225)
	at process.processImmediate (node:internal/timers:466:21)
2023-10-02 16:08:21.239 [error] request handler panicked: called `Option::unwrap()` on a `None` value: Error: request handler panicked: called `Option::unwrap()` on a `None` value
	at ar (/home/jagannathanm/.vscode/extensions/rust-lang.rust-analyzer-0.4.1679-linux-x64/out/main.js:4:228)
	at An (/home/jagannathanm/.vscode/extensions/rust-lang.rust-analyzer-0.4.1679-linux-x64/out/main.js:3:7338)
	at jn (/home/jagannathanm/.vscode/extensions/rust-lang.rust-analyzer-0.4.1679-linux-x64/out/main.js:3:7475)
	at Immediate.<anonymous> (/home/jagannathanm/.vscode/extensions/rust-lang.rust-analyzer-0.4.1679-linux-x64/out/main.js:3:7225)
	at process.processImmediate (node:internal/timers:466:21)
2023-10-02 16:08:29.494 [error] request handler panicked: called `Option::unwrap()` on a `None` value: Error: request handler panicked: called `Option::unwrap()` on a `None` value
	at ar (/home/jagannathanm/.vscode/extensions/rust-lang.rust-analyzer-0.4.1679-linux-x64/out/main.js:4:228)
	at An (/home/jagannathanm/.vscode/extensions/rust-lang.rust-analyzer-0.4.1679-linux-x64/out/main.js:3:7338)
	at jn (/home/jagannathanm/.vscode/extensions/rust-lang.rust-analyzer-0.4.1679-linux-x64/out/main.js:3:7475)
	at Immediate.<anonymous> (/home/jagannathanm/.vscode/extensions/rust-lang.rust-analyzer-0.4.1679-linux-x64/out/main.js:3:7225)
	at process.processImmediate (node:internal/timers:466:21)
