2023-09-29 18:20:51.252 [info] Added views:workbench.panel.markers.view in workbench.panel.markers
2023-09-29 18:20:51.252 [info] Added views:workbench.panel.output in workbench.panel.output
2023-09-29 18:20:51.252 [info] Added views:terminal in terminal
2023-09-29 18:20:51.252 [info] Added views:outline in workbench.view.explorer
2023-09-29 18:20:51.252 [info] Added views:workbench.scm in workbench.view.scm
2023-09-29 18:20:51.252 [info] Added views:workbench.view.search in workbench.view.search
2023-09-29 18:20:51.252 [info] Added views:timeline in workbench.view.explorer
2023-09-29 18:20:51.252 [info] Added views:workbench.explorer.fileView in workbench.view.explorer
2023-09-29 18:20:52.120 [info] Added views:dockerContainers,dockerImages,dockerRegistries,dockerNetworks,dockerVolumes,vscode-docker.views.dockerContexts,vscode-docker.views.help in workbench.view.extension.dockerView
2023-09-29 18:20:54.447 [info] Added views:workbench.debug.welcome in workbench.view.debug
2023-09-29 18:20:54.487 [info] Added views:workbench.panel.repl.view in workbench.panel.repl
2023-09-29 18:36:19.757 [info] Added views:rustDependencies in workbench.view.explorer
2023-09-29 18:39:55.965 [info] Added views:workbench.views.extensions.installed,workbench.views.extensions.popular,extensions.recommendedList in workbench.view.extensions
2023-09-29 18:39:55.968 [info] Removed views:workbench.views.extensions.popular from workbench.view.extensions
2023-09-29 18:40:29.052 [info] Added views:workbench.panel.markers.view in workbench.panel.markers
2023-09-29 18:40:29.052 [info] Added views:workbench.panel.output in workbench.panel.output
2023-09-29 18:40:29.052 [info] Added views:terminal in terminal
2023-09-29 18:40:29.052 [info] Added views:outline in workbench.view.explorer
2023-09-29 18:40:29.052 [info] Added views:workbench.scm in workbench.view.scm
2023-09-29 18:40:29.052 [info] Added views:workbench.view.search in workbench.view.search
2023-09-29 18:40:29.052 [info] Added views:timeline in workbench.view.explorer
2023-09-29 18:40:29.052 [info] Added views:workbench.explorer.fileView in workbench.view.explorer
2023-09-29 18:40:29.195 [info] Added views:workbench.debug.welcome in workbench.view.debug
2023-09-29 18:40:29.922 [info] Added views:dockerContainers,dockerImages,dockerRegistries,dockerNetworks,dockerVolumes,vscode-docker.views.dockerContexts,vscode-docker.views.help in workbench.view.extension.dockerView
2023-09-29 18:40:30.462 [info] Added views:workbench.panel.repl.view in workbench.panel.repl
2023-09-29 18:40:30.872 [info] Added views:rustDependencies in workbench.view.explorer
2023-09-29 18:40:31.609 [info] Added views:workbench.views.extensions.installed,extensions.recommendedList in workbench.view.extensions
