2023-07-13 11:13:00.212 [info] Extension host with pid 4564 started
2023-07-13 11:13:00.212 [info] Skipping acquiring lock for /home/jagannathanm/.config/Code/User/workspaceStorage/98906cc7e9cb8da1543c88df15204087.
2023-07-13 11:13:00.297 [info] ExtensionService#_doActivateExtension vscode.github-authentication, startup: false, activationEvent: 'onAuthenticationRequest:github'
2023-07-13 11:13:00.475 [info] ExtensionService#_doActivateExtension vscode.git-base, startup: true, activationEvent: '*'
2023-07-13 11:13:00.488 [info] ExtensionService#_doActivateExtension naumovs.color-highlight, startup: true, activationEvent: '*'
2023-07-13 11:13:01.350 [info] Extension host terminating: renderer closed the MessagePort
2023-07-13 11:13:01.355 [info] Extension host with pid 4564 exiting with code 0
2023-07-13 11:13:01.356 [info] Eager extensions activated
2023-07-13 11:13:01.357 [error] Activating extension vscode.debug-auto-launch failed due to an error:
2023-07-13 11:13:01.357 [error] Canceled: Canceled
	at new l (/opt/visual-studio-code/resources/app/out/vs/workbench/api/node/extensionHostProcess.js:98:105190)
	at c.O (/opt/visual-studio-code/resources/app/out/vs/workbench/api/node/extensionHostProcess.js:108:11692)
	at G.<computed>.Q.charCodeAt.G.<computed> (/opt/visual-studio-code/resources/app/out/vs/workbench/api/node/extensionHostProcess.js:108:8967)
	at E.Z (/opt/visual-studio-code/resources/app/out/vs/workbench/api/node/extensionHostProcess.js:110:11401)
	at Object.actualActivateExtension (/opt/visual-studio-code/resources/app/out/vs/workbench/api/node/extensionHostProcess.js:110:8634)
	at E.n (/opt/visual-studio-code/resources/app/out/vs/workbench/api/node/extensionHostProcess.js:96:6659)
	at E.m (/opt/visual-studio-code/resources/app/out/vs/workbench/api/node/extensionHostProcess.js:96:6620)
	at E.l (/opt/visual-studio-code/resources/app/out/vs/workbench/api/node/extensionHostProcess.js:96:6077)
	at new E (/opt/visual-studio-code/resources/app/out/vs/workbench/api/node/extensionHostProcess.js:96:6004)
	at I.k (/opt/visual-studio-code/resources/app/out/vs/workbench/api/node/extensionHostProcess.js:96:5513)
	at I.j (/opt/visual-studio-code/resources/app/out/vs/workbench/api/node/extensionHostProcess.js:96:5468)
	at /opt/visual-studio-code/resources/app/out/vs/workbench/api/node/extensionHostProcess.js:96:4389
	at Array.map (<anonymous>)
	at I.h (/opt/visual-studio-code/resources/app/out/vs/workbench/api/node/extensionHostProcess.js:96:4377)
	at I.activateById (/opt/visual-studio-code/resources/app/out/vs/workbench/api/node/extensionHostProcess.js:96:4289)
	at E.U (/opt/visual-studio-code/resources/app/out/vs/workbench/api/node/extensionHostProcess.js:110:9944)
	at E.fb (/opt/visual-studio-code/resources/app/out/vs/workbench/api/node/extensionHostProcess.js:110:14886)
	at /opt/visual-studio-code/resources/app/out/vs/workbench/api/node/extensionHostProcess.js:110:15570
2023-07-13 11:13:01.358 [error] Activating extension vscode.merge-conflict failed due to an error:
2023-07-13 11:13:01.358 [error] Canceled: Canceled
	at new l (/opt/visual-studio-code/resources/app/out/vs/workbench/api/node/extensionHostProcess.js:98:105190)
	at c.O (/opt/visual-studio-code/resources/app/out/vs/workbench/api/node/extensionHostProcess.js:108:11692)
	at G.<computed>.Q.charCodeAt.G.<computed> (/opt/visual-studio-code/resources/app/out/vs/workbench/api/node/extensionHostProcess.js:108:8967)
	at E.Z (/opt/visual-studio-code/resources/app/out/vs/workbench/api/node/extensionHostProcess.js:110:11401)
	at Object.actualActivateExtension (/opt/visual-studio-code/resources/app/out/vs/workbench/api/node/extensionHostProcess.js:110:8634)
	at E.n (/opt/visual-studio-code/resources/app/out/vs/workbench/api/node/extensionHostProcess.js:96:6659)
	at E.m (/opt/visual-studio-code/resources/app/out/vs/workbench/api/node/extensionHostProcess.js:96:6620)
	at E.l (/opt/visual-studio-code/resources/app/out/vs/workbench/api/node/extensionHostProcess.js:96:6077)
	at new E (/opt/visual-studio-code/resources/app/out/vs/workbench/api/node/extensionHostProcess.js:96:6004)
	at I.k (/opt/visual-studio-code/resources/app/out/vs/workbench/api/node/extensionHostProcess.js:96:5513)
	at I.j (/opt/visual-studio-code/resources/app/out/vs/workbench/api/node/extensionHostProcess.js:96:5468)
	at /opt/visual-studio-code/resources/app/out/vs/workbench/api/node/extensionHostProcess.js:96:4389
	at Array.map (<anonymous>)
	at I.h (/opt/visual-studio-code/resources/app/out/vs/workbench/api/node/extensionHostProcess.js:96:4377)
	at I.activateById (/opt/visual-studio-code/resources/app/out/vs/workbench/api/node/extensionHostProcess.js:96:4289)
	at E.U (/opt/visual-studio-code/resources/app/out/vs/workbench/api/node/extensionHostProcess.js:110:9944)
	at E.fb (/opt/visual-studio-code/resources/app/out/vs/workbench/api/node/extensionHostProcess.js:110:14886)
	at /opt/visual-studio-code/resources/app/out/vs/workbench/api/node/extensionHostProcess.js:110:15570
