2023-07-08 15:09:10.053 [info] Log level: Info
2023-07-08 15:09:10.053 [info] Validating found git in: "git"
2023-07-08 15:09:10.228 [info] Using git "2.41.0" from "git"
2023-07-08 15:09:10.322 [info] > git rev-parse --show-toplevel [63ms]
2023-07-08 15:09:10.322 [info] fatal: not a git repository (or any of the parent directories): .git
2023-07-08 15:09:10.651 [info] > git rev-parse --show-toplevel [318ms]
2023-07-08 15:09:10.651 [info] fatal: not a git repository (or any of the parent directories): .git
2023-07-08 15:09:10.693 [info] > git rev-parse --show-toplevel [34ms]
2023-07-08 15:09:10.693 [info] fatal: not a git repository (or any of the parent directories): .git
2023-07-08 15:09:10.715 [info] > git rev-parse --show-toplevel [10ms]
2023-07-08 15:09:10.715 [info] fatal: not a git repository (or any of the parent directories): .git
2023-07-08 15:09:10.727 [info] > git rev-parse --show-toplevel [3ms]
2023-07-08 15:09:10.727 [info] fatal: not a git repository (or any of the parent directories): .git
2023-07-08 15:09:10.738 [info] > git rev-parse --show-toplevel [3ms]
2023-07-08 15:09:10.738 [info] fatal: not a git repository (or any of the parent directories): .git
2023-07-08 15:09:10.761 [info] > git rev-parse --show-toplevel [15ms]
2023-07-08 15:09:10.761 [info] fatal: not a git repository (or any of the parent directories): .git
2023-07-08 15:09:10.784 [info] > git rev-parse --show-toplevel [13ms]
2023-07-08 15:09:10.784 [info] fatal: not a git repository (or any of the parent directories): .git
2023-07-08 15:09:17.802 [info] > git rev-parse --show-toplevel [14ms]
2023-07-08 15:09:17.802 [info] fatal: not a git repository (or any of the parent directories): .git
2023-07-08 15:09:50.947 [info] > git rev-parse --show-toplevel [3ms]
2023-07-08 15:09:50.947 [info] fatal: not a git repository (or any of the parent directories): .git
2023-07-08 15:09:58.410 [info] > git rev-parse --show-toplevel [2ms]
2023-07-08 15:09:58.410 [info] fatal: not a git repository (or any of the parent directories): .git
2023-07-08 15:10:18.930 [info] > git rev-parse --show-toplevel [3ms]
2023-07-08 15:10:18.930 [info] fatal: not a git repository (or any of the parent directories): .git
2023-07-08 15:10:53.582 [info] > git rev-parse --show-toplevel [2ms]
2023-07-08 15:10:53.582 [info] fatal: not a git repository (or any of the parent directories): .git
2023-07-08 15:12:03.097 [info] > git rev-parse --show-toplevel [2ms]
2023-07-08 15:12:03.097 [info] fatal: not a git repository (or any of the parent directories): .git
2023-07-08 15:12:11.258 [info] > git rev-parse --show-toplevel [5ms]
2023-07-08 15:12:11.258 [info] fatal: not a git repository (or any of the parent directories): .git
2023-07-08 15:12:48.513 [info] > git rev-parse --show-toplevel [2ms]
2023-07-08 15:12:48.513 [info] fatal: not a git repository (or any of the parent directories): .git
2023-07-08 15:13:25.154 [info] > git rev-parse --show-toplevel [3ms]
2023-07-08 15:13:25.154 [info] fatal: not a git repository (or any of the parent directories): .git
2023-07-08 15:13:33.526 [info] > git rev-parse --show-toplevel [3ms]
2023-07-08 15:13:33.526 [info] fatal: not a git repository (or any of the parent directories): .git
2023-07-08 16:19:03.144 [info] > git rev-parse --show-toplevel [3ms]
2023-07-08 16:19:03.144 [info] fatal: not a git repository (or any of the parent directories): .git
2023-07-08 16:19:30.925 [info] > git rev-parse --show-toplevel [2ms]
2023-07-08 16:19:30.925 [info] fatal: not a git repository (or any of the parent directories): .git
2023-07-08 16:19:33.724 [info] > git rev-parse --show-toplevel [1ms]
2023-07-08 16:19:33.724 [info] fatal: not a git repository (or any of the parent directories): .git
2023-07-08 16:19:55.482 [info] > git rev-parse --show-toplevel [6ms]
2023-07-08 16:19:55.482 [info] fatal: not a git repository (or any of the parent directories): .git
2023-07-08 16:19:59.074 [info] > git rev-parse --show-toplevel [2ms]
2023-07-08 16:19:59.074 [info] fatal: not a git repository (or any of the parent directories): .git
2023-07-08 16:20:16.736 [info] > git rev-parse --show-toplevel [2ms]
2023-07-08 16:20:16.736 [info] fatal: not a git repository (or any of the parent directories): .git
2023-07-08 16:20:23.395 [info] > git rev-parse --show-toplevel [2ms]
2023-07-08 16:20:23.395 [info] fatal: not a git repository (or any of the parent directories): .git
2023-07-08 16:28:26.180 [info] > git rev-parse --show-toplevel [3ms]
2023-07-08 16:28:26.180 [info] fatal: not a git repository (or any of the parent directories): .git
2023-07-08 16:42:55.279 [info] > git rev-parse --show-toplevel [3ms]
2023-07-08 16:42:55.279 [info] fatal: not a git repository (or any of the parent directories): .git
2023-07-08 16:43:07.178 [info] > git rev-parse --show-toplevel [3ms]
2023-07-08 16:43:07.178 [info] fatal: not a git repository (or any of the parent directories): .git
2023-07-08 16:46:32.087 [info] > git rev-parse --show-toplevel [1ms]
2023-07-08 16:46:32.087 [info] fatal: not a git repository (or any of the parent directories): .git
2023-07-08 16:46:52.988 [info] > git rev-parse --show-toplevel [2ms]
2023-07-08 16:46:52.988 [info] fatal: not a git repository (or any of the parent directories): .git
2023-07-08 16:48:02.197 [info] > git rev-parse --show-toplevel [2ms]
2023-07-08 16:48:02.197 [info] fatal: not a git repository (or any of the parent directories): .git
2023-07-08 16:48:26.238 [info] > git rev-parse --show-toplevel [3ms]
2023-07-08 16:48:26.238 [info] fatal: not a git repository (or any of the parent directories): .git
2023-07-08 16:48:38.458 [info] > git rev-parse --show-toplevel [2ms]
2023-07-08 16:48:38.458 [info] fatal: not a git repository (or any of the parent directories): .git
2023-07-08 16:48:59.383 [info] > git rev-parse --show-toplevel [2ms]
2023-07-08 16:48:59.383 [info] fatal: not a git repository (or any of the parent directories): .git
2023-07-08 16:49:28.018 [info] > git rev-parse --show-toplevel [2ms]
2023-07-08 16:49:28.018 [info] fatal: not a git repository (or any of the parent directories): .git
2023-07-08 16:49:28.717 [info] > git rev-parse --show-toplevel [3ms]
2023-07-08 16:49:28.717 [info] fatal: not a git repository (or any of the parent directories): .git
2023-07-08 16:49:33.280 [info] > git rev-parse --show-toplevel [4ms]
2023-07-08 16:49:33.280 [info] fatal: not a git repository (or any of the parent directories): .git
2023-07-08 16:49:33.838 [info] > git rev-parse --show-toplevel [2ms]
2023-07-08 16:49:33.838 [info] fatal: not a git repository (or any of the parent directories): .git
2023-07-08 16:49:34.740 [info] > git rev-parse --show-toplevel [2ms]
2023-07-08 16:49:34.740 [info] fatal: not a git repository (or any of the parent directories): .git
2023-07-08 16:49:35.291 [info] > git rev-parse --show-toplevel [3ms]
2023-07-08 16:49:35.291 [info] fatal: not a git repository (or any of the parent directories): .git
2023-07-08 16:52:49.835 [info] > git rev-parse --show-toplevel [2ms]
2023-07-08 16:52:49.835 [info] fatal: not a git repository (or any of the parent directories): .git
2023-07-08 16:57:00.521 [info] > git rev-parse --show-toplevel [2ms]
2023-07-08 16:57:00.521 [info] fatal: not a git repository (or any of the parent directories): .git
2023-07-08 16:57:05.276 [info] > git rev-parse --show-toplevel [1ms]
2023-07-08 16:57:05.276 [info] fatal: not a git repository (or any of the parent directories): .git
2023-07-08 16:58:20.870 [info] > git rev-parse --show-toplevel [1ms]
2023-07-08 16:58:20.870 [info] fatal: not a git repository (or any of the parent directories): .git
2023-07-08 16:58:22.051 [info] > git rev-parse --show-toplevel [1ms]
2023-07-08 16:58:22.051 [info] fatal: not a git repository (or any of the parent directories): .git
2023-07-08 16:59:00.135 [info] > git rev-parse --show-toplevel [2ms]
2023-07-08 16:59:00.135 [info] fatal: not a git repository (or any of the parent directories): .git
2023-07-08 17:00:20.661 [info] > git rev-parse --show-toplevel [2ms]
2023-07-08 17:00:20.661 [info] fatal: not a git repository (or any of the parent directories): .git
2023-07-08 17:00:23.952 [info] > git rev-parse --show-toplevel [1ms]
2023-07-08 17:00:23.952 [info] fatal: not a git repository (or any of the parent directories): .git
2023-07-08 17:00:28.550 [info] > git rev-parse --show-toplevel [1ms]
2023-07-08 17:00:28.550 [info] fatal: not a git repository (or any of the parent directories): .git
2023-07-08 17:00:54.315 [info] > git rev-parse --show-toplevel [4ms]
2023-07-08 17:00:54.315 [info] fatal: not a git repository (or any of the parent directories): .git
2023-07-08 17:01:19.018 [info] > git rev-parse --show-toplevel [2ms]
2023-07-08 17:01:19.018 [info] fatal: not a git repository (or any of the parent directories): .git
2023-07-08 17:02:35.518 [info] > git rev-parse --show-toplevel [2ms]
2023-07-08 17:02:35.518 [info] fatal: not a git repository (or any of the parent directories): .git
2023-07-08 17:02:52.153 [info] > git rev-parse --show-toplevel [2ms]
2023-07-08 17:02:52.153 [info] fatal: not a git repository (or any of the parent directories): .git
2023-07-08 17:03:40.774 [info] > git rev-parse --show-toplevel [5ms]
2023-07-08 17:03:40.774 [info] fatal: not a git repository (or any of the parent directories): .git
2023-07-08 17:04:11.312 [info] > git rev-parse --show-toplevel [2ms]
2023-07-08 17:04:11.312 [info] fatal: not a git repository (or any of the parent directories): .git
2023-07-08 17:05:47.867 [info] > git rev-parse --show-toplevel [2ms]
2023-07-08 17:05:47.867 [info] fatal: not a git repository (or any of the parent directories): .git
2023-07-08 17:06:59.544 [info] > git rev-parse --show-toplevel [2ms]
2023-07-08 17:06:59.544 [info] fatal: not a git repository (or any of the parent directories): .git
2023-07-08 17:25:33.716 [info] > git rev-parse --show-toplevel [2ms]
2023-07-08 17:25:33.716 [info] fatal: not a git repository (or any of the parent directories): .git
2023-07-08 17:56:41.482 [info] > git rev-parse --show-toplevel [2ms]
2023-07-08 17:56:41.488 [info] fatal: not a git repository (or any of the parent directories): .git
2023-07-08 17:56:51.650 [info] > git rev-parse --show-toplevel [2ms]
2023-07-08 17:56:51.650 [info] fatal: not a git repository (or any of the parent directories): .git
2023-07-08 17:57:04.176 [info] > git rev-parse --show-toplevel [3ms]
2023-07-08 17:57:04.176 [info] fatal: not a git repository (or any of the parent directories): .git
2023-07-08 17:57:48.026 [info] > git rev-parse --show-toplevel [1ms]
2023-07-08 17:57:48.026 [info] fatal: not a git repository (or any of the parent directories): .git
2023-07-08 17:57:49.262 [info] > git rev-parse --show-toplevel [2ms]
2023-07-08 17:57:49.262 [info] fatal: not a git repository (or any of the parent directories): .git
2023-07-08 17:57:54.633 [info] > git rev-parse --show-toplevel [1ms]
2023-07-08 17:57:54.633 [info] fatal: not a git repository (or any of the parent directories): .git
2023-07-08 18:00:40.381 [info] > git rev-parse --show-toplevel [2ms]
2023-07-08 18:00:40.381 [info] fatal: not a git repository (or any of the parent directories): .git
2023-07-08 18:01:08.139 [info] > git rev-parse --show-toplevel [2ms]
2023-07-08 18:01:08.139 [info] fatal: not a git repository (or any of the parent directories): .git
2023-07-08 18:08:58.320 [info] > git rev-parse --show-toplevel [2ms]
2023-07-08 18:08:58.320 [info] fatal: not a git repository (or any of the parent directories): .git
2023-07-08 18:12:54.326 [info] > git rev-parse --show-toplevel [2ms]
2023-07-08 18:12:54.326 [info] fatal: not a git repository (or any of the parent directories): .git
2023-07-08 18:25:01.561 [info] > git rev-parse --show-toplevel [4ms]
2023-07-08 18:25:01.679 [info] fatal: not a git repository (or any of the parent directories): .git
2023-07-08 18:25:12.148 [info] > git rev-parse --show-toplevel [2ms]
2023-07-08 18:25:12.148 [info] fatal: not a git repository (or any of the parent directories): .git
2023-07-08 18:25:24.885 [info] > git rev-parse --show-toplevel [4ms]
2023-07-08 18:25:24.885 [info] fatal: not a git repository (or any of the parent directories): .git
2023-07-08 18:25:29.054 [info] > git rev-parse --show-toplevel [2ms]
2023-07-08 18:25:29.054 [info] fatal: not a git repository (or any of the parent directories): .git
2023-07-08 18:44:04.651 [info] > git rev-parse --show-toplevel [1ms]
2023-07-08 18:44:04.651 [info] fatal: not a git repository (or any of the parent directories): .git
2023-07-08 18:44:05.502 [info] > git rev-parse --show-toplevel [3ms]
2023-07-08 18:44:05.502 [info] fatal: not a git repository (or any of the parent directories): .git
2023-07-08 18:59:08.831 [info] > git rev-parse --show-toplevel [3ms]
2023-07-08 18:59:08.831 [info] fatal: not a git repository (or any of the parent directories): .git
2023-07-08 19:02:42.521 [info] > git rev-parse --show-toplevel [2ms]
2023-07-08 19:02:42.521 [info] fatal: not a git repository (or any of the parent directories): .git
2023-07-08 19:03:06.937 [info] > git rev-parse --show-toplevel [4ms]
2023-07-08 19:03:06.937 [info] fatal: not a git repository (or any of the parent directories): .git
2023-07-08 19:07:26.991 [info] > git rev-parse --show-toplevel [3ms]
2023-07-08 19:07:26.991 [info] fatal: not a git repository (or any of the parent directories): .git
2023-07-08 19:11:12.882 [info] > git rev-parse --show-toplevel [2ms]
2023-07-08 19:11:12.882 [info] fatal: not a git repository (or any of the parent directories): .git
2023-07-08 19:11:32.531 [info] > git rev-parse --show-toplevel [2ms]
2023-07-08 19:11:32.531 [info] fatal: not a git repository (or any of the parent directories): .git
2023-07-08 19:11:40.428 [info] > git rev-parse --show-toplevel [2ms]
2023-07-08 19:11:40.428 [info] fatal: not a git repository (or any of the parent directories): .git
2023-07-08 19:12:06.379 [info] > git rev-parse --show-toplevel [1ms]
2023-07-08 19:12:06.379 [info] fatal: not a git repository (or any of the parent directories): .git
2023-07-08 19:13:58.466 [info] > git rev-parse --show-toplevel [2ms]
2023-07-08 19:13:58.466 [info] fatal: not a git repository (or any of the parent directories): .git
2023-07-08 19:14:04.720 [info] > git rev-parse --show-toplevel [2ms]
2023-07-08 19:14:04.720 [info] fatal: not a git repository (or any of the parent directories): .git
2023-07-08 19:14:12.344 [info] > git rev-parse --show-toplevel [3ms]
2023-07-08 19:14:12.344 [info] fatal: not a git repository (or any of the parent directories): .git
2023-07-08 19:14:21.515 [info] > git rev-parse --show-toplevel [1ms]
2023-07-08 19:14:21.515 [info] fatal: not a git repository (or any of the parent directories): .git
2023-07-08 19:17:57.417 [info] > git rev-parse --show-toplevel [2ms]
2023-07-08 19:17:57.417 [info] fatal: not a git repository (or any of the parent directories): .git
2023-07-08 19:22:42.355 [info] > git rev-parse --show-toplevel [2ms]
2023-07-08 19:22:42.355 [info] fatal: not a git repository (or any of the parent directories): .git
2023-07-08 19:28:19.997 [info] > git rev-parse --show-toplevel [1ms]
2023-07-08 19:28:19.997 [info] fatal: not a git repository (or any of the parent directories): .git
2023-07-08 19:34:29.895 [info] > git rev-parse --show-toplevel [2ms]
2023-07-08 19:34:29.895 [info] fatal: not a git repository (or any of the parent directories): .git
2023-07-08 19:34:32.303 [info] > git rev-parse --show-toplevel [2ms]
2023-07-08 19:34:32.303 [info] fatal: not a git repository (or any of the parent directories): .git
2023-07-08 19:34:49.815 [info] > git rev-parse --show-toplevel [2ms]
2023-07-08 19:34:49.815 [info] fatal: not a git repository (or any of the parent directories): .git
2023-07-08 19:35:52.307 [info] > git rev-parse --show-toplevel [2ms]
2023-07-08 19:35:52.307 [info] fatal: not a git repository (or any of the parent directories): .git
2023-07-08 19:37:07.832 [info] > git rev-parse --show-toplevel [1ms]
2023-07-08 19:37:07.832 [info] fatal: not a git repository (or any of the parent directories): .git
2023-07-08 21:29:24.194 [info] > git rev-parse --show-toplevel [52ms]
2023-07-08 21:29:24.213 [info] fatal: not a git repository (or any of the parent directories): .git
2023-07-08 21:29:24.953 [info] > git rev-parse --show-toplevel [2ms]
2023-07-08 21:29:24.953 [info] fatal: not a git repository (or any of the parent directories): .git
2023-07-08 21:29:28.413 [info] > git rev-parse --show-toplevel [2ms]
2023-07-08 21:29:28.413 [info] fatal: not a git repository (or any of the parent directories): .git
2023-07-08 21:37:45.708 [info] > git rev-parse --show-toplevel [2ms]
2023-07-08 21:37:45.709 [info] fatal: not a git repository (or any of the parent directories): .git
2023-07-08 23:23:44.537 [info] > git rev-parse --show-toplevel [109ms]
2023-07-08 23:23:44.544 [info] fatal: not a git repository (or any of the parent directories): .git
2023-07-08 23:28:22.839 [info] > git rev-parse --show-toplevel [4ms]
2023-07-08 23:28:22.839 [info] fatal: not a git repository (or any of the parent directories): .git
2023-07-08 23:34:38.271 [info] > git rev-parse --show-toplevel [5ms]
2023-07-08 23:34:38.271 [info] fatal: not a git repository (or any of the parent directories): .git
2023-07-08 23:37:51.039 [info] > git rev-parse --show-toplevel [8ms]
2023-07-08 23:37:51.039 [info] fatal: not a git repository (or any of the parent directories): .git
