2023-07-12 13:37:28.839 [info] Log level: Info
2023-07-12 13:37:28.839 [info] Validating found git in: "git"
2023-07-12 13:37:28.959 [info] Using git "2.41.0" from "git"
2023-07-12 13:37:28.992 [info] > git rev-parse --show-toplevel [22ms]
2023-07-12 13:37:28.992 [info] fatal: not a git repository (or any of the parent directories): .git
2023-07-12 13:37:29.003 [info] > git rev-parse --show-toplevel [5ms]
2023-07-12 13:37:29.003 [info] fatal: not a git repository (or any of the parent directories): .git
2023-07-12 13:37:29.456 [info] > git rev-parse --show-toplevel [445ms]
2023-07-12 13:37:29.456 [info] fatal: not a git repository (or any of the parent directories): .git
2023-07-12 13:37:29.493 [info] > git rev-parse --show-toplevel [30ms]
2023-07-12 13:37:29.493 [info] fatal: not a git repository (or any of the parent directories): .git
2023-07-12 13:37:29.504 [info] > git rev-parse --show-toplevel [3ms]
2023-07-12 13:37:29.504 [info] fatal: not a git repository (or any of the parent directories): .git
2023-07-12 13:37:29.518 [info] > git rev-parse --show-toplevel [6ms]
2023-07-12 13:37:29.518 [info] fatal: not a git repository (or any of the parent directories): .git
2023-07-12 13:37:29.526 [info] > git rev-parse --show-toplevel [2ms]
2023-07-12 13:37:29.526 [info] fatal: not a git repository (or any of the parent directories): .git
2023-07-12 13:37:29.535 [info] > git rev-parse --show-toplevel [2ms]
2023-07-12 13:37:29.535 [info] fatal: not a git repository (or any of the parent directories): .git
2023-07-12 13:37:29.545 [info] > git rev-parse --show-toplevel [2ms]
2023-07-12 13:37:29.546 [info] fatal: not a git repository (or any of the parent directories): .git
2023-07-12 13:46:26.286 [info] > git rev-parse --show-toplevel [4ms]
2023-07-12 13:46:26.286 [info] fatal: not a git repository (or any of the parent directories): .git
2023-07-12 14:33:51.252 [info] > git rev-parse --show-toplevel [2ms]
2023-07-12 14:33:51.253 [info] fatal: not a git repository (or any of the parent directories): .git
2023-07-12 14:33:52.098 [info] > git rev-parse --show-toplevel [2ms]
2023-07-12 14:33:52.098 [info] fatal: not a git repository (or any of the parent directories): .git
2023-07-12 14:34:04.749 [info] > git rev-parse --show-toplevel [1ms]
2023-07-12 14:34:04.750 [info] fatal: not a git repository (or any of the parent directories): .git
2023-07-12 16:11:39.151 [info] > git rev-parse --show-toplevel [596ms]
2023-07-12 16:11:39.209 [info] fatal: not a git repository (or any of the parent directories): .git
2023-07-12 16:23:50.120 [info] > git rev-parse --show-toplevel [1ms]
2023-07-12 16:23:50.120 [info] fatal: not a git repository (or any of the parent directories): .git
2023-07-12 16:23:58.654 [info] > git rev-parse --show-toplevel [3ms]
2023-07-12 16:23:58.654 [info] fatal: not a git repository (or any of the parent directories): .git
2023-07-12 16:30:19.802 [info] > git rev-parse --show-toplevel [185ms]
2023-07-12 16:30:19.802 [info] fatal: not a git repository (or any of the parent directories): .git
2023-07-12 16:30:26.898 [info] > git rev-parse --show-toplevel [2ms]
2023-07-12 16:30:26.898 [info] fatal: not a git repository (or any of the parent directories): .git
2023-07-12 16:31:24.480 [info] > git rev-parse --show-toplevel [5ms]
2023-07-12 16:31:24.480 [info] fatal: not a git repository (or any of the parent directories): .git
2023-07-12 16:37:31.845 [info] > git rev-parse --show-toplevel [271ms]
2023-07-12 16:37:31.878 [info] fatal: not a git repository (or any of the parent directories): .git
2023-07-12 16:37:37.916 [info] > git rev-parse --show-toplevel [2ms]
2023-07-12 16:37:37.916 [info] fatal: not a git repository (or any of the parent directories): .git
2023-07-12 16:41:09.648 [info] > git rev-parse --show-toplevel [2ms]
2023-07-12 16:41:09.648 [info] fatal: not a git repository (or any of the parent directories): .git
2023-07-12 16:41:18.138 [info] > git rev-parse --show-toplevel [1ms]
2023-07-12 16:41:18.138 [info] fatal: not a git repository (or any of the parent directories): .git
2023-07-12 16:53:19.921 [info] > git rev-parse --show-toplevel [180ms]
2023-07-12 16:53:19.958 [info] fatal: not a git repository (or any of the parent directories): .git
2023-07-12 16:53:32.790 [info] > git rev-parse --show-toplevel [2ms]
2023-07-12 16:53:32.790 [info] fatal: not a git repository (or any of the parent directories): .git
2023-07-12 16:55:40.785 [info] > git rev-parse --show-toplevel [2ms]
2023-07-12 16:55:40.785 [info] fatal: not a git repository (or any of the parent directories): .git
2023-07-12 16:57:08.165 [info] > git rev-parse --show-toplevel [2ms]
2023-07-12 16:57:08.165 [info] fatal: not a git repository (or any of the parent directories): .git
2023-07-12 16:59:46.698 [info] > git rev-parse --show-toplevel [1ms]
2023-07-12 16:59:46.698 [info] fatal: not a git repository (or any of the parent directories): .git
2023-07-12 16:59:54.167 [info] > git rev-parse --show-toplevel [2ms]
2023-07-12 16:59:54.167 [info] fatal: not a git repository (or any of the parent directories): .git
2023-07-12 17:00:00.274 [info] > git rev-parse --show-toplevel [2ms]
2023-07-12 17:00:00.274 [info] fatal: not a git repository (or any of the parent directories): .git
2023-07-12 17:00:03.024 [info] > git rev-parse --show-toplevel [2ms]
2023-07-12 17:00:03.025 [info] fatal: not a git repository (or any of the parent directories): .git
2023-07-12 17:08:53.735 [info] > git rev-parse --show-toplevel [103ms]
2023-07-12 17:08:53.823 [info] fatal: not a git repository (or any of the parent directories): .git
2023-07-12 17:34:39.968 [info] > git rev-parse --show-toplevel [561ms]
2023-07-12 17:34:40.042 [info] fatal: not a git repository (or any of the parent directories): .git
2023-07-12 17:35:14.341 [info] > git rev-parse --show-toplevel [2ms]
2023-07-12 17:35:14.341 [info] fatal: not a git repository (or any of the parent directories): .git
2023-07-12 17:35:16.947 [info] > git rev-parse --show-toplevel [2ms]
2023-07-12 17:35:16.947 [info] fatal: not a git repository (or any of the parent directories): .git
2023-07-12 17:41:54.173 [info] > git rev-parse --show-toplevel [2ms]
2023-07-12 17:41:54.173 [info] fatal: not a git repository (or any of the parent directories): .git
2023-07-12 17:42:11.795 [info] > git rev-parse --show-toplevel [2ms]
2023-07-12 17:42:11.795 [info] fatal: not a git repository (or any of the parent directories): .git
2023-07-12 17:42:12.630 [info] > git rev-parse --show-toplevel [1ms]
2023-07-12 17:42:12.630 [info] fatal: not a git repository (or any of the parent directories): .git
2023-07-12 17:42:39.255 [info] > git rev-parse --show-toplevel [6ms]
2023-07-12 17:42:39.255 [info] fatal: not a git repository (or any of the parent directories): .git
2023-07-12 17:43:11.837 [info] > git rev-parse --show-toplevel [2ms]
2023-07-12 17:43:11.837 [info] fatal: not a git repository (or any of the parent directories): .git
2023-07-12 17:43:12.635 [info] > git rev-parse --show-toplevel [1ms]
2023-07-12 17:43:12.635 [info] fatal: not a git repository (or any of the parent directories): .git
2023-07-12 17:50:12.502 [info] > git rev-parse --show-toplevel [2ms]
2023-07-12 17:50:12.502 [info] fatal: not a git repository (or any of the parent directories): .git
2023-07-12 17:50:13.569 [info] > git rev-parse --show-toplevel [1ms]
2023-07-12 17:50:13.569 [info] fatal: not a git repository (or any of the parent directories): .git
2023-07-12 17:50:14.688 [info] > git rev-parse --show-toplevel [3ms]
2023-07-12 17:50:14.688 [info] fatal: not a git repository (or any of the parent directories): .git
2023-07-12 17:51:14.086 [info] > git rev-parse --show-toplevel [1ms]
2023-07-12 17:51:14.087 [info] fatal: not a git repository (or any of the parent directories): .git
2023-07-12 18:03:12.542 [info] > git rev-parse --show-toplevel [3ms]
2023-07-12 18:03:12.542 [info] fatal: not a git repository (or any of the parent directories): .git
2023-07-12 18:08:33.085 [info] > git rev-parse --show-toplevel [1ms]
2023-07-12 18:08:33.085 [info] fatal: not a git repository (or any of the parent directories): .git
2023-07-12 18:08:43.071 [info] > git rev-parse --show-toplevel [2ms]
2023-07-12 18:08:43.071 [info] fatal: not a git repository (or any of the parent directories): .git
2023-07-12 18:38:53.291 [info] > git rev-parse --show-toplevel [145ms]
2023-07-12 18:38:53.313 [info] fatal: not a git repository (or any of the parent directories): .git
2023-07-12 18:39:08.600 [info] > git rev-parse --show-toplevel [2ms]
2023-07-12 18:39:08.600 [info] fatal: not a git repository (or any of the parent directories): .git
2023-07-12 18:40:26.402 [info] > git rev-parse --show-toplevel [1ms]
2023-07-12 18:40:26.403 [info] fatal: not a git repository (or any of the parent directories): .git
2023-07-12 18:57:15.614 [info] > git rev-parse --show-toplevel [894ms]
2023-07-12 18:57:15.635 [info] fatal: not a git repository (or any of the parent directories): .git
2023-07-12 18:57:16.262 [info] > git rev-parse --show-toplevel [2ms]
2023-07-12 18:57:16.262 [info] fatal: not a git repository (or any of the parent directories): .git
2023-07-12 18:57:16.786 [info] > git rev-parse --show-toplevel [2ms]
2023-07-12 18:57:16.786 [info] fatal: not a git repository (or any of the parent directories): .git
2023-07-12 19:08:45.463 [info] > git rev-parse --show-toplevel [40ms]
2023-07-12 19:08:45.464 [info] fatal: not a git repository (or any of the parent directories): .git
2023-07-12 20:51:34.714 [info] > git rev-parse --show-toplevel [1093ms]
2023-07-12 20:51:34.749 [info] fatal: not a git repository (or any of the parent directories): .git
2023-07-12 20:53:17.338 [info] > git rev-parse --show-toplevel [3ms]
2023-07-12 20:53:17.338 [info] fatal: not a git repository (or any of the parent directories): .git
2023-07-12 20:53:25.067 [info] > git rev-parse --show-toplevel [6ms]
2023-07-12 20:53:25.067 [info] fatal: not a git repository (or any of the parent directories): .git
2023-07-12 20:57:35.666 [info] > git rev-parse --show-toplevel [2ms]
2023-07-12 20:57:35.666 [info] fatal: not a git repository (or any of the parent directories): .git
2023-07-12 21:00:32.737 [info] > git rev-parse --show-toplevel [1ms]
2023-07-12 21:00:32.737 [info] fatal: not a git repository (or any of the parent directories): .git
2023-07-12 21:51:35.375 [info] > git rev-parse --show-toplevel [159ms]
2023-07-12 21:51:35.421 [info] fatal: not a git repository (or any of the parent directories): .git
2023-07-12 21:51:43.398 [info] > git rev-parse --show-toplevel [1ms]
2023-07-12 21:51:43.398 [info] fatal: not a git repository (or any of the parent directories): .git
2023-07-12 21:51:45.564 [info] > git rev-parse --show-toplevel [414ms]
2023-07-12 21:51:45.564 [info] fatal: not a git repository (or any of the parent directories): .git
2023-07-12 21:52:31.121 [info] > git rev-parse --show-toplevel [4ms]
2023-07-12 21:52:31.121 [info] fatal: not a git repository (or any of the parent directories): .git
2023-07-12 21:58:58.537 [info] > git rev-parse --show-toplevel [3ms]
2023-07-12 21:58:58.537 [info] fatal: not a git repository (or any of the parent directories): .git
2023-07-12 21:59:16.489 [info] > git rev-parse --show-toplevel [6ms]
2023-07-12 21:59:16.489 [info] fatal: not a git repository (or any of the parent directories): .git
2023-07-12 22:00:09.193 [info] > git rev-parse --show-toplevel [2ms]
2023-07-12 22:00:09.193 [info] fatal: not a git repository (or any of the parent directories): .git
2023-07-12 22:00:15.733 [info] > git rev-parse --show-toplevel [2ms]
2023-07-12 22:00:15.733 [info] fatal: not a git repository (or any of the parent directories): .git
2023-07-12 22:29:56.493 [info] > git rev-parse --show-toplevel [378ms]
2023-07-12 22:29:56.704 [info] fatal: not a git repository (or any of the parent directories): .git
2023-07-12 22:46:35.534 [info] > git rev-parse --show-toplevel [1ms]
2023-07-12 22:46:35.534 [info] fatal: not a git repository (or any of the parent directories): .git
2023-07-12 22:47:07.502 [info] > git rev-parse --show-toplevel [2ms]
2023-07-12 22:47:07.502 [info] fatal: not a git repository (or any of the parent directories): .git
2023-07-12 22:53:38.752 [info] > git rev-parse --show-toplevel [5ms]
2023-07-12 22:53:38.752 [info] fatal: not a git repository (or any of the parent directories): .git
2023-07-12 23:09:47.057 [info] > git rev-parse --show-toplevel [31ms]
2023-07-12 23:09:47.073 [info] fatal: not a git repository (or any of the parent directories): .git
2023-07-13 00:11:18.098 [info] > git rev-parse --show-toplevel [571ms]
2023-07-13 00:11:18.154 [info] fatal: not a git repository (or any of the parent directories): .git
