Experiment 'pythonPromptNewFormatterExt' is active
Experiment 'pythonPromptNewToolsExt' is active
> conda info --json
Python interpreter path: /bin/python
> /bin/python -I ~/.vscode/extensions/ms-python.python-2023.6.1/pythonFiles/get_output_via_markers.py ~/.vscode/extensions/ms-python.python-2023.6.1/pythonFiles/interpreterInfo.py
> /sbin/python -I ~/.vscode/extensions/ms-python.python-2023.6.1/pythonFiles/get_output_via_markers.py ~/.vscode/extensions/ms-python.python-2023.6.1/pythonFiles/interpreterInfo.py
> /usr/bin/python -I ~/.vscode/extensions/ms-python.python-2023.6.1/pythonFiles/get_output_via_markers.py ~/.vscode/extensions/ms-python.python-2023.6.1/pythonFiles/interpreterInfo.py
> /usr/sbin/python -I ~/.vscode/extensions/ms-python.python-2023.6.1/pythonFiles/get_output_via_markers.py ~/.vscode/extensions/ms-python.python-2023.6.1/pythonFiles/interpreterInfo.py
Starting Pylance language server.
> /bin/python ~/.vscode/extensions/ms-python.python-2023.6.1/pythonFiles/normalizeSelection.py
Send text to terminal: /bin/python
Send text to terminal:             with zipfile.ZipFile(archive, 'w') as zip_archive:


Send text to terminal: /bin/python /home/jagannathanm/Documents/task3/echo-server.py
Send text to terminal: /bin/python /home/jagannathanm/Documents/task3/echo-server.py
Send text to terminal: /bin/python /home/jagannathanm/Documents/task3/echo-server.py
Send text to terminal: /bin/python /home/jagannathanm/Documents/task3/echo-server.py
Send text to terminal: /bin/python /home/jagannathanm/Documents/task3/echo-server.py
Send text to terminal: /bin/python /home/jagannathanm/Documents/task3/echo-server.py
Send text to terminal: /bin/python /home/jagannathanm/Documents/task3/echo-server.py
Send text to terminal: /bin/python /home/jagannathanm/Documents/task3/echo-server.py
Send text to terminal: /bin/python /home/jagannathanm/Documents/task3/echo-server.py
Send text to terminal: /bin/python /home/jagannathanm/Documents/task3/echo-server.py
Send text to terminal: /bin/python /home/jagannathanm/Documents/task3/echo-server.py
Send text to terminal: /bin/python /home/jagannathanm/Documents/task3/echo-server.py
Send text to terminal: /bin/python /home/jagannathanm/Documents/task3/echo-clientzip.py
Send text to terminal: /bin/python /home/jagannathanm/Documents/task3/echo-clientzip.py
Send text to terminal: /bin/python /home/jagannathanm/Documents/task3/echo-server.py
Send text to terminal: /bin/python /home/jagannathanm/Documents/task3/echo-clientzip.py
Send text to terminal: /bin/python /home/jagannathanm/Documents/task3/echo-server.py
