[Info  - 3:09:11 PM] (24018) Pylance language server 2023.5.30 (pyright e1b6074b) starting
[Info  - 3:09:12 PM] (24018) Server root directory: /home/jagannathanm/.vscode/extensions/ms-python.vscode-pylance-2023.5.30/dist
[Info  - 3:09:12 PM] (24018) Starting service instance "Documents"
[Info  - 3:09:12 PM] (24018) Setting pythonPath for service "Documents": "/bin/python"
[Warn  - 3:09:12 PM] (24018) stubPath /home/jagannathanm/Documents/typings is not a valid directory.
[Info  - 3:09:12 PM] (24018) Assuming Python version 3.11
[Info  - 3:09:13 PM] (24018) Found 5 source files
[Info  - 3:09:13 PM] (24018) Background analysis(1) root directory: /home/jagannathanm/.vscode/extensions/ms-python.vscode-pylance-2023.5.30/dist
[Info  - 3:09:13 PM] (24018) Background analysis(1) started
[Info  - 3:09:14 PM] (24018) Indexer background runner(2) root directory: /home/jagannathanm/.vscode/extensions/ms-python.vscode-pylance-2023.5.30/dist (index)
[Info  - 3:09:14 PM] (24018) Indexing(2) started
[Info  - 3:09:16 PM] (24018) [BG(1)] Long operation: getSemanticTokens full at /home/jagannathanm/Documents/task3/echo-clientzip.py (3202ms)
[Info  - 3:09:19 PM] (24018) [IDX(2)] Long operation: scan packages /home/jagannathanm/Documents (5146ms)
[Info  - 3:09:19 PM] (24018) scanned(2) 92 files over 1 exec env
[Info  - 3:09:21 PM] (24018) [IDX(2)] Long operation: index execution environment /home/jagannathanm/Documents (2144ms)
[Info  - 3:09:21 PM] (24018) [IDX(2)] Long operation: index packages /home/jagannathanm/Documents (2443ms)
[Info  - 3:09:21 PM] (24018) indexed(2) 55 files over 1 exec env
[Info  - 3:09:21 PM] (24018) Indexing finished(2).
[Info  - 9:52:47 PM] (24018) Indexer background runner(3) root directory: /home/jagannathanm/.vscode/extensions/ms-python.vscode-pylance-2023.5.30/dist (refresh)
[Info  - 9:52:47 PM] (24018) Indexing(3) started
[Info  - 9:52:49 PM] (24018) [BG(1)] Long operation: checking: /home/jagannathanm/Documents/task3/echo-clientzip.py (2703ms)
[Info  - 9:52:49 PM] (24018) [BG(1)] Long operation: analyzing: /home/jagannathanm/Documents/task3/echo-clientzip.py (3832ms)
[Info  - 9:52:51 PM] (24018) [IDX(3)] Long operation: scan packages /home/jagannathanm/Documents (4474ms)
[Info  - 9:52:51 PM] (24018) scanned(3) 102 files over 1 exec env
[Info  - 9:52:54 PM] (24018) [IDX(3)] Long operation: index execution environment /home/jagannathanm/Documents (2261ms)
[Info  - 9:52:54 PM] (24018) [IDX(3)] Long operation: index packages /home/jagannathanm/Documents (2394ms)
[Info  - 9:52:54 PM] (24018) indexed(3) 64 files over 1 exec env
[Info  - 9:52:54 PM] (24018) Indexing finished(3).
