2023-10-04 01:07:42.113 [info] Added views:workbench.panel.markers.view in workbench.panel.markers
2023-10-04 01:07:42.113 [info] Added views:workbench.panel.output in workbench.panel.output
2023-10-04 01:07:42.113 [info] Added views:terminal in terminal
2023-10-04 01:07:42.113 [info] Added views:outline in workbench.view.explorer
2023-10-04 01:07:42.113 [info] Added views:workbench.scm in workbench.view.scm
2023-10-04 01:07:42.113 [info] Added views:workbench.view.search in workbench.view.search
2023-10-04 01:07:42.113 [info] Added views:timeline in workbench.view.explorer
2023-10-04 01:07:42.113 [info] Added views:workbench.explorer.fileView in workbench.view.explorer
2023-10-04 01:07:42.506 [info] Added views:workbench.debug.welcome in workbench.view.debug
2023-10-04 01:07:47.677 [info] Added views:dockerContainers,dockerImages,dockerRegistries,dockerNetworks,dockerVolumes,vscode-docker.views.dockerContexts,vscode-docker.views.help in workbench.view.extension.dockerView
2023-10-04 01:07:50.621 [info] Added views:workbench.panel.repl.view in workbench.panel.repl
2023-10-04 01:07:58.592 [info] Added views:rustDependencies in workbench.view.explorer
2023-10-04 01:08:46.989 [info] Added views:workbench.panel.markers.view in workbench.panel.markers
2023-10-04 01:08:47.105 [info] Added views:workbench.panel.output in workbench.panel.output
2023-10-04 01:08:47.105 [info] Added views:terminal in terminal
2023-10-04 01:08:47.105 [info] Added views:outline in workbench.view.explorer
2023-10-04 01:08:47.105 [info] Added views:workbench.scm in workbench.view.scm
2023-10-04 01:08:47.105 [info] Added views:workbench.view.search in workbench.view.search
2023-10-04 01:08:47.105 [info] Added views:timeline in workbench.view.explorer
2023-10-04 01:08:47.105 [info] Added views:workbench.explorer.fileView in workbench.view.explorer
2023-10-04 01:08:47.281 [info] Added views:workbench.debug.variablesView,workbench.debug.watchExpressionsView,workbench.debug.callStackView,workbench.debug.breakPointsView in workbench.view.debug
2023-10-04 01:08:53.493 [info] Added views:dockerContainers,dockerImages,dockerRegistries,dockerNetworks,dockerVolumes,vscode-docker.views.dockerContexts,vscode-docker.views.help in workbench.view.extension.dockerView
2023-10-04 01:08:59.651 [info] Added views:workbench.panel.repl.view in workbench.panel.repl
2023-10-04 01:08:59.658 [info] Removed views:workbench.debug.breakPointsView,workbench.debug.callStackView,workbench.debug.watchExpressionsView,workbench.debug.variablesView from workbench.view.debug
2023-10-04 01:08:59.660 [info] Added views:workbench.debug.welcome in workbench.view.debug
2023-10-04 01:09:13.628 [info] Added views:workbench.panel.markers.view in workbench.panel.markers
2023-10-04 01:09:13.628 [info] Added views:workbench.panel.output in workbench.panel.output
2023-10-04 01:09:13.628 [info] Added views:terminal in terminal
2023-10-04 01:09:13.628 [info] Added views:outline in workbench.view.explorer
2023-10-04 01:09:13.628 [info] Added views:workbench.scm in workbench.view.scm
2023-10-04 01:09:13.628 [info] Added views:workbench.view.search in workbench.view.search
2023-10-04 01:09:13.628 [info] Added views:timeline in workbench.view.explorer
2023-10-04 01:09:13.628 [info] Added views:workbench.explorer.fileView in workbench.view.explorer
2023-10-04 01:09:15.398 [info] Added views:workbench.debug.welcome in workbench.view.debug
2023-10-04 01:09:16.455 [info] Added views:dockerContainers,dockerImages,dockerRegistries,dockerNetworks,dockerVolumes,vscode-docker.views.dockerContexts,vscode-docker.views.help in workbench.view.extension.dockerView
2023-10-04 01:09:33.526 [info] Added views:workbench.panel.markers.view in workbench.panel.markers
2023-10-04 01:09:33.544 [info] Added views:workbench.panel.output in workbench.panel.output
2023-10-04 01:09:33.544 [info] Added views:terminal in terminal
2023-10-04 01:09:33.544 [info] Added views:outline in workbench.view.explorer
2023-10-04 01:09:33.544 [info] Added views:workbench.scm in workbench.view.scm
2023-10-04 01:09:33.544 [info] Added views:workbench.view.search in workbench.view.search
2023-10-04 01:09:33.544 [info] Added views:timeline in workbench.view.explorer
2023-10-04 01:09:33.544 [info] Added views:workbench.explorer.fileView in workbench.view.explorer
2023-10-04 01:09:33.685 [info] Added views:workbench.debug.welcome in workbench.view.debug
2023-10-04 01:09:35.052 [info] Added views:dockerContainers,dockerImages,dockerRegistries,dockerNetworks,dockerVolumes,vscode-docker.views.dockerContexts,vscode-docker.views.help in workbench.view.extension.dockerView
2023-10-04 01:09:43.652 [info] Added views:workbench.panel.repl.view in workbench.panel.repl
2023-10-04 01:09:46.982 [info] Added views:rustDependencies in workbench.view.explorer
