2023-07-08 15:07:12.563 [info] [SharedProcess] using utility process
2023-07-08 15:07:13.084 [info] update#setState idle
2023-07-08 15:07:16.818 [info] [UtilityProcess type: shared-process, pid: <none>]: creating new...
2023-07-08 15:07:16.826 [info] [UtilityProcess id: 1, type: fileWatcher, pid: <none>]: creating new...
2023-07-08 15:07:16.835 [info] [UtilityProcess type: shared-process, pid: 23434]: successfully created
2023-07-08 15:07:16.836 [info] [UtilityProcess id: 1, type: fileWatcher, pid: 23435]: successfully created
2023-07-08 15:07:17.001 [info] [UtilityProcess id: 1, type: extensionHost, pid: <none>]: creating new...
2023-07-08 15:07:17.010 [info] [UtilityProcess id: 1, type: extensionHost, pid: 23455]: successfully created
2023-07-08 15:07:43.085 [info] update#setState checking for updates
2023-07-08 15:07:43.093 [info] update#setState available for download
2023-07-08 15:09:02.406 [info] [UtilityProcess id: 1, type: fileWatcher, pid: 23435]: attempting to kill the process...
2023-07-08 15:09:02.406 [info] [UtilityProcess id: 1, type: fileWatcher, pid: 23435]: successfully killed the process
2023-07-08 15:09:02.409 [info] [UtilityProcess id: 1, type: extensionHost, pid: 23455]: received exit event with code 0
2023-07-08 15:09:02.409 [info] Extension host with pid 23455 exited with code: 0, signal: unknown.
2023-07-08 15:09:02.418 [info] [UtilityProcess id: 1, type: fileWatcher, pid: 23435]: received exit event with code 15
2023-07-08 15:09:02.421 [error] [UtilityProcessWorker]: terminated unexpectedly with code 15, signal: unknown
2023-07-08 15:09:02.436 [error] [UtilityProcess id: 1, type: fileWatcher, pid: 23435]: crashed with code 15 and reason 'killed'
2023-07-08 15:09:05.180 [info] [UtilityProcess id: 2, type: extensionHost, pid: <none>]: creating new...
2023-07-08 15:09:05.190 [info] [UtilityProcess id: 2, type: extensionHost, pid: 23934]: successfully created
2023-07-08 15:09:06.060 [info] [UtilityProcess id: 1, type: fileWatcher, pid: <none>]: creating new...
2023-07-08 15:09:06.071 [info] [UtilityProcess id: 1, type: fileWatcher, pid: 23949]: successfully created
