2023-09-30 12:02:16.330 [info] Extension host with pid 28005 started
2023-09-30 12:02:16.330 [info] Skipping acquiring lock for /home/jagannathanm/.config/Code/User/workspaceStorage/92b716e43d563aa77571dff8d9f697e2.
2023-09-30 12:02:16.403 [info] ExtensionService#_doActivateExtension vscode.emmet, startup: false, activationEvent: 'onLanguage'
2023-09-30 12:02:16.572 [info] ExtensionService#_doActivateExtension rust-lang.rust-analyzer, startup: false, activationEvent: 'onLanguage:rust'
2023-09-30 12:02:17.406 [info] ExtensionService#_doActivateExtension vscode.git-base, startup: true, activationEvent: '*', root cause: vscode.git
2023-09-30 12:02:17.411 [info] ExtensionService#_doActivateExtension naumovs.color-highlight, startup: true, activationEvent: '*'
2023-09-30 12:02:17.523 [info] ExtensionService#_doActivateExtension vscode.git, startup: true, activationEvent: '*'
2023-09-30 12:02:17.655 [info] ExtensionService#_doActivateExtension vscode.github, startup: true, activationEvent: '*'
2023-09-30 12:02:18.757 [info] Eager extensions activated
2023-09-30 12:02:18.777 [info] ExtensionService#_doActivateExtension vscode.debug-auto-launch, startup: false, activationEvent: 'onStartupFinished'
2023-09-30 12:02:18.944 [info] ExtensionService#_doActivateExtension vscode.merge-conflict, startup: false, activationEvent: 'onStartupFinished'
2023-09-30 12:02:19.198 [info] ExtensionService#_doActivateExtension ritwickdey.LiveServer, startup: false, activationEvent: 'onStartupFinished'
2023-09-30 12:02:19.581 [info] ExtensionService#_doActivateExtension vadimcn.vscode-lldb, startup: false, activationEvent: 'onStartupFinished'
2023-09-30 12:02:46.943 [info] ExtensionService#_doActivateExtension vscode.github-authentication, startup: false, activationEvent: 'onAuthenticationRequest:github'
2023-09-30 12:02:47.452 [info] ExtensionService#_doActivateExtension vscode.microsoft-authentication, startup: false, activationEvent: 'onAuthenticationRequest:microsoft'
2023-09-30 15:24:42.610 [info] ExtensionService#_doActivateExtension vscode.extension-editing, startup: false, activationEvent: 'onLanguage:markdown'
2023-09-30 15:24:42.970 [info] ExtensionService#_doActivateExtension vscode.markdown-language-features, startup: false, activationEvent: 'onLanguage:markdown'
2023-09-30 15:32:21.186 [info] ExtensionService#_doActivateExtension vscode.references-view, startup: false, activationEvent: 'onCommand:editor.action.showReferences'
2023-09-30 18:41:20.500 [info] ExtensionService#_doActivateExtension vscode.markdown-math, startup: false, activationEvent: 'api', root cause: vscode.markdown-language-features
2023-09-30 19:00:02.419 [error] Error: Cargo invocation has failed: Error: exit code: 101.
	at n.getArtifacts (/home/jagannathanm/.vscode/extensions/rust-lang.rust-analyzer-0.4.1677-linux-x64/out/main.js:40:1765)
	at process.processTicksAndRejections (node:internal/process/task_queues:96:5)
	at async n.executableFromArgs (/home/jagannathanm/.vscode/extensions/rust-lang.rust-analyzer-0.4.1677-linux-x64/out/main.js:40:1895)
	at async x_ (/home/jagannathanm/.vscode/extensions/rust-lang.rust-analyzer-0.4.1677-linux-x64/out/main.js:40:7165)
	at async Pv (/home/jagannathanm/.vscode/extensions/rust-lang.rust-analyzer-0.4.1677-linux-x64/out/main.js:40:6777)
	at async uf (/home/jagannathanm/.vscode/extensions/rust-lang.rust-analyzer-0.4.1677-linux-x64/out/main.js:40:5667)
	at async /home/jagannathanm/.vscode/extensions/rust-lang.rust-analyzer-0.4.1677-linux-x64/out/main.js:88:4170
	at async m.h (/opt/visual-studio-code/resources/app/out/vs/workbench/api/node/extensionHostProcess.js:98:125789)
	at async m.h (/opt/visual-studio-code/resources/app/out/vs/workbench/api/node/extensionHostProcess.js:98:125789) rust-analyzer.debugSingle {"value":"rust-lang.rust-analyzer","c":"rust-lang.rust-analyzer"}
2023-09-30 19:00:02.504 [error] Error: Cargo invocation has failed: Error: exit code: 101.
	at n.getArtifacts (/home/jagannathanm/.vscode/extensions/rust-lang.rust-analyzer-0.4.1677-linux-x64/out/main.js:40:1765)
	at process.processTicksAndRejections (node:internal/process/task_queues:96:5)
	at async n.executableFromArgs (/home/jagannathanm/.vscode/extensions/rust-lang.rust-analyzer-0.4.1677-linux-x64/out/main.js:40:1895)
	at async x_ (/home/jagannathanm/.vscode/extensions/rust-lang.rust-analyzer-0.4.1677-linux-x64/out/main.js:40:7165)
	at async Pv (/home/jagannathanm/.vscode/extensions/rust-lang.rust-analyzer-0.4.1677-linux-x64/out/main.js:40:6777)
	at async uf (/home/jagannathanm/.vscode/extensions/rust-lang.rust-analyzer-0.4.1677-linux-x64/out/main.js:40:5667)
	at async /home/jagannathanm/.vscode/extensions/rust-lang.rust-analyzer-0.4.1677-linux-x64/out/main.js:88:4170
	at async m.h (/opt/visual-studio-code/resources/app/out/vs/workbench/api/node/extensionHostProcess.js:98:125789)
	at async m.h (/opt/visual-studio-code/resources/app/out/vs/workbench/api/node/extensionHostProcess.js:98:125789) __vscln5nobep undefined
2023-09-30 20:37:38.952 [info] Extension host terminating: renderer closed the MessagePort
2023-09-30 20:37:39.386 [error] Canceled: Canceled
	at new l (/opt/visual-studio-code/resources/app/out/vs/workbench/api/node/extensionHostProcess.js:98:105190)
	at c.O (/opt/visual-studio-code/resources/app/out/vs/workbench/api/node/extensionHostProcess.js:108:11692)
	at G.<computed>.Q.charCodeAt.G.<computed> (/opt/visual-studio-code/resources/app/out/vs/workbench/api/node/extensionHostProcess.js:108:8967)
	at m.g (/opt/visual-studio-code/resources/app/out/vs/workbench/api/node/extensionHostProcess.js:98:125211)
	at m.executeCommand (/opt/visual-studio-code/resources/app/out/vs/workbench/api/node/extensionHostProcess.js:98:124587)
	at L.registerCommand.description (/opt/visual-studio-code/resources/app/out/vs/workbench/api/node/extensionHostProcess.js:98:123880)
	at m.h (/opt/visual-studio-code/resources/app/out/vs/workbench/api/node/extensionHostProcess.js:98:125797)
	at m.g (/opt/visual-studio-code/resources/app/out/vs/workbench/api/node/extensionHostProcess.js:98:124687)
	at m.executeCommand (/opt/visual-studio-code/resources/app/out/vs/workbench/api/node/extensionHostProcess.js:98:124587)
	at Object.executeCommand (/opt/visual-studio-code/resources/app/out/vs/workbench/api/node/extensionHostProcess.js:114:23801)
	at tf (/home/jagannathanm/.vscode/extensions/rust-lang.rust-analyzer-0.4.1677-linux-x64/out/main.js:39:70677)
	at Object.W_ (/home/jagannathanm/.vscode/extensions/rust-lang.rust-analyzer-0.4.1677-linux-x64/out/main.js:372:268)
	at E.Y (/opt/visual-studio-code/resources/app/out/vs/workbench/api/node/extensionHostProcess.js:110:10948)
	at /opt/visual-studio-code/resources/app/out/vs/workbench/api/node/extensionHostProcess.js:110:9131
	at Array.map (<anonymous>)
	at E.R (/opt/visual-studio-code/resources/app/out/vs/workbench/api/node/extensionHostProcess.js:110:9118)
	at E.terminate (/opt/visual-studio-code/resources/app/out/vs/workbench/api/node/extensionHostProcess.js:110:9389)
	at d.terminate (/opt/visual-studio-code/resources/app/out/vs/workbench/api/node/extensionHostProcess.js:114:1544)
	at p (/opt/visual-studio-code/resources/app/out/vs/workbench/api/node/extensionHostProcess.js:124:18690)
	at MessagePortMain.<anonymous> (/opt/visual-studio-code/resources/app/out/vs/workbench/api/node/extensionHostProcess.js:124:14829)
	at MessagePortMain.emit (node:events:526:28)
	at MessagePortMain._internalPort.emit (node:electron/js2c/utility_init:5:364) setContext undefined
2023-09-30 20:37:39.386 [error] Canceled: Canceled
	at new l (/opt/visual-studio-code/resources/app/out/vs/workbench/api/node/extensionHostProcess.js:98:105190)
	at c.O (/opt/visual-studio-code/resources/app/out/vs/workbench/api/node/extensionHostProcess.js:108:11692)
	at G.<computed>.Q.charCodeAt.G.<computed> (/opt/visual-studio-code/resources/app/out/vs/workbench/api/node/extensionHostProcess.js:108:8967)
	at m.g (/opt/visual-studio-code/resources/app/out/vs/workbench/api/node/extensionHostProcess.js:98:125211)
	at m.executeCommand (/opt/visual-studio-code/resources/app/out/vs/workbench/api/node/extensionHostProcess.js:98:124587)
	at L.registerCommand.description (/opt/visual-studio-code/resources/app/out/vs/workbench/api/node/extensionHostProcess.js:98:123880)
	at m.h (/opt/visual-studio-code/resources/app/out/vs/workbench/api/node/extensionHostProcess.js:98:125797)
	at m.g (/opt/visual-studio-code/resources/app/out/vs/workbench/api/node/extensionHostProcess.js:98:124687)
	at m.executeCommand (/opt/visual-studio-code/resources/app/out/vs/workbench/api/node/extensionHostProcess.js:98:124587)
	at Object.executeCommand (/opt/visual-studio-code/resources/app/out/vs/workbench/api/node/extensionHostProcess.js:114:23801)
	at tf (/home/jagannathanm/.vscode/extensions/rust-lang.rust-analyzer-0.4.1677-linux-x64/out/main.js:39:70677)
	at Object.W_ (/home/jagannathanm/.vscode/extensions/rust-lang.rust-analyzer-0.4.1677-linux-x64/out/main.js:372:268)
	at E.Y (/opt/visual-studio-code/resources/app/out/vs/workbench/api/node/extensionHostProcess.js:110:10948)
	at /opt/visual-studio-code/resources/app/out/vs/workbench/api/node/extensionHostProcess.js:110:9131
	at Array.map (<anonymous>)
	at E.R (/opt/visual-studio-code/resources/app/out/vs/workbench/api/node/extensionHostProcess.js:110:9118)
	at E.terminate (/opt/visual-studio-code/resources/app/out/vs/workbench/api/node/extensionHostProcess.js:110:9389)
	at d.terminate (/opt/visual-studio-code/resources/app/out/vs/workbench/api/node/extensionHostProcess.js:114:1544)
	at p (/opt/visual-studio-code/resources/app/out/vs/workbench/api/node/extensionHostProcess.js:124:18690)
	at MessagePortMain.<anonymous> (/opt/visual-studio-code/resources/app/out/vs/workbench/api/node/extensionHostProcess.js:124:14829)
	at MessagePortMain.emit (node:events:526:28)
	at MessagePortMain._internalPort.emit (node:electron/js2c/utility_init:5:364)
2023-09-30 20:37:39.387 [info] Extension host with pid 28005 exiting with code 0
