2023-07-13 13:49:47.767 [info] Added views:workbench.panel.markers.view in workbench.panel.markers
2023-07-13 13:49:47.767 [info] Added views:workbench.panel.output in workbench.panel.output
2023-07-13 13:49:47.767 [info] Added views:terminal in terminal
2023-07-13 13:49:47.767 [info] Added views:outline in workbench.view.explorer
2023-07-13 13:49:47.767 [info] Added views:workbench.scm in workbench.view.scm
2023-07-13 13:49:47.767 [info] Added views:workbench.view.search in workbench.view.search
2023-07-13 13:49:47.767 [info] Added views:timeline in workbench.view.explorer
2023-07-13 13:49:47.767 [info] Added views:workbench.explorer.fileView in workbench.view.explorer
2023-07-13 13:49:49.344 [info] Added views:workbench.debug.welcome in workbench.view.debug
2023-07-13 13:49:49.492 [info] Added views:workbench.panel.repl.view in workbench.panel.repl
2023-07-13 13:50:26.952 [info] Added views:workbench.panel.markers.view in workbench.panel.markers
2023-07-13 13:50:26.952 [info] Added views:workbench.panel.output in workbench.panel.output
2023-07-13 13:50:26.952 [info] Added views:terminal in terminal
2023-07-13 13:50:26.952 [info] Added views:outline in workbench.view.explorer
2023-07-13 13:50:26.952 [info] Added views:workbench.scm in workbench.view.scm
2023-07-13 13:50:26.952 [info] Added views:workbench.view.search in workbench.view.search
2023-07-13 13:50:26.952 [info] Added views:timeline in workbench.view.explorer
2023-07-13 13:50:26.952 [info] Added views:workbench.explorer.fileView in workbench.view.explorer
2023-07-13 13:50:27.450 [info] Added views:workbench.debug.welcome in workbench.view.debug
2023-07-13 13:50:28.286 [info] Added views:workbench.panel.repl.view in workbench.panel.repl
2023-07-13 13:50:31.604 [info] Added views:workbench.view.testing in workbench.view.extension.test
