2023-07-10 10:21:34.261 [info] Log level: Info
2023-07-10 10:21:34.261 [info] Validating found git in: "git"
2023-07-10 10:21:34.407 [info] Using git "" from "git"
2023-07-10 10:21:34.464 [info] > git rev-parse --show-toplevel [29ms]
2023-07-10 10:21:34.464 [info] fatal: not a git repository (or any of the parent directories): .git
2023-07-10 10:21:34.486 [info] > git rev-parse --show-toplevel [8ms]
2023-07-10 10:21:34.486 [info] fatal: not a git repository (or any of the parent directories): .git
2023-07-10 10:21:35.346 [info] > git rev-parse --show-toplevel [850ms]
2023-07-10 10:21:35.346 [info] fatal: not a git repository (or any of the parent directories): .git
2023-07-10 10:21:35.370 [info] > git rev-parse --show-toplevel [15ms]
2023-07-10 10:21:35.370 [info] fatal: not a git repository (or any of the parent directories): .git
2023-07-10 10:21:35.387 [info] > git rev-parse --show-toplevel [6ms]
2023-07-10 10:21:35.387 [info] fatal: not a git repository (or any of the parent directories): .git
2023-07-10 10:21:35.398 [info] > git rev-parse --show-toplevel [2ms]
2023-07-10 10:21:35.398 [info] fatal: not a git repository (or any of the parent directories): .git
2023-07-10 10:21:35.408 [info] > git rev-parse --show-toplevel [1ms]
2023-07-10 10:21:35.408 [info] fatal: not a git repository (or any of the parent directories): .git
2023-07-10 10:21:35.425 [info] > git rev-parse --show-toplevel [5ms]
2023-07-10 10:21:35.425 [info] fatal: not a git repository (or any of the parent directories): .git
2023-07-10 10:58:27.884 [info] > git rev-parse --show-toplevel [2ms]
2023-07-10 10:58:27.884 [info] fatal: not a git repository (or any of the parent directories): .git
2023-07-10 10:58:33.559 [info] > git rev-parse --show-toplevel [3ms]
2023-07-10 10:58:33.559 [info] fatal: not a git repository (or any of the parent directories): .git
2023-07-10 11:01:19.909 [info] > git rev-parse --show-toplevel [2ms]
2023-07-10 11:01:19.909 [info] fatal: not a git repository (or any of the parent directories): .git
2023-07-10 11:01:30.079 [info] > git rev-parse --show-toplevel [3ms]
2023-07-10 11:01:30.079 [info] fatal: not a git repository (or any of the parent directories): .git
2023-07-10 11:01:35.686 [info] > git rev-parse --show-toplevel [4ms]
2023-07-10 11:01:35.686 [info] fatal: not a git repository (or any of the parent directories): .git
2023-07-10 11:03:15.811 [info] > git rev-parse --show-toplevel [2ms]
2023-07-10 11:03:15.811 [info] fatal: not a git repository (or any of the parent directories): .git
2023-07-10 11:03:34.619 [info] > git rev-parse --show-toplevel [2ms]
2023-07-10 11:03:34.619 [info] fatal: not a git repository (or any of the parent directories): .git
2023-07-10 11:06:41.153 [info] > git rev-parse --show-toplevel [2ms]
2023-07-10 11:06:41.153 [info] fatal: not a git repository (or any of the parent directories): .git
2023-07-10 11:07:30.707 [info] > git rev-parse --show-toplevel [2ms]
2023-07-10 11:07:30.707 [info] fatal: not a git repository (or any of the parent directories): .git
2023-07-10 11:07:35.912 [info] > git rev-parse --show-toplevel [3ms]
2023-07-10 11:07:35.912 [info] fatal: not a git repository (or any of the parent directories): .git
2023-07-10 11:09:36.977 [info] > git rev-parse --show-toplevel [2ms]
2023-07-10 11:09:36.977 [info] fatal: not a git repository (or any of the parent directories): .git
2023-07-10 11:11:52.991 [info] > git rev-parse --show-toplevel [3ms]
2023-07-10 11:11:52.991 [info] fatal: not a git repository (or any of the parent directories): .git
2023-07-10 11:12:52.913 [info] > git rev-parse --show-toplevel [2ms]
2023-07-10 11:12:52.913 [info] fatal: not a git repository (or any of the parent directories): .git
2023-07-10 11:20:21.999 [info] > git rev-parse --show-toplevel [2ms]
2023-07-10 11:20:21.999 [info] fatal: not a git repository (or any of the parent directories): .git
2023-07-10 11:23:08.859 [info] > git rev-parse --show-toplevel [5ms]
2023-07-10 11:23:08.860 [info] fatal: not a git repository (or any of the parent directories): .git
2023-07-10 11:23:41.705 [info] > git rev-parse --show-toplevel [2ms]
2023-07-10 11:23:41.705 [info] fatal: not a git repository (or any of the parent directories): .git
2023-07-10 11:24:40.316 [info] > git rev-parse --show-toplevel [3ms]
2023-07-10 11:24:40.316 [info] fatal: not a git repository (or any of the parent directories): .git
2023-07-10 11:28:04.974 [info] > git rev-parse --show-toplevel [2ms]
2023-07-10 11:28:04.974 [info] fatal: not a git repository (or any of the parent directories): .git
2023-07-10 11:28:21.057 [info] > git rev-parse --show-toplevel [1ms]
2023-07-10 11:28:21.057 [info] fatal: not a git repository (or any of the parent directories): .git
2023-07-10 11:29:22.771 [info] > git rev-parse --show-toplevel [2ms]
2023-07-10 11:29:22.771 [info] fatal: not a git repository (or any of the parent directories): .git
2023-07-10 11:29:36.202 [info] > git rev-parse --show-toplevel [2ms]
2023-07-10 11:29:36.202 [info] fatal: not a git repository (or any of the parent directories): .git
2023-07-10 11:31:48.531 [info] > git rev-parse --show-toplevel [2ms]
2023-07-10 11:31:48.531 [info] fatal: not a git repository (or any of the parent directories): .git
2023-07-10 11:31:50.144 [info] > git rev-parse --show-toplevel [1ms]
2023-07-10 11:31:50.144 [info] fatal: not a git repository (or any of the parent directories): .git
2023-07-10 11:31:58.425 [info] > git rev-parse --show-toplevel [2ms]
2023-07-10 11:31:58.425 [info] fatal: not a git repository (or any of the parent directories): .git
2023-07-10 11:33:18.861 [info] > git rev-parse --show-toplevel [2ms]
2023-07-10 11:33:18.861 [info] fatal: not a git repository (or any of the parent directories): .git
2023-07-10 11:36:12.906 [info] > git rev-parse --show-toplevel [2ms]
2023-07-10 11:36:12.906 [info] fatal: not a git repository (or any of the parent directories): .git
2023-07-10 11:38:50.530 [info] > git rev-parse --show-toplevel [2ms]
2023-07-10 11:38:50.531 [info] fatal: not a git repository (or any of the parent directories): .git
2023-07-10 11:39:17.456 [info] > git rev-parse --show-toplevel [2ms]
2023-07-10 11:39:17.456 [info] fatal: not a git repository (or any of the parent directories): .git
2023-07-10 11:45:53.260 [info] > git rev-parse --show-toplevel [4ms]
2023-07-10 11:45:53.260 [info] fatal: not a git repository (or any of the parent directories): .git
2023-07-10 11:45:54.236 [info] > git rev-parse --show-toplevel [2ms]
2023-07-10 11:45:54.236 [info] fatal: not a git repository (or any of the parent directories): .git
2023-07-10 11:47:15.353 [info] > git rev-parse --show-toplevel [2ms]
2023-07-10 11:47:15.353 [info] fatal: not a git repository (or any of the parent directories): .git
2023-07-10 11:56:05.850 [info] > git rev-parse --show-toplevel [2ms]
2023-07-10 11:56:05.850 [info] fatal: not a git repository (or any of the parent directories): .git
2023-07-10 11:58:41.705 [info] > git rev-parse --show-toplevel [2ms]
2023-07-10 11:58:41.705 [info] fatal: not a git repository (or any of the parent directories): .git
2023-07-10 11:58:43.192 [info] > git rev-parse --show-toplevel [3ms]
2023-07-10 11:58:43.192 [info] fatal: not a git repository (or any of the parent directories): .git
2023-07-10 11:59:44.769 [info] > git rev-parse --show-toplevel [2ms]
2023-07-10 11:59:44.769 [info] fatal: not a git repository (or any of the parent directories): .git
2023-07-10 12:01:14.236 [info] > git rev-parse --show-toplevel [1ms]
2023-07-10 12:01:14.236 [info] fatal: not a git repository (or any of the parent directories): .git
2023-07-10 12:13:18.487 [info] > git rev-parse --show-toplevel [1ms]
2023-07-10 12:13:18.487 [info] fatal: not a git repository (or any of the parent directories): .git
2023-07-10 13:01:19.925 [info] > git rev-parse --show-toplevel [113ms]
2023-07-10 13:01:19.959 [info] fatal: not a git repository (or any of the parent directories): .git
2023-07-10 14:18:14.581 [info] > git rev-parse --show-toplevel [14ms]
2023-07-10 14:18:14.581 [info] fatal: not a git repository (or any of the parent directories): .git
2023-07-10 14:18:31.956 [info] > git rev-parse --show-toplevel [3ms]
2023-07-10 14:18:31.956 [info] fatal: not a git repository (or any of the parent directories): .git
2023-07-10 14:18:41.514 [info] > git rev-parse --show-toplevel [7ms]
2023-07-10 14:18:41.514 [info] fatal: not a git repository (or any of the parent directories): .git
2023-07-10 14:18:42.376 [info] > git rev-parse --show-toplevel [8ms]
2023-07-10 14:18:42.377 [info] fatal: not a git repository (or any of the parent directories): .git
2023-07-10 14:18:46.476 [info] > git rev-parse --show-toplevel [10ms]
2023-07-10 14:18:46.476 [info] fatal: not a git repository (or any of the parent directories): .git
2023-07-10 14:18:53.341 [info] > git rev-parse --show-toplevel [3ms]
2023-07-10 14:18:53.341 [info] fatal: not a git repository (or any of the parent directories): .git
2023-07-10 14:19:26.572 [info] > git rev-parse --show-toplevel [4ms]
2023-07-10 14:19:26.573 [info] fatal: not a git repository (or any of the parent directories): .git
2023-07-10 14:19:27.972 [info] > git rev-parse --show-toplevel [3ms]
2023-07-10 14:19:27.972 [info] fatal: not a git repository (or any of the parent directories): .git
2023-07-10 14:19:30.415 [info] > git rev-parse --show-toplevel [4ms]
2023-07-10 14:19:30.415 [info] fatal: not a git repository (or any of the parent directories): .git
2023-07-10 14:19:31.234 [info] > git rev-parse --show-toplevel [3ms]
2023-07-10 14:19:31.234 [info] fatal: not a git repository (or any of the parent directories): .git
2023-07-10 15:03:21.576 [info] > git rev-parse --show-toplevel [4ms]
2023-07-10 15:03:21.576 [info] fatal: not a git repository (or any of the parent directories): .git
2023-07-10 15:03:36.735 [info] > git rev-parse --show-toplevel [18ms]
2023-07-10 15:03:36.735 [info] fatal: not a git repository (or any of the parent directories): .git
2023-07-10 15:03:51.253 [info] > git rev-parse --show-toplevel [4ms]
2023-07-10 15:03:51.253 [info] fatal: not a git repository (or any of the parent directories): .git
2023-07-10 15:03:55.104 [info] > git rev-parse --show-toplevel [4ms]
2023-07-10 15:03:55.104 [info] fatal: not a git repository (or any of the parent directories): .git
2023-07-10 15:04:03.186 [info] > git rev-parse --show-toplevel [9ms]
2023-07-10 15:04:03.186 [info] fatal: not a git repository (or any of the parent directories): .git
2023-07-10 15:04:09.066 [info] > git rev-parse --show-toplevel [2ms]
2023-07-10 15:04:09.066 [info] fatal: not a git repository (or any of the parent directories): .git
2023-07-10 15:04:27.987 [info] > git rev-parse --show-toplevel [3ms]
2023-07-10 15:04:27.987 [info] fatal: not a git repository (or any of the parent directories): .git
2023-07-10 15:04:31.172 [info] > git rev-parse --show-toplevel [3ms]
2023-07-10 15:04:31.172 [info] fatal: not a git repository (or any of the parent directories): .git
2023-07-10 15:04:32.849 [info] > git rev-parse --show-toplevel [2ms]
2023-07-10 15:04:32.849 [info] fatal: not a git repository (or any of the parent directories): .git
2023-07-10 15:04:45.135 [info] > git rev-parse --show-toplevel [3ms]
2023-07-10 15:04:45.136 [info] fatal: not a git repository (or any of the parent directories): .git
2023-07-10 15:04:48.316 [info] > git rev-parse --show-toplevel [7ms]
2023-07-10 15:04:48.316 [info] fatal: not a git repository (or any of the parent directories): .git
2023-07-10 15:04:49.232 [info] > git rev-parse --show-toplevel [4ms]
2023-07-10 15:04:49.233 [info] fatal: not a git repository (or any of the parent directories): .git
2023-07-10 15:05:33.020 [info] > git rev-parse --show-toplevel [4ms]
2023-07-10 15:05:33.020 [info] fatal: not a git repository (or any of the parent directories): .git
2023-07-10 15:17:55.635 [info] > git rev-parse --show-toplevel [8ms]
2023-07-10 15:17:55.636 [info] fatal: not a git repository (or any of the parent directories): .git
2023-07-10 15:17:57.141 [info] > git rev-parse --show-toplevel [3ms]
2023-07-10 15:17:57.141 [info] fatal: not a git repository (or any of the parent directories): .git
2023-07-10 15:18:07.426 [info] > git rev-parse --show-toplevel [5ms]
2023-07-10 15:18:07.426 [info] fatal: not a git repository (or any of the parent directories): .git
2023-07-10 15:18:26.837 [info] > git rev-parse --show-toplevel [4ms]
2023-07-10 15:18:26.837 [info] fatal: not a git repository (or any of the parent directories): .git
2023-07-10 15:18:33.643 [info] > git rev-parse --show-toplevel [3ms]
2023-07-10 15:18:33.643 [info] fatal: not a git repository (or any of the parent directories): .git
2023-07-10 15:18:38.225 [info] > git rev-parse --show-toplevel [3ms]
2023-07-10 15:18:38.225 [info] fatal: not a git repository (or any of the parent directories): .git
2023-07-10 15:19:13.441 [info] > git rev-parse --show-toplevel [3ms]
2023-07-10 15:19:13.441 [info] fatal: not a git repository (or any of the parent directories): .git
2023-07-10 15:19:19.527 [info] > git rev-parse --show-toplevel [2ms]
2023-07-10 15:19:19.527 [info] fatal: not a git repository (or any of the parent directories): .git
2023-07-10 15:26:15.579 [info] > git rev-parse --show-toplevel [2ms]
2023-07-10 15:26:15.579 [info] fatal: not a git repository (or any of the parent directories): .git
2023-07-10 15:26:28.484 [info] > git rev-parse --show-toplevel [4ms]
2023-07-10 15:26:28.484 [info] fatal: not a git repository (or any of the parent directories): .git
2023-07-10 15:35:35.301 [info] > git rev-parse --show-toplevel [5ms]
2023-07-10 15:35:35.301 [info] fatal: not a git repository (or any of the parent directories): .git
2023-07-10 15:35:40.651 [info] > git rev-parse --show-toplevel [4ms]
2023-07-10 15:35:40.651 [info] fatal: not a git repository (or any of the parent directories): .git
2023-07-10 15:35:55.086 [info] > git rev-parse --show-toplevel [3ms]
2023-07-10 15:35:55.086 [info] fatal: not a git repository (or any of the parent directories): .git
