2023-07-09 13:45:57.195 [info] Log level: Info
2023-07-09 13:45:57.195 [info] Validating found git in: "git"
2023-07-09 13:45:57.195 [info] Using git "2.41.0" from "git"
2023-07-09 13:45:57.195 [info] > git rev-parse --show-toplevel [219ms]
2023-07-09 13:45:57.195 [info] fatal: not a git repository (or any of the parent directories): .git
2023-07-09 13:45:57.195 [info] > git rev-parse --show-toplevel [158ms]
2023-07-09 13:45:57.195 [info] fatal: not a git repository (or any of the parent directories): .git
2023-07-09 13:45:57.195 [info] > git rev-parse --show-toplevel [1924ms]
2023-07-09 13:45:57.195 [info] fatal: not a git repository (or any of the parent directories): .git
2023-07-09 13:45:57.218 [info] > git rev-parse --show-toplevel [245ms]
2023-07-09 13:45:57.218 [info] fatal: not a git repository (or any of the parent directories): .git
2023-07-09 13:45:57.647 [info] > git rev-parse --show-toplevel [394ms]
2023-07-09 13:45:57.648 [info] fatal: not a git repository (or any of the parent directories): .git
2023-07-09 13:45:57.712 [info] > git rev-parse --show-toplevel [38ms]
2023-07-09 13:45:57.712 [info] fatal: not a git repository (or any of the parent directories): .git
2023-07-09 13:45:57.763 [info] > git rev-parse --show-toplevel [27ms]
2023-07-09 13:45:57.763 [info] fatal: not a git repository (or any of the parent directories): .git
2023-07-09 13:45:57.851 [info] > git rev-parse --show-toplevel [46ms]
2023-07-09 13:45:57.851 [info] fatal: not a git repository (or any of the parent directories): .git
2023-07-09 13:45:58.025 [info] > git rev-parse --show-toplevel [137ms]
2023-07-09 13:45:58.025 [info] fatal: not a git repository (or any of the parent directories): .git
2023-07-09 13:45:58.080 [info] > git rev-parse --show-toplevel [31ms]
2023-07-09 13:45:58.080 [info] fatal: not a git repository (or any of the parent directories): .git
2023-07-09 14:22:11.411 [info] > git rev-parse --show-toplevel [4ms]
2023-07-09 14:22:11.411 [info] fatal: not a git repository (or any of the parent directories): .git
2023-07-09 14:22:24.243 [info] > git rev-parse --show-toplevel [4ms]
2023-07-09 14:22:24.243 [info] fatal: not a git repository (or any of the parent directories): .git
2023-07-09 14:40:48.167 [info] > git rev-parse --show-toplevel [5ms]
2023-07-09 14:40:48.167 [info] fatal: not a git repository (or any of the parent directories): .git
2023-07-09 14:41:34.949 [info] > git rev-parse --show-toplevel [11ms]
2023-07-09 14:41:34.949 [info] fatal: not a git repository (or any of the parent directories): .git
2023-07-09 14:52:11.755 [info] > git rev-parse --show-toplevel [106ms]
2023-07-09 14:52:12.018 [info] fatal: not a git repository (or any of the parent directories): .git
2023-07-09 14:52:29.681 [info] > git rev-parse --show-toplevel [14ms]
2023-07-09 14:52:29.681 [info] fatal: not a git repository (or any of the parent directories): .git
2023-07-09 14:53:36.025 [info] > git rev-parse --show-toplevel [9ms]
2023-07-09 14:53:36.025 [info] fatal: not a git repository (or any of the parent directories): .git
2023-07-09 14:55:04.845 [info] > git rev-parse --show-toplevel [3ms]
2023-07-09 14:55:04.845 [info] fatal: not a git repository (or any of the parent directories): .git
2023-07-09 15:15:44.700 [info] > git rev-parse --show-toplevel [70ms]
2023-07-09 15:15:44.711 [info] fatal: not a git repository (or any of the parent directories): .git
2023-07-09 15:15:45.521 [info] > git rev-parse --show-toplevel [2ms]
2023-07-09 15:15:45.521 [info] fatal: not a git repository (or any of the parent directories): .git
2023-07-09 15:22:21.342 [info] > git rev-parse --show-toplevel [1ms]
2023-07-09 15:22:21.342 [info] fatal: not a git repository (or any of the parent directories): .git
2023-07-09 15:24:44.608 [info] > git rev-parse --show-toplevel [1ms]
2023-07-09 15:24:44.608 [info] fatal: not a git repository (or any of the parent directories): .git
2023-07-09 15:24:54.308 [info] > git rev-parse --show-toplevel [1ms]
2023-07-09 15:24:54.309 [info] fatal: not a git repository (or any of the parent directories): .git
2023-07-09 15:28:56.593 [info] > git rev-parse --show-toplevel [1ms]
2023-07-09 15:28:56.593 [info] fatal: not a git repository (or any of the parent directories): .git
2023-07-09 15:29:07.085 [info] > git rev-parse --show-toplevel [1ms]
2023-07-09 15:29:07.085 [info] fatal: not a git repository (or any of the parent directories): .git
2023-07-09 15:30:47.247 [info] > git rev-parse --show-toplevel [1ms]
2023-07-09 15:30:47.247 [info] fatal: not a git repository (or any of the parent directories): .git
2023-07-09 15:30:58.624 [info] > git rev-parse --show-toplevel [1ms]
2023-07-09 15:30:58.625 [info] fatal: not a git repository (or any of the parent directories): .git
2023-07-09 15:33:06.173 [info] > git rev-parse --show-toplevel [1ms]
2023-07-09 15:33:06.173 [info] fatal: not a git repository (or any of the parent directories): .git
2023-07-09 15:33:45.446 [info] > git rev-parse --show-toplevel [2ms]
2023-07-09 15:33:45.446 [info] fatal: not a git repository (or any of the parent directories): .git
2023-07-09 15:55:59.833 [info] > git rev-parse --show-toplevel [1ms]
2023-07-09 15:55:59.833 [info] fatal: not a git repository (or any of the parent directories): .git
2023-07-09 15:56:13.904 [info] > git rev-parse --show-toplevel [2ms]
2023-07-09 15:56:13.904 [info] fatal: not a git repository (or any of the parent directories): .git
2023-07-09 15:58:31.893 [info] > git rev-parse --show-toplevel [28ms]
2023-07-09 15:58:31.893 [info] fatal: not a git repository (or any of the parent directories): .git
2023-07-09 15:58:45.739 [info] > git rev-parse --show-toplevel [1ms]
2023-07-09 15:58:45.739 [info] fatal: not a git repository (or any of the parent directories): .git
2023-07-09 16:03:27.506 [info] > git rev-parse --show-toplevel [2ms]
2023-07-09 16:03:27.506 [info] fatal: not a git repository (or any of the parent directories): .git
2023-07-09 16:04:12.475 [info] > git rev-parse --show-toplevel [3ms]
2023-07-09 16:04:12.475 [info] fatal: not a git repository (or any of the parent directories): .git
2023-07-09 16:05:34.625 [info] > git rev-parse --show-toplevel [2ms]
2023-07-09 16:05:34.625 [info] fatal: not a git repository (or any of the parent directories): .git
2023-07-09 16:05:36.688 [info] > git rev-parse --show-toplevel [3ms]
2023-07-09 16:05:36.688 [info] fatal: not a git repository (or any of the parent directories): .git
2023-07-09 16:05:54.473 [info] > git rev-parse --show-toplevel [3ms]
2023-07-09 16:05:54.473 [info] fatal: not a git repository (or any of the parent directories): .git
2023-07-09 16:07:39.944 [info] > git rev-parse --show-toplevel [2ms]
2023-07-09 16:07:39.944 [info] fatal: not a git repository (or any of the parent directories): .git
2023-07-09 16:16:03.722 [info] > git rev-parse --show-toplevel [2ms]
2023-07-09 16:16:03.722 [info] fatal: not a git repository (or any of the parent directories): .git
2023-07-09 16:16:56.085 [info] > git rev-parse --show-toplevel [2ms]
2023-07-09 16:16:56.085 [info] fatal: not a git repository (or any of the parent directories): .git
2023-07-09 16:17:06.181 [info] > git rev-parse --show-toplevel [3ms]
2023-07-09 16:17:06.181 [info] fatal: not a git repository (or any of the parent directories): .git
2023-07-09 16:24:55.560 [info] > git rev-parse --show-toplevel [2ms]
2023-07-09 16:24:55.560 [info] fatal: not a git repository (or any of the parent directories): .git
2023-07-09 17:36:38.838 [info] > git rev-parse --show-toplevel [3ms]
2023-07-09 17:36:38.838 [info] fatal: not a git repository (or any of the parent directories): .git
2023-07-09 17:37:25.284 [info] > git rev-parse --show-toplevel [1ms]
2023-07-09 17:37:25.284 [info] fatal: not a git repository (or any of the parent directories): .git
2023-07-09 17:38:30.292 [info] > git rev-parse --show-toplevel [2ms]
2023-07-09 17:38:30.292 [info] fatal: not a git repository (or any of the parent directories): .git
2023-07-09 17:39:40.129 [info] > git rev-parse --show-toplevel [3ms]
2023-07-09 17:39:40.129 [info] fatal: not a git repository (or any of the parent directories): .git
2023-07-09 17:41:26.045 [info] > git rev-parse --show-toplevel [2ms]
2023-07-09 17:41:26.045 [info] fatal: not a git repository (or any of the parent directories): .git
2023-07-09 17:41:32.143 [info] > git rev-parse --show-toplevel [2ms]
2023-07-09 17:41:32.143 [info] fatal: not a git repository (or any of the parent directories): .git
2023-07-09 17:41:57.095 [info] > git rev-parse --show-toplevel [3ms]
2023-07-09 17:41:57.095 [info] fatal: not a git repository (or any of the parent directories): .git
2023-07-09 17:42:07.588 [info] > git rev-parse --show-toplevel [1ms]
2023-07-09 17:42:07.588 [info] fatal: not a git repository (or any of the parent directories): .git
2023-07-09 17:43:29.990 [info] > git rev-parse --show-toplevel [2ms]
2023-07-09 17:43:29.990 [info] fatal: not a git repository (or any of the parent directories): .git
2023-07-09 17:48:57.518 [info] > git rev-parse --show-toplevel [3ms]
2023-07-09 17:48:57.518 [info] fatal: not a git repository (or any of the parent directories): .git
2023-07-09 17:49:07.383 [info] > git rev-parse --show-toplevel [2ms]
2023-07-09 17:49:07.383 [info] fatal: not a git repository (or any of the parent directories): .git
2023-07-09 17:49:28.174 [info] > git rev-parse --show-toplevel [1ms]
2023-07-09 17:49:28.174 [info] fatal: not a git repository (or any of the parent directories): .git
2023-07-09 17:49:54.218 [info] > git rev-parse --show-toplevel [3ms]
2023-07-09 17:49:54.218 [info] fatal: not a git repository (or any of the parent directories): .git
2023-07-09 17:50:17.656 [info] > git rev-parse --show-toplevel [5ms]
2023-07-09 17:50:17.656 [info] fatal: not a git repository (or any of the parent directories): .git
2023-07-09 17:50:51.376 [info] > git rev-parse --show-toplevel [2ms]
2023-07-09 17:50:51.376 [info] fatal: not a git repository (or any of the parent directories): .git
2023-07-09 17:51:08.495 [info] > git rev-parse --show-toplevel [2ms]
2023-07-09 17:51:08.495 [info] fatal: not a git repository (or any of the parent directories): .git
2023-07-09 17:52:04.256 [info] > git rev-parse --show-toplevel [2ms]
2023-07-09 17:52:04.256 [info] fatal: not a git repository (or any of the parent directories): .git
2023-07-09 17:52:26.205 [info] > git rev-parse --show-toplevel [4ms]
2023-07-09 17:52:26.205 [info] fatal: not a git repository (or any of the parent directories): .git
2023-07-09 17:54:18.719 [info] > git rev-parse --show-toplevel [4ms]
2023-07-09 17:54:18.719 [info] fatal: not a git repository (or any of the parent directories): .git
2023-07-09 17:55:07.812 [info] > git rev-parse --show-toplevel [2ms]
2023-07-09 17:55:07.812 [info] fatal: not a git repository (or any of the parent directories): .git
2023-07-09 17:55:30.790 [info] > git rev-parse --show-toplevel [2ms]
2023-07-09 17:55:30.790 [info] fatal: not a git repository (or any of the parent directories): .git
2023-07-09 17:58:11.452 [info] > git rev-parse --show-toplevel [2ms]
2023-07-09 17:58:11.452 [info] fatal: not a git repository (or any of the parent directories): .git
2023-07-09 18:02:18.534 [info] > git rev-parse --show-toplevel [3ms]
2023-07-09 18:02:18.534 [info] fatal: not a git repository (or any of the parent directories): .git
2023-07-09 18:02:26.988 [info] > git rev-parse --show-toplevel [2ms]
2023-07-09 18:02:26.988 [info] fatal: not a git repository (or any of the parent directories): .git
2023-07-09 18:03:14.913 [info] > git rev-parse --show-toplevel [3ms]
2023-07-09 18:03:14.913 [info] fatal: not a git repository (or any of the parent directories): .git
2023-07-09 18:03:36.525 [info] > git rev-parse --show-toplevel [2ms]
2023-07-09 18:03:36.525 [info] fatal: not a git repository (or any of the parent directories): .git
2023-07-09 18:03:47.502 [info] > git rev-parse --show-toplevel [3ms]
2023-07-09 18:03:47.502 [info] fatal: not a git repository (or any of the parent directories): .git
2023-07-09 18:04:05.703 [info] > git rev-parse --show-toplevel [3ms]
2023-07-09 18:04:05.703 [info] fatal: not a git repository (or any of the parent directories): .git
2023-07-09 18:04:19.042 [info] > git rev-parse --show-toplevel [1ms]
2023-07-09 18:04:19.042 [info] fatal: not a git repository (or any of the parent directories): .git
2023-07-09 18:05:20.620 [info] > git rev-parse --show-toplevel [3ms]
2023-07-09 18:05:20.620 [info] fatal: not a git repository (or any of the parent directories): .git
2023-07-09 18:05:53.020 [info] > git rev-parse --show-toplevel [2ms]
2023-07-09 18:05:53.020 [info] fatal: not a git repository (or any of the parent directories): .git
2023-07-09 18:07:35.585 [info] > git rev-parse --show-toplevel [3ms]
2023-07-09 18:07:35.585 [info] fatal: not a git repository (or any of the parent directories): .git
2023-07-09 18:07:40.763 [info] > git rev-parse --show-toplevel [2ms]
2023-07-09 18:07:40.764 [info] fatal: not a git repository (or any of the parent directories): .git
2023-07-09 18:08:27.841 [info] > git rev-parse --show-toplevel [2ms]
2023-07-09 18:08:27.841 [info] fatal: not a git repository (or any of the parent directories): .git
2023-07-09 18:08:30.736 [info] > git rev-parse --show-toplevel [2ms]
2023-07-09 18:08:30.737 [info] fatal: not a git repository (or any of the parent directories): .git
2023-07-09 18:08:50.890 [info] > git rev-parse --show-toplevel [2ms]
2023-07-09 18:08:50.890 [info] fatal: not a git repository (or any of the parent directories): .git
2023-07-09 18:09:03.179 [info] > git rev-parse --show-toplevel [2ms]
2023-07-09 18:09:03.179 [info] fatal: not a git repository (or any of the parent directories): .git
2023-07-09 18:10:32.545 [info] > git rev-parse --show-toplevel [1ms]
2023-07-09 18:10:32.545 [info] fatal: not a git repository (or any of the parent directories): .git
2023-07-09 18:10:39.378 [info] > git rev-parse --show-toplevel [2ms]
2023-07-09 18:10:39.378 [info] fatal: not a git repository (or any of the parent directories): .git
2023-07-09 18:10:44.856 [info] > git rev-parse --show-toplevel [3ms]
2023-07-09 18:10:44.856 [info] fatal: not a git repository (or any of the parent directories): .git
2023-07-09 18:32:23.363 [info] > git rev-parse --show-toplevel [3ms]
2023-07-09 18:32:23.364 [info] fatal: not a git repository (or any of the parent directories): .git
2023-07-09 18:33:18.011 [info] > git rev-parse --show-toplevel [3ms]
2023-07-09 18:33:18.011 [info] fatal: not a git repository (or any of the parent directories): .git
2023-07-09 18:33:18.936 [info] > git rev-parse --show-toplevel [4ms]
2023-07-09 18:33:18.936 [info] fatal: not a git repository (or any of the parent directories): .git
2023-07-09 18:33:37.931 [info] > git rev-parse --show-toplevel [3ms]
2023-07-09 18:33:37.931 [info] fatal: not a git repository (or any of the parent directories): .git
2023-07-09 18:33:53.593 [info] > git rev-parse --show-toplevel [4ms]
2023-07-09 18:33:53.593 [info] fatal: not a git repository (or any of the parent directories): .git
2023-07-09 18:33:59.183 [info] > git rev-parse --show-toplevel [2ms]
2023-07-09 18:33:59.184 [info] fatal: not a git repository (or any of the parent directories): .git
2023-07-09 18:34:41.057 [info] > git rev-parse --show-toplevel [3ms]
2023-07-09 18:34:41.057 [info] fatal: not a git repository (or any of the parent directories): .git
2023-07-09 18:35:02.200 [info] > git rev-parse --show-toplevel [2ms]
2023-07-09 18:35:02.200 [info] fatal: not a git repository (or any of the parent directories): .git
2023-07-09 18:35:10.008 [info] > git rev-parse --show-toplevel [2ms]
2023-07-09 18:35:10.008 [info] fatal: not a git repository (or any of the parent directories): .git
2023-07-09 18:35:23.748 [info] > git rev-parse --show-toplevel [2ms]
2023-07-09 18:35:23.748 [info] fatal: not a git repository (or any of the parent directories): .git
2023-07-09 18:40:08.438 [info] > git rev-parse --show-toplevel [2ms]
2023-07-09 18:40:08.438 [info] fatal: not a git repository (or any of the parent directories): .git
2023-07-09 18:40:34.060 [info] > git rev-parse --show-toplevel [1ms]
2023-07-09 18:40:34.060 [info] fatal: not a git repository (or any of the parent directories): .git
2023-07-09 18:41:00.257 [info] > git rev-parse --show-toplevel [2ms]
2023-07-09 18:41:00.257 [info] fatal: not a git repository (or any of the parent directories): .git
2023-07-09 21:13:56.365 [info] > git rev-parse --show-toplevel [1437ms]
2023-07-09 21:13:56.381 [info] fatal: not a git repository (or any of the parent directories): .git
2023-07-09 21:13:56.414 [info] > git rev-parse --show-toplevel [10ms]
2023-07-09 21:13:56.414 [info] fatal: not a git repository (or any of the parent directories): .git
2023-07-09 21:17:06.915 [info] > git rev-parse --show-toplevel [3ms]
2023-07-09 21:17:06.915 [info] fatal: not a git repository (or any of the parent directories): .git
2023-07-09 21:19:33.279 [info] > git rev-parse --show-toplevel [3ms]
2023-07-09 21:19:33.279 [info] fatal: not a git repository (or any of the parent directories): .git
2023-07-09 21:19:34.627 [info] > git rev-parse --show-toplevel [2ms]
2023-07-09 21:19:34.627 [info] fatal: not a git repository (or any of the parent directories): .git
2023-07-09 21:21:08.936 [info] > git rev-parse --show-toplevel [4ms]
2023-07-09 21:21:08.936 [info] fatal: not a git repository (or any of the parent directories): .git
2023-07-09 21:47:01.535 [info] > git rev-parse --show-toplevel [2ms]
2023-07-09 21:47:01.535 [info] fatal: not a git repository (or any of the parent directories): .git
2023-07-09 21:47:15.267 [info] > git rev-parse --show-toplevel [2ms]
2023-07-09 21:47:15.268 [info] fatal: not a git repository (or any of the parent directories): .git
2023-07-09 21:48:52.994 [info] > git rev-parse --show-toplevel [5ms]
2023-07-09 21:48:52.996 [info] fatal: not a git repository (or any of the parent directories): .git
2023-07-09 21:49:10.631 [info] > git rev-parse --show-toplevel [8ms]
2023-07-09 21:49:10.631 [info] fatal: not a git repository (or any of the parent directories): .git
2023-07-09 21:49:33.046 [info] > git rev-parse --show-toplevel [7ms]
2023-07-09 21:49:33.046 [info] fatal: not a git repository (or any of the parent directories): .git
2023-07-09 21:49:40.982 [info] > git rev-parse --show-toplevel [8ms]
2023-07-09 21:49:40.982 [info] fatal: not a git repository (or any of the parent directories): .git
2023-07-09 21:50:10.105 [info] > git rev-parse --show-toplevel [8ms]
2023-07-09 21:50:10.105 [info] fatal: not a git repository (or any of the parent directories): .git
2023-07-09 21:50:16.581 [info] > git rev-parse --show-toplevel [10ms]
2023-07-09 21:50:16.581 [info] fatal: not a git repository (or any of the parent directories): .git
2023-07-09 21:50:32.252 [info] > git rev-parse --show-toplevel [6ms]
2023-07-09 21:50:32.252 [info] fatal: not a git repository (or any of the parent directories): .git
2023-07-09 21:50:41.794 [info] > git rev-parse --show-toplevel [10ms]
2023-07-09 21:50:41.794 [info] fatal: not a git repository (or any of the parent directories): .git
2023-07-09 21:54:34.566 [info] > git rev-parse --show-toplevel [4ms]
2023-07-09 21:54:34.566 [info] fatal: not a git repository (or any of the parent directories): .git
2023-07-09 21:54:48.066 [info] > git rev-parse --show-toplevel [2ms]
2023-07-09 21:54:48.067 [info] fatal: not a git repository (or any of the parent directories): .git
2023-07-09 21:54:53.807 [info] > git rev-parse --show-toplevel [5ms]
2023-07-09 21:54:53.807 [info] fatal: not a git repository (or any of the parent directories): .git
2023-07-09 21:55:01.224 [info] > git rev-parse --show-toplevel [8ms]
2023-07-09 21:55:01.224 [info] fatal: not a git repository (or any of the parent directories): .git
2023-07-09 22:13:48.141 [info] > git rev-parse --show-toplevel [2ms]
2023-07-09 22:13:48.141 [info] fatal: not a git repository (or any of the parent directories): .git
2023-07-09 22:13:48.719 [info] > git rev-parse --show-toplevel [4ms]
2023-07-09 22:13:48.719 [info] fatal: not a git repository (or any of the parent directories): .git
