[Info  - 1:50:34 PM] (59026) Pylance language server 2023.5.30 (pyright e1b6074b) starting
[Info  - 1:50:34 PM] (59026) Server root directory: /home/jagannathanm/.vscode/extensions/ms-python.vscode-pylance-2023.5.30/dist
[Info  - 1:50:34 PM] (59026) Starting service instance "Documents"
[Info  - 1:50:34 PM] (59026) Setting pythonPath for service "Documents": "/bin/python"
[Warn  - 1:50:34 PM] (59026) stubPath /home/jagannathanm/Documents/typings is not a valid directory.
[Info  - 1:50:34 PM] (59026) Assuming Python version 3.11
[Info  - 1:50:34 PM] (59026) Found 5 source files
[Info  - 1:50:35 PM] (59026) Background analysis(1) root directory: /home/jagannathanm/.vscode/extensions/ms-python.vscode-pylance-2023.5.30/dist
[Info  - 1:50:35 PM] (59026) Background analysis(1) started
[Info  - 1:50:35 PM] (59026) Indexer background runner(2) root directory: /home/jagannathanm/.vscode/extensions/ms-python.vscode-pylance-2023.5.30/dist (index)
[Info  - 1:50:35 PM] (59026) Indexing(2) started
[Info  - 1:50:38 PM] (59026) [BG(1)] Long operation: getSemanticTokens full at /home/jagannathanm/Documents/task3/echo-serverdocker.py (2983ms)
[Info  - 1:50:39 PM] (59026) [IDX(2)] Long operation: scan packages /home/jagannathanm/Documents (3306ms)
[Info  - 1:50:39 PM] (59026) scanned(2) 104 files over 1 exec env
[Info  - 1:50:42 PM] (59026) [IDX(2)] Long operation: index execution environment /home/jagannathanm/Documents (3319ms)
[Info  - 1:50:42 PM] (59026) [IDX(2)] Long operation: index packages /home/jagannathanm/Documents (3398ms)
[Info  - 1:50:42 PM] (59026) indexed(2) 66 files over 1 exec env
[Info  - 1:50:42 PM] (59026) Indexing finished(2).
[Info  - 3:02:17 PM] (59026) Found 4 source files
[Info  - 3:02:42 PM] (59026) Found 3 source files
