2023-10-04 01:07:33.629 [info] [SharedProcess] using utility process
2023-10-04 01:07:35.448 [info] update#setState idle
2023-10-04 01:07:42.380 [info] [UtilityProcess id: 1, type: extensionHost, pid: <none>]: creating new...
2023-10-04 01:07:42.395 [info] [UtilityProcess id: 1, type: extensionHost, pid: 335500]: successfully created
2023-10-04 01:07:42.453 [info] [UtilityProcess type: shared-process, pid: <none>]: creating new...
2023-10-04 01:07:42.460 [info] [UtilityProcess id: 1, type: fileWatcher, pid: <none>]: creating new...
2023-10-04 01:07:42.468 [info] [UtilityProcess type: shared-process, pid: 335501]: successfully created
2023-10-04 01:07:42.468 [info] [UtilityProcess id: 1, type: fileWatcher, pid: 335502]: successfully created
2023-10-04 01:08:05.450 [info] update#setState checking for updates
2023-10-04 01:08:06.053 [info] update#setState available for download
2023-10-04 01:08:36.745 [info] [UtilityProcess id: 1, type: fileWatcher, pid: 335502]: attempting to kill the process...
2023-10-04 01:08:36.845 [info] [UtilityProcess id: 1, type: fileWatcher, pid: 335502]: successfully killed the process
2023-10-04 01:08:36.882 [info] [UtilityProcess id: 1, type: extensionHost, pid: 335500]: received exit event with code 0
2023-10-04 01:08:36.882 [info] Extension host with pid 335500 exited with code: 0, signal: unknown.
2023-10-04 01:08:38.592 [info] [UtilityProcess id: 1, type: fileWatcher, pid: 335502]: received exit event with code 0
2023-10-04 01:08:46.725 [info] [UtilityProcess id: 1, type: fileWatcher, pid: <none>]: creating new...
2023-10-04 01:08:47.116 [info] [UtilityProcess id: 1, type: fileWatcher, pid: 336254]: successfully created
2023-10-04 01:08:47.253 [info] [UtilityProcess id: 2, type: extensionHost, pid: <none>]: creating new...
2023-10-04 01:08:47.265 [info] [UtilityProcess id: 2, type: extensionHost, pid: 336260]: successfully created
2023-10-04 01:09:07.574 [info] [UtilityProcess id: 1, type: fileWatcher, pid: 336254]: attempting to kill the process...
2023-10-04 01:09:07.929 [info] [UtilityProcess id: 1, type: fileWatcher, pid: 336254]: successfully killed the process
2023-10-04 01:09:07.934 [info] [UtilityProcess id: 2, type: extensionHost, pid: 336260]: received exit event with code 0
2023-10-04 01:09:07.934 [info] Extension host with pid 336260 exited with code: 0, signal: unknown.
2023-10-04 01:09:07.945 [info] [UtilityProcess id: 1, type: fileWatcher, pid: 336254]: received exit event with code 0
2023-10-04 01:09:13.613 [info] [UtilityProcess id: 1, type: fileWatcher, pid: <none>]: creating new...
2023-10-04 01:09:13.627 [info] [UtilityProcess id: 1, type: fileWatcher, pid: 336549]: successfully created
2023-10-04 01:09:13.713 [info] [UtilityProcess id: 3, type: extensionHost, pid: <none>]: creating new...
2023-10-04 01:09:13.728 [info] [UtilityProcess id: 3, type: extensionHost, pid: 336553]: successfully created
2023-10-04 01:09:20.245 [info] [UtilityProcess id: 1, type: fileWatcher, pid: 336549]: attempting to kill the process...
2023-10-04 01:09:20.246 [info] [UtilityProcess id: 1, type: fileWatcher, pid: 336549]: successfully killed the process
2023-10-04 01:09:21.060 [info] [UtilityProcess id: 1, type: fileWatcher, pid: 336549]: received exit event with code 0
2023-10-04 01:09:21.928 [info] [UtilityProcess id: 3, type: extensionHost, pid: 336553]: received exit event with code 0
2023-10-04 01:09:21.929 [info] Extension host with pid 336553 exited with code: 0, signal: unknown.
2023-10-04 01:09:33.583 [info] [UtilityProcess id: 4, type: extensionHost, pid: <none>]: creating new...
2023-10-04 01:09:33.594 [info] [UtilityProcess id: 4, type: extensionHost, pid: 336742]: successfully created
2023-10-04 01:09:34.113 [info] [UtilityProcess id: 1, type: fileWatcher, pid: <none>]: creating new...
2023-10-04 01:09:34.126 [info] [UtilityProcess id: 1, type: fileWatcher, pid: 336743]: successfully created
2023-10-04 01:12:26.972 [info] [UtilityProcess id: 4, type: extensionHost, pid: 336742]: waiting to exit...
2023-10-04 01:12:27.028 [info] [UtilityProcess id: 1, type: fileWatcher, pid: 336743]: attempting to kill the process...
2023-10-04 01:12:27.028 [info] [UtilityProcess id: 1, type: fileWatcher, pid: 336743]: successfully killed the process
2023-10-04 01:12:27.538 [info] [UtilityProcess id: 4, type: extensionHost, pid: 336742]: received exit event with code 0
2023-10-04 01:12:27.538 [info] Extension host with pid 336742 exited with code: 0, signal: unknown.
2023-10-04 01:12:27.541 [info] [UtilityProcess id: 1, type: fileWatcher, pid: 336743]: received exit event with code 0
2023-10-04 01:12:29.488 [warning] [storage main] detected slow close() operation: Time: 2514ms, DB size: 86016b, Large Keys: memento/workbench.editors.files.textFileEditor:35846, history.entries:12015, codelens/cache2:2209, workbench.view.extensions.state:1951, __$__targetStorageMarker:1629
2023-10-04 01:12:29.825 [warning] [storage main] detected slow close() operation: Time: 2852ms, DB size: 200704b, Large Keys: iconThemeData:90038, history.recentlyOpenedPathsList:10287, colorThemeData:9922, ms-python.python:5897, memento/experiment.service.memento:3913
