2023-10-05 20:59:00.342 [info] Log level: Info
2023-10-05 20:59:00.342 [info] Validating found git in: "git"
2023-10-05 20:59:00.373 [info] Using git "2.42.0" from "git"
2023-10-05 20:59:01.992 [info] > git rev-parse --show-toplevel [1604ms]
2023-10-05 20:59:02.622 [info] > git rev-parse --git-dir --git-common-dir [597ms]
2023-10-05 20:59:02.639 [info] Open repository: /home/jagannathanm/programs/Rust/fart
2023-10-05 20:59:02.697 [info] > git rev-parse --show-toplevel [43ms]
2023-10-05 20:59:02.739 [info] > git rev-parse --show-toplevel [27ms]
2023-10-05 20:59:02.742 [info] > git config --get commit.template [48ms]
2023-10-05 20:59:02.768 [info] No remotes found in the git config file.
2023-10-05 20:59:03.023 [info] > git for-each-ref --format=%(refname)%00%(upstream:short)%00%(objectname)%00%(upstream:track)%00%(upstream:remotename)%00%(upstream:remoteref) refs/heads/master refs/remotes/master [255ms]
2023-10-05 20:59:03.102 [info] > git ls-files --stage -- /home/jagannathanm/programs/Rust/fart/src/lib.rs [83ms]
2023-10-05 20:59:03.353 [info] > git show --textconv :src/lib.rs [348ms]
2023-10-05 20:59:03.535 [info] > git check-ignore -v -z --stdin [250ms]
2023-10-05 20:59:03.696 [info] > git status -z -uall [660ms]
2023-10-05 20:59:03.893 [info] > git config --get commit.template [9ms]
2023-10-05 20:59:03.905 [info] No remotes found in the git config file.
2023-10-05 20:59:03.907 [info] > git for-each-ref --format=%(refname)%00%(upstream:short)%00%(objectname)%00%(upstream:track)%00%(upstream:remotename)%00%(upstream:remoteref) refs/heads/master refs/remotes/master [2ms]
2023-10-05 20:59:03.972 [info] > git status -z -uall [54ms]
2023-10-05 20:59:18.519 [info] > git check-ignore -v -z --stdin [49ms]
2023-10-05 20:59:20.134 [info] > git check-ignore -v -z --stdin [2ms]
2023-10-05 20:59:32.185 [info] No remotes found in the git config file.
2023-10-05 20:59:32.548 [info] > git for-each-ref --format=%(refname)%00%(upstream:short)%00%(objectname)%00%(upstream:track)%00%(upstream:remotename)%00%(upstream:remoteref) refs/heads/master refs/remotes/master [364ms]
2023-10-05 20:59:32.577 [info] > git config --get commit.template [498ms]
2023-10-05 20:59:32.649 [info] > git status -z -uall [50ms]
2023-10-05 20:59:37.747 [info] No remotes found in the git config file.
2023-10-05 20:59:37.748 [info] > git config --get commit.template [16ms]
2023-10-05 20:59:37.748 [info] > git for-each-ref --format=%(refname)%00%(upstream:short)%00%(objectname)%00%(upstream:track)%00%(upstream:remotename)%00%(upstream:remoteref) refs/heads/master refs/remotes/master [1ms]
2023-10-05 20:59:37.760 [info] > git status -z -uall [2ms]
2023-10-05 21:00:22.425 [info] > git check-ignore -v -z --stdin [36ms]
2023-10-05 21:00:24.261 [info] > git check-ignore -v -z --stdin [2ms]
2023-10-05 21:00:27.506 [info] > git show --textconv :target/.rustc_info.json [124ms]
2023-10-05 21:00:27.509 [info] > git ls-files --stage -- /home/jagannathanm/programs/Rust/fart/target/.rustc_info.json [116ms]
2023-10-05 21:00:36.373 [info] > git show --textconv :Cargo.toml [17ms]
2023-10-05 21:00:36.411 [info] > git ls-files --stage -- /home/jagannathanm/programs/Rust/fart/Cargo.toml [40ms]
2023-10-05 21:01:27.573 [info] No remotes found in the git config file.
2023-10-05 21:01:28.072 [info] > git config --get commit.template [646ms]
2023-10-05 21:01:28.149 [info] > git for-each-ref --format=%(refname)%00%(upstream:short)%00%(objectname)%00%(upstream:track)%00%(upstream:remotename)%00%(upstream:remoteref) refs/heads/master refs/remotes/master [527ms]
2023-10-05 21:01:28.343 [info] > git status -z -uall [179ms]
2023-10-05 21:02:25.606 [info] No remotes found in the git config file.
2023-10-05 21:02:25.749 [info] > git config --get commit.template [215ms]
2023-10-05 21:02:25.840 [info] > git for-each-ref --format=%(refname)%00%(upstream:short)%00%(objectname)%00%(upstream:track)%00%(upstream:remotename)%00%(upstream:remoteref) refs/heads/master refs/remotes/master [211ms]
2023-10-05 21:02:25.923 [info] > git status -z -uall [69ms]
2023-10-05 21:02:56.785 [info] No remotes found in the git config file.
2023-10-05 21:02:57.191 [info] > git config --get commit.template [440ms]
2023-10-05 21:02:57.219 [info] > git for-each-ref --format=%(refname)%00%(upstream:short)%00%(objectname)%00%(upstream:track)%00%(upstream:remotename)%00%(upstream:remoteref) refs/heads/master refs/remotes/master [288ms]
2023-10-05 21:02:57.302 [info] > git status -z -uall [69ms]
2023-10-05 21:03:17.412 [info] No remotes found in the git config file.
2023-10-05 21:03:17.413 [info] > git config --get commit.template [15ms]
2023-10-05 21:03:17.414 [info] > git for-each-ref --format=%(refname)%00%(upstream:short)%00%(objectname)%00%(upstream:track)%00%(upstream:remotename)%00%(upstream:remoteref) refs/heads/master refs/remotes/master [1ms]
2023-10-05 21:03:17.428 [info] > git status -z -uall [2ms]
2023-10-05 21:05:33.481 [info] No remotes found in the git config file.
2023-10-05 21:05:34.346 [info] > git config --get commit.template [1058ms]
2023-10-05 21:05:34.742 [info] > git for-each-ref --format=%(refname)%00%(upstream:short)%00%(objectname)%00%(upstream:track)%00%(upstream:remotename)%00%(upstream:remoteref) refs/heads/master refs/remotes/master [383ms]
2023-10-05 21:05:34.936 [info] > git status -z -uall [182ms]
2023-10-05 21:06:04.837 [info] No remotes found in the git config file.
2023-10-05 21:06:06.572 [info] > git config --get commit.template [1486ms]
2023-10-05 21:06:06.785 [info] > git for-each-ref --format=%(refname)%00%(upstream:short)%00%(objectname)%00%(upstream:track)%00%(upstream:remotename)%00%(upstream:remoteref) refs/heads/master refs/remotes/master [1949ms]
2023-10-05 21:06:07.444 [info] > git status -z -uall [529ms]
2023-10-05 21:06:27.477 [info] No remotes found in the git config file.
2023-10-05 21:06:27.965 [info] > git config --get commit.template [571ms]
2023-10-05 21:06:27.965 [info] > git for-each-ref --format=%(refname)%00%(upstream:short)%00%(objectname)%00%(upstream:track)%00%(upstream:remotename)%00%(upstream:remoteref) refs/heads/master refs/remotes/master [489ms]
2023-10-05 21:06:28.547 [info] > git status -z -uall [569ms]
