2023-10-01 14:20:00.810 [info] Log level: Info
2023-10-01 14:20:00.810 [info] Validating found git in: "git"
2023-10-01 14:20:01.084 [info] Using git "2.42.0" from "git"
2023-10-01 14:20:01.166 [info] > git rev-parse --show-toplevel [55ms]
2023-10-01 14:20:01.861 [info] > git rev-parse --git-dir --git-common-dir [37ms]
2023-10-01 14:20:01.885 [info] Open repository: /home/jagannathanm/programs/Rust/minigrep
2023-10-01 14:20:01.961 [info] > git rev-parse --show-toplevel [52ms]
2023-10-01 14:20:01.984 [info] > git config --get commit.template [24ms]
2023-10-01 14:20:02.008 [info] No remotes found in the git config file.
2023-10-01 14:20:02.010 [info] > git rev-parse --show-toplevel [32ms]
2023-10-01 14:20:02.068 [info] > git for-each-ref --format=%(refname)%00%(upstream:short)%00%(objectname)%00%(upstream:track)%00%(upstream:remotename)%00%(upstream:remoteref) refs/heads/master refs/remotes/master [61ms]
2023-10-01 14:20:02.352 [info] > git status -z -uall [260ms]
2023-10-01 14:20:02.392 [info] > git config --get commit.template [4ms]
2023-10-01 14:20:02.411 [info] No remotes found in the git config file.
2023-10-01 14:20:02.415 [info] > git for-each-ref --format=%(refname)%00%(upstream:short)%00%(objectname)%00%(upstream:track)%00%(upstream:remotename)%00%(upstream:remoteref) refs/heads/master refs/remotes/master [5ms]
2023-10-01 14:20:02.436 [info] > git status -z -uall [5ms]
2023-10-01 14:20:02.461 [info] > git check-ignore -v -z --stdin [3ms]
2023-10-01 14:30:51.046 [info] > git check-ignore -v -z --stdin [5ms]
2023-10-01 14:30:53.448 [info] > git show --textconv :src/main.rs [315ms]
2023-10-01 14:30:53.450 [info] > git ls-files --stage -- /home/jagannathanm/programs/Rust/minigrep/src/main.rs [292ms]
2023-10-01 14:31:02.414 [info] No remotes found in the git config file.
2023-10-01 14:31:02.415 [info] > git config --get commit.template [17ms]
2023-10-01 14:31:02.416 [info] > git for-each-ref --format=%(refname)%00%(upstream:short)%00%(objectname)%00%(upstream:track)%00%(upstream:remotename)%00%(upstream:remoteref) refs/heads/master refs/remotes/master [3ms]
2023-10-01 14:31:02.432 [info] > git status -z -uall [2ms]
2023-10-01 14:31:07.466 [info] No remotes found in the git config file.
2023-10-01 14:31:07.468 [info] > git config --get commit.template [13ms]
2023-10-01 14:31:07.468 [info] > git for-each-ref --format=%(refname)%00%(upstream:short)%00%(objectname)%00%(upstream:track)%00%(upstream:remotename)%00%(upstream:remoteref) refs/heads/master refs/remotes/master [2ms]
2023-10-01 14:31:07.480 [info] > git status -z -uall [2ms]
2023-10-01 14:34:30.074 [info] > git config --get commit.template [3ms]
2023-10-01 14:34:30.090 [info] No remotes found in the git config file.
2023-10-01 14:34:30.091 [info] > git for-each-ref --format=%(refname)%00%(upstream:short)%00%(objectname)%00%(upstream:track)%00%(upstream:remotename)%00%(upstream:remoteref) refs/heads/master refs/remotes/master [2ms]
2023-10-01 14:34:30.109 [info] > git status -z -uall [3ms]
2023-10-01 14:34:35.141 [info] No remotes found in the git config file.
2023-10-01 14:34:35.142 [info] > git config --get commit.template [12ms]
2023-10-01 14:34:35.143 [info] > git for-each-ref --format=%(refname)%00%(upstream:short)%00%(objectname)%00%(upstream:track)%00%(upstream:remotename)%00%(upstream:remoteref) refs/heads/master refs/remotes/master [1ms]
2023-10-01 14:34:35.156 [info] > git status -z -uall [2ms]
2023-10-01 14:39:48.198 [info] No remotes found in the git config file.
2023-10-01 14:39:48.199 [info] > git config --get commit.template [14ms]
2023-10-01 14:39:48.200 [info] > git for-each-ref --format=%(refname)%00%(upstream:short)%00%(objectname)%00%(upstream:track)%00%(upstream:remotename)%00%(upstream:remoteref) refs/heads/master refs/remotes/master [2ms]
2023-10-01 14:39:48.211 [info] > git status -z -uall [2ms]
2023-10-01 14:41:39.514 [info] No remotes found in the git config file.
2023-10-01 14:41:39.517 [info] > git config --get commit.template [16ms]
2023-10-01 14:41:39.518 [info] > git for-each-ref --format=%(refname)%00%(upstream:short)%00%(objectname)%00%(upstream:track)%00%(upstream:remotename)%00%(upstream:remoteref) refs/heads/master refs/remotes/master [4ms]
2023-10-01 14:41:39.533 [info] > git status -z -uall [2ms]
2023-10-01 14:42:44.622 [info] No remotes found in the git config file.
2023-10-01 14:42:44.623 [info] > git config --get commit.template [14ms]
2023-10-01 14:42:44.624 [info] > git for-each-ref --format=%(refname)%00%(upstream:short)%00%(objectname)%00%(upstream:track)%00%(upstream:remotename)%00%(upstream:remoteref) refs/heads/master refs/remotes/master [2ms]
2023-10-01 14:42:44.637 [info] > git status -z -uall [2ms]
2023-10-01 14:56:10.010 [info] No remotes found in the git config file.
2023-10-01 14:56:10.014 [info] > git config --get commit.template [15ms]
2023-10-01 14:56:10.014 [info] > git for-each-ref --format=%(refname)%00%(upstream:short)%00%(objectname)%00%(upstream:track)%00%(upstream:remotename)%00%(upstream:remoteref) refs/heads/master refs/remotes/master [4ms]
2023-10-01 14:56:10.029 [info] > git status -z -uall [2ms]
2023-10-01 14:56:50.764 [info] No remotes found in the git config file.
2023-10-01 14:56:50.765 [info] > git config --get commit.template [13ms]
2023-10-01 14:56:50.765 [info] > git for-each-ref --format=%(refname)%00%(upstream:short)%00%(objectname)%00%(upstream:track)%00%(upstream:remotename)%00%(upstream:remoteref) refs/heads/master refs/remotes/master [1ms]
2023-10-01 14:56:50.779 [info] > git status -z -uall [2ms]
2023-10-01 14:57:07.137 [info] No remotes found in the git config file.
2023-10-01 14:57:07.138 [info] > git config --get commit.template [14ms]
2023-10-01 14:57:07.139 [info] > git for-each-ref --format=%(refname)%00%(upstream:short)%00%(objectname)%00%(upstream:track)%00%(upstream:remotename)%00%(upstream:remoteref) refs/heads/master refs/remotes/master [1ms]
2023-10-01 14:57:07.153 [info] > git status -z -uall [2ms]
2023-10-01 14:58:08.185 [info] No remotes found in the git config file.
2023-10-01 14:58:08.186 [info] > git config --get commit.template [13ms]
2023-10-01 14:58:08.187 [info] > git for-each-ref --format=%(refname)%00%(upstream:short)%00%(objectname)%00%(upstream:track)%00%(upstream:remotename)%00%(upstream:remoteref) refs/heads/master refs/remotes/master [2ms]
2023-10-01 14:58:08.202 [info] > git status -z -uall [2ms]
2023-10-01 14:58:57.390 [info] No remotes found in the git config file.
2023-10-01 14:58:57.391 [info] > git config --get commit.template [14ms]
2023-10-01 14:58:57.391 [info] > git for-each-ref --format=%(refname)%00%(upstream:short)%00%(objectname)%00%(upstream:track)%00%(upstream:remotename)%00%(upstream:remoteref) refs/heads/master refs/remotes/master [2ms]
2023-10-01 14:58:57.407 [info] > git status -z -uall [2ms]
2023-10-01 15:04:05.642 [info] No remotes found in the git config file.
2023-10-01 15:04:05.656 [info] > git config --get commit.template [14ms]
2023-10-01 15:04:05.656 [info] > git for-each-ref --format=%(refname)%00%(upstream:short)%00%(objectname)%00%(upstream:track)%00%(upstream:remotename)%00%(upstream:remoteref) refs/heads/master refs/remotes/master [2ms]
2023-10-01 15:04:05.669 [info] > git status -z -uall [1ms]
2023-10-01 15:04:16.572 [info] No remotes found in the git config file.
2023-10-01 15:04:16.574 [info] > git for-each-ref --format=%(refname)%00%(upstream:short)%00%(objectname)%00%(upstream:track)%00%(upstream:remotename)%00%(upstream:remoteref) refs/heads/master refs/remotes/master [2ms]
2023-10-01 15:04:16.574 [info] > git config --get commit.template [16ms]
2023-10-01 15:04:16.588 [info] > git status -z -uall [2ms]
2023-10-01 15:06:25.236 [info] No remotes found in the git config file.
2023-10-01 15:06:25.238 [info] > git for-each-ref --format=%(refname)%00%(upstream:short)%00%(objectname)%00%(upstream:track)%00%(upstream:remotename)%00%(upstream:remoteref) refs/heads/master refs/remotes/master [3ms]
2023-10-01 15:06:25.238 [info] > git config --get commit.template [16ms]
2023-10-01 15:06:25.251 [info] > git status -z -uall [2ms]
2023-10-01 15:06:47.708 [info] > git config --get commit.template [2ms]
2023-10-01 15:06:47.721 [info] No remotes found in the git config file.
2023-10-01 15:06:47.722 [info] > git for-each-ref --format=%(refname)%00%(upstream:short)%00%(objectname)%00%(upstream:track)%00%(upstream:remotename)%00%(upstream:remoteref) refs/heads/master refs/remotes/master [2ms]
2023-10-01 15:06:47.736 [info] > git status -z -uall [2ms]
2023-10-01 15:06:59.903 [info] No remotes found in the git config file.
2023-10-01 15:06:59.904 [info] > git config --get commit.template [13ms]
2023-10-01 15:06:59.904 [info] > git for-each-ref --format=%(refname)%00%(upstream:short)%00%(objectname)%00%(upstream:track)%00%(upstream:remotename)%00%(upstream:remoteref) refs/heads/master refs/remotes/master [1ms]
2023-10-01 15:06:59.918 [info] > git status -z -uall [2ms]
2023-10-01 15:07:17.635 [info] No remotes found in the git config file.
2023-10-01 15:07:17.636 [info] > git config --get commit.template [13ms]
2023-10-01 15:07:17.637 [info] > git for-each-ref --format=%(refname)%00%(upstream:short)%00%(objectname)%00%(upstream:track)%00%(upstream:remotename)%00%(upstream:remoteref) refs/heads/master refs/remotes/master [1ms]
2023-10-01 15:07:17.649 [info] > git status -z -uall [2ms]
2023-10-01 15:10:24.645 [info] No remotes found in the git config file.
2023-10-01 15:10:24.646 [info] > git config --get commit.template [14ms]
2023-10-01 15:10:24.646 [info] > git for-each-ref --format=%(refname)%00%(upstream:short)%00%(objectname)%00%(upstream:track)%00%(upstream:remotename)%00%(upstream:remoteref) refs/heads/master refs/remotes/master [2ms]
2023-10-01 15:10:24.660 [info] > git status -z -uall [2ms]
2023-10-01 15:10:33.281 [info] No remotes found in the git config file.
2023-10-01 15:10:33.282 [info] > git config --get commit.template [13ms]
2023-10-01 15:10:33.283 [info] > git for-each-ref --format=%(refname)%00%(upstream:short)%00%(objectname)%00%(upstream:track)%00%(upstream:remotename)%00%(upstream:remoteref) refs/heads/master refs/remotes/master [2ms]
2023-10-01 15:10:33.295 [info] > git status -z -uall [1ms]
2023-10-01 15:14:16.193 [info] No remotes found in the git config file.
2023-10-01 15:14:16.194 [info] > git config --get commit.template [13ms]
2023-10-01 15:14:16.195 [info] > git for-each-ref --format=%(refname)%00%(upstream:short)%00%(objectname)%00%(upstream:track)%00%(upstream:remotename)%00%(upstream:remoteref) refs/heads/master refs/remotes/master [2ms]
2023-10-01 15:14:16.208 [info] > git status -z -uall [2ms]
2023-10-01 16:17:34.766 [info] No remotes found in the git config file.
2023-10-01 16:17:34.768 [info] > git for-each-ref --format=%(refname)%00%(upstream:short)%00%(objectname)%00%(upstream:track)%00%(upstream:remotename)%00%(upstream:remoteref) refs/heads/master refs/remotes/master [2ms]
2023-10-01 16:17:34.768 [info] > git config --get commit.template [14ms]
2023-10-01 16:17:34.781 [info] > git status -z -uall [1ms]
2023-10-01 16:17:46.738 [info] No remotes found in the git config file.
2023-10-01 16:17:46.738 [info] > git config --get commit.template [14ms]
2023-10-01 16:17:46.739 [info] > git for-each-ref --format=%(refname)%00%(upstream:short)%00%(objectname)%00%(upstream:track)%00%(upstream:remotename)%00%(upstream:remoteref) refs/heads/master refs/remotes/master [2ms]
2023-10-01 16:17:46.751 [info] > git status -z -uall [2ms]
2023-10-01 16:18:11.603 [info] No remotes found in the git config file.
2023-10-01 16:18:11.604 [info] > git config --get commit.template [14ms]
2023-10-01 16:18:11.605 [info] > git for-each-ref --format=%(refname)%00%(upstream:short)%00%(objectname)%00%(upstream:track)%00%(upstream:remotename)%00%(upstream:remoteref) refs/heads/master refs/remotes/master [2ms]
2023-10-01 16:18:11.618 [info] > git status -z -uall [1ms]
2023-10-01 16:18:19.852 [info] No remotes found in the git config file.
2023-10-01 16:18:19.852 [info] > git config --get commit.template [12ms]
2023-10-01 16:18:19.853 [info] > git for-each-ref --format=%(refname)%00%(upstream:short)%00%(objectname)%00%(upstream:track)%00%(upstream:remotename)%00%(upstream:remoteref) refs/heads/master refs/remotes/master [1ms]
2023-10-01 16:18:19.867 [info] > git status -z -uall [2ms]
2023-10-01 16:29:42.317 [info] No remotes found in the git config file.
2023-10-01 16:29:42.318 [info] > git config --get commit.template [15ms]
2023-10-01 16:29:42.319 [info] > git for-each-ref --format=%(refname)%00%(upstream:short)%00%(objectname)%00%(upstream:track)%00%(upstream:remotename)%00%(upstream:remoteref) refs/heads/master refs/remotes/master [2ms]
2023-10-01 16:29:42.334 [info] > git status -z -uall [1ms]
2023-10-01 16:31:39.927 [info] No remotes found in the git config file.
2023-10-01 16:31:39.928 [info] > git config --get commit.template [13ms]
2023-10-01 16:31:39.929 [info] > git for-each-ref --format=%(refname)%00%(upstream:short)%00%(objectname)%00%(upstream:track)%00%(upstream:remotename)%00%(upstream:remoteref) refs/heads/master refs/remotes/master [2ms]
2023-10-01 16:31:39.941 [info] > git status -z -uall [2ms]
2023-10-01 16:35:12.926 [info] No remotes found in the git config file.
2023-10-01 16:35:12.926 [info] > git config --get commit.template [13ms]
2023-10-01 16:35:12.927 [info] > git for-each-ref --format=%(refname)%00%(upstream:short)%00%(objectname)%00%(upstream:track)%00%(upstream:remotename)%00%(upstream:remoteref) refs/heads/master refs/remotes/master [2ms]
2023-10-01 16:35:12.939 [info] > git status -z -uall [2ms]
2023-10-01 16:37:01.307 [info] No remotes found in the git config file.
2023-10-01 16:37:01.308 [info] > git config --get commit.template [13ms]
2023-10-01 16:37:01.309 [info] > git for-each-ref --format=%(refname)%00%(upstream:short)%00%(objectname)%00%(upstream:track)%00%(upstream:remotename)%00%(upstream:remoteref) refs/heads/master refs/remotes/master [2ms]
2023-10-01 16:37:01.322 [info] > git status -z -uall [2ms]
2023-10-01 16:37:07.103 [info] No remotes found in the git config file.
2023-10-01 16:37:07.104 [info] > git config --get commit.template [14ms]
2023-10-01 16:37:07.105 [info] > git for-each-ref --format=%(refname)%00%(upstream:short)%00%(objectname)%00%(upstream:track)%00%(upstream:remotename)%00%(upstream:remoteref) refs/heads/master refs/remotes/master [2ms]
2023-10-01 16:37:07.117 [info] > git status -z -uall [2ms]
2023-10-01 16:38:26.893 [info] > git show --textconv :src/lib.rs [16ms]
2023-10-01 16:38:26.897 [info] > git ls-files --stage -- /home/jagannathanm/programs/Rust/minigrep/src/lib.rs [5ms]
2023-10-01 16:38:27.023 [info] > git check-ignore -v -z --stdin [8ms]
2023-10-01 16:38:27.309 [info] No remotes found in the git config file.
2023-10-01 16:38:27.310 [info] > git config --get commit.template [13ms]
2023-10-01 16:38:27.310 [info] > git for-each-ref --format=%(refname)%00%(upstream:short)%00%(objectname)%00%(upstream:track)%00%(upstream:remotename)%00%(upstream:remoteref) refs/heads/master refs/remotes/master [1ms]
2023-10-01 16:38:27.325 [info] > git status -z -uall [2ms]
2023-10-01 16:38:32.355 [info] No remotes found in the git config file.
2023-10-01 16:38:32.355 [info] > git config --get commit.template [14ms]
2023-10-01 16:38:32.356 [info] > git for-each-ref --format=%(refname)%00%(upstream:short)%00%(objectname)%00%(upstream:track)%00%(upstream:remotename)%00%(upstream:remoteref) refs/heads/master refs/remotes/master [2ms]
2023-10-01 16:38:32.367 [info] > git status -z -uall [1ms]
2023-10-01 16:39:23.819 [info] No remotes found in the git config file.
2023-10-01 16:39:23.820 [info] > git config --get commit.template [15ms]
2023-10-01 16:39:23.820 [info] > git for-each-ref --format=%(refname)%00%(upstream:short)%00%(objectname)%00%(upstream:track)%00%(upstream:remotename)%00%(upstream:remoteref) refs/heads/master refs/remotes/master [1ms]
2023-10-01 16:39:23.833 [info] > git status -z -uall [2ms]
2023-10-01 16:40:54.853 [info] No remotes found in the git config file.
2023-10-01 16:40:54.853 [info] > git config --get commit.template [13ms]
2023-10-01 16:40:54.854 [info] > git for-each-ref --format=%(refname)%00%(upstream:short)%00%(objectname)%00%(upstream:track)%00%(upstream:remotename)%00%(upstream:remoteref) refs/heads/master refs/remotes/master [2ms]
2023-10-01 16:40:54.868 [info] > git status -z -uall [3ms]
2023-10-01 16:41:03.206 [info] No remotes found in the git config file.
2023-10-01 16:41:03.220 [info] > git config --get commit.template [16ms]
2023-10-01 16:41:03.221 [info] > git for-each-ref --format=%(refname)%00%(upstream:short)%00%(objectname)%00%(upstream:track)%00%(upstream:remotename)%00%(upstream:remoteref) refs/heads/master refs/remotes/master [2ms]
2023-10-01 16:41:03.237 [info] > git status -z -uall [2ms]
2023-10-01 16:42:26.646 [info] No remotes found in the git config file.
2023-10-01 16:42:26.647 [info] > git config --get commit.template [13ms]
2023-10-01 16:42:26.648 [info] > git for-each-ref --format=%(refname)%00%(upstream:short)%00%(objectname)%00%(upstream:track)%00%(upstream:remotename)%00%(upstream:remoteref) refs/heads/master refs/remotes/master [2ms]
2023-10-01 16:42:26.661 [info] > git status -z -uall [2ms]
2023-10-01 16:42:31.689 [info] No remotes found in the git config file.
2023-10-01 16:42:31.690 [info] > git config --get commit.template [12ms]
2023-10-01 16:42:31.690 [info] > git for-each-ref --format=%(refname)%00%(upstream:short)%00%(objectname)%00%(upstream:track)%00%(upstream:remotename)%00%(upstream:remoteref) refs/heads/master refs/remotes/master [1ms]
2023-10-01 16:42:31.705 [info] > git status -z -uall [2ms]
2023-10-01 16:42:45.067 [info] No remotes found in the git config file.
2023-10-01 16:42:45.068 [info] > git config --get commit.template [14ms]
2023-10-01 16:42:45.069 [info] > git for-each-ref --format=%(refname)%00%(upstream:short)%00%(objectname)%00%(upstream:track)%00%(upstream:remotename)%00%(upstream:remoteref) refs/heads/master refs/remotes/master [2ms]
2023-10-01 16:42:45.081 [info] > git status -z -uall [2ms]
2023-10-01 16:43:11.200 [info] No remotes found in the git config file.
2023-10-01 16:43:11.201 [info] > git config --get commit.template [15ms]
2023-10-01 16:43:11.202 [info] > git for-each-ref --format=%(refname)%00%(upstream:short)%00%(objectname)%00%(upstream:track)%00%(upstream:remotename)%00%(upstream:remoteref) refs/heads/master refs/remotes/master [1ms]
2023-10-01 16:43:11.215 [info] > git status -z -uall [2ms]
2023-10-01 16:43:17.533 [info] No remotes found in the git config file.
2023-10-01 16:43:17.546 [info] > git config --get commit.template [14ms]
2023-10-01 16:43:17.548 [info] > git for-each-ref --format=%(refname)%00%(upstream:short)%00%(objectname)%00%(upstream:track)%00%(upstream:remotename)%00%(upstream:remoteref) refs/heads/master refs/remotes/master [2ms]
2023-10-01 16:43:17.562 [info] > git status -z -uall [2ms]
2023-10-01 16:43:51.465 [info] No remotes found in the git config file.
2023-10-01 16:43:51.465 [info] > git config --get commit.template [13ms]
2023-10-01 16:43:51.466 [info] > git for-each-ref --format=%(refname)%00%(upstream:short)%00%(objectname)%00%(upstream:track)%00%(upstream:remotename)%00%(upstream:remoteref) refs/heads/master refs/remotes/master [2ms]
2023-10-01 16:43:51.479 [info] > git status -z -uall [2ms]
2023-10-01 17:28:41.314 [info] No remotes found in the git config file.
2023-10-01 17:28:41.441 [info] > git config --get commit.template [142ms]
2023-10-01 17:28:41.442 [info] > git for-each-ref --format=%(refname)%00%(upstream:short)%00%(objectname)%00%(upstream:track)%00%(upstream:remotename)%00%(upstream:remoteref) refs/heads/master refs/remotes/master [127ms]
2023-10-01 17:28:41.488 [info] > git status -z -uall [33ms]
2023-10-01 17:28:46.506 [info] No remotes found in the git config file.
2023-10-01 17:28:46.520 [info] > git config --get commit.template [15ms]
2023-10-01 17:28:46.521 [info] > git for-each-ref --format=%(refname)%00%(upstream:short)%00%(objectname)%00%(upstream:track)%00%(upstream:remotename)%00%(upstream:remoteref) refs/heads/master refs/remotes/master [2ms]
2023-10-01 17:28:46.535 [info] > git status -z -uall [2ms]
2023-10-01 17:28:51.565 [info] No remotes found in the git config file.
2023-10-01 17:28:51.566 [info] > git config --get commit.template [14ms]
2023-10-01 17:28:51.566 [info] > git for-each-ref --format=%(refname)%00%(upstream:short)%00%(objectname)%00%(upstream:track)%00%(upstream:remotename)%00%(upstream:remoteref) refs/heads/master refs/remotes/master [1ms]
2023-10-01 17:28:51.581 [info] > git status -z -uall [2ms]
2023-10-01 17:29:21.421 [info] No remotes found in the git config file.
2023-10-01 17:29:21.421 [info] > git config --get commit.template [14ms]
2023-10-01 17:29:21.422 [info] > git for-each-ref --format=%(refname)%00%(upstream:short)%00%(objectname)%00%(upstream:track)%00%(upstream:remotename)%00%(upstream:remoteref) refs/heads/master refs/remotes/master [2ms]
2023-10-01 17:29:21.434 [info] > git status -z -uall [1ms]
2023-10-01 17:29:57.115 [info] No remotes found in the git config file.
2023-10-01 17:29:57.185 [info] > git config --get commit.template [83ms]
2023-10-01 17:29:57.185 [info] > git for-each-ref --format=%(refname)%00%(upstream:short)%00%(objectname)%00%(upstream:track)%00%(upstream:remotename)%00%(upstream:remoteref) refs/heads/master refs/remotes/master [71ms]
2023-10-01 17:29:57.232 [info] > git status -z -uall [34ms]
2023-10-01 17:39:02.979 [info] No remotes found in the git config file.
2023-10-01 17:39:03.251 [info] > git config --get commit.template [303ms]
2023-10-01 17:39:03.252 [info] > git for-each-ref --format=%(refname)%00%(upstream:short)%00%(objectname)%00%(upstream:track)%00%(upstream:remotename)%00%(upstream:remoteref) refs/heads/master refs/remotes/master [145ms]
2023-10-01 17:39:03.321 [info] > git status -z -uall [55ms]
2023-10-01 17:39:08.352 [info] No remotes found in the git config file.
2023-10-01 17:39:08.353 [info] > git config --get commit.template [14ms]
2023-10-01 17:39:08.354 [info] > git for-each-ref --format=%(refname)%00%(upstream:short)%00%(objectname)%00%(upstream:track)%00%(upstream:remotename)%00%(upstream:remoteref) refs/heads/master refs/remotes/master [2ms]
2023-10-01 17:39:08.370 [info] > git status -z -uall [3ms]
2023-10-01 17:39:13.397 [info] No remotes found in the git config file.
2023-10-01 17:39:13.397 [info] > git config --get commit.template [12ms]
2023-10-01 17:39:13.398 [info] > git for-each-ref --format=%(refname)%00%(upstream:short)%00%(objectname)%00%(upstream:track)%00%(upstream:remotename)%00%(upstream:remoteref) refs/heads/master refs/remotes/master [2ms]
2023-10-01 17:39:13.411 [info] > git status -z -uall [2ms]
2023-10-01 17:39:41.170 [info] No remotes found in the git config file.
2023-10-01 17:39:41.171 [info] > git config --get commit.template [12ms]
2023-10-01 17:39:41.171 [info] > git for-each-ref --format=%(refname)%00%(upstream:short)%00%(objectname)%00%(upstream:track)%00%(upstream:remotename)%00%(upstream:remoteref) refs/heads/master refs/remotes/master [1ms]
2023-10-01 17:39:41.186 [info] > git status -z -uall [2ms]
2023-10-01 17:40:24.399 [info] No remotes found in the git config file.
2023-10-01 17:40:24.698 [info] > git config --get commit.template [413ms]
2023-10-01 17:40:24.709 [info] > git for-each-ref --format=%(refname)%00%(upstream:short)%00%(objectname)%00%(upstream:track)%00%(upstream:remotename)%00%(upstream:remoteref) refs/heads/master refs/remotes/master [376ms]
2023-10-01 17:40:24.773 [info] > git status -z -uall [48ms]
2023-10-01 17:41:45.198 [info] No remotes found in the git config file.
2023-10-01 17:41:45.198 [info] > git config --get commit.template [15ms]
2023-10-01 17:41:45.201 [info] > git for-each-ref --format=%(refname)%00%(upstream:short)%00%(objectname)%00%(upstream:track)%00%(upstream:remotename)%00%(upstream:remoteref) refs/heads/master refs/remotes/master [4ms]
2023-10-01 17:41:45.217 [info] > git status -z -uall [3ms]
2023-10-01 17:44:23.891 [info] No remotes found in the git config file.
2023-10-01 17:44:23.892 [info] > git config --get commit.template [14ms]
2023-10-01 17:44:23.892 [info] > git for-each-ref --format=%(refname)%00%(upstream:short)%00%(objectname)%00%(upstream:track)%00%(upstream:remotename)%00%(upstream:remoteref) refs/heads/master refs/remotes/master [1ms]
2023-10-01 17:44:23.907 [info] > git status -z -uall [2ms]
2023-10-01 17:44:30.140 [info] No remotes found in the git config file.
2023-10-01 17:44:30.141 [info] > git config --get commit.template [13ms]
2023-10-01 17:44:30.141 [info] > git for-each-ref --format=%(refname)%00%(upstream:short)%00%(objectname)%00%(upstream:track)%00%(upstream:remotename)%00%(upstream:remoteref) refs/heads/master refs/remotes/master [1ms]
2023-10-01 17:44:30.156 [info] > git status -z -uall [1ms]
2023-10-01 18:11:20.622 [info] No remotes found in the git config file.
2023-10-01 18:11:20.623 [info] > git config --get commit.template [13ms]
2023-10-01 18:11:20.624 [info] > git for-each-ref --format=%(refname)%00%(upstream:short)%00%(objectname)%00%(upstream:track)%00%(upstream:remotename)%00%(upstream:remoteref) refs/heads/master refs/remotes/master [2ms]
2023-10-01 18:11:20.636 [info] > git status -z -uall [2ms]
2023-10-01 18:11:27.320 [info] No remotes found in the git config file.
2023-10-01 18:11:27.320 [info] > git config --get commit.template [12ms]
2023-10-01 18:11:27.322 [info] > git for-each-ref --format=%(refname)%00%(upstream:short)%00%(objectname)%00%(upstream:track)%00%(upstream:remotename)%00%(upstream:remoteref) refs/heads/master refs/remotes/master [3ms]
2023-10-01 18:11:27.335 [info] > git status -z -uall [2ms]
2023-10-01 18:11:56.001 [info] No remotes found in the git config file.
2023-10-01 18:11:56.014 [info] > git config --get commit.template [14ms]
2023-10-01 18:11:56.015 [info] > git for-each-ref --format=%(refname)%00%(upstream:short)%00%(objectname)%00%(upstream:track)%00%(upstream:remotename)%00%(upstream:remoteref) refs/heads/master refs/remotes/master [2ms]
2023-10-01 18:11:56.029 [info] > git status -z -uall [2ms]
2023-10-01 18:12:02.476 [info] No remotes found in the git config file.
2023-10-01 18:12:02.477 [info] > git config --get commit.template [13ms]
2023-10-01 18:12:02.477 [info] > git for-each-ref --format=%(refname)%00%(upstream:short)%00%(objectname)%00%(upstream:track)%00%(upstream:remotename)%00%(upstream:remoteref) refs/heads/master refs/remotes/master [1ms]
2023-10-01 18:12:02.490 [info] > git status -z -uall [2ms]
2023-10-01 18:14:01.699 [info] No remotes found in the git config file.
2023-10-01 18:14:01.700 [info] > git config --get commit.template [13ms]
2023-10-01 18:14:01.701 [info] > git for-each-ref --format=%(refname)%00%(upstream:short)%00%(objectname)%00%(upstream:track)%00%(upstream:remotename)%00%(upstream:remoteref) refs/heads/master refs/remotes/master [2ms]
2023-10-01 18:14:01.716 [info] > git status -z -uall [3ms]
2023-10-01 18:14:46.630 [info] No remotes found in the git config file.
2023-10-01 18:14:46.630 [info] > git config --get commit.template [15ms]
2023-10-01 18:14:46.631 [info] > git for-each-ref --format=%(refname)%00%(upstream:short)%00%(objectname)%00%(upstream:track)%00%(upstream:remotename)%00%(upstream:remoteref) refs/heads/master refs/remotes/master [2ms]
2023-10-01 18:14:46.648 [info] > git status -z -uall [2ms]
2023-10-01 18:14:54.195 [info] No remotes found in the git config file.
2023-10-01 18:14:54.196 [info] > git config --get commit.template [14ms]
2023-10-01 18:14:54.197 [info] > git for-each-ref --format=%(refname)%00%(upstream:short)%00%(objectname)%00%(upstream:track)%00%(upstream:remotename)%00%(upstream:remoteref) refs/heads/master refs/remotes/master [1ms]
2023-10-01 18:14:54.209 [info] > git status -z -uall [1ms]
2023-10-01 18:27:37.132 [info] No remotes found in the git config file.
2023-10-01 18:27:37.132 [info] > git config --get commit.template [14ms]
2023-10-01 18:27:37.133 [info] > git for-each-ref --format=%(refname)%00%(upstream:short)%00%(objectname)%00%(upstream:track)%00%(upstream:remotename)%00%(upstream:remoteref) refs/heads/master refs/remotes/master [2ms]
2023-10-01 18:27:37.146 [info] > git status -z -uall [2ms]
2023-10-01 18:28:08.173 [info] No remotes found in the git config file.
2023-10-01 18:28:08.174 [info] > git config --get commit.template [14ms]
2023-10-01 18:28:08.174 [info] > git for-each-ref --format=%(refname)%00%(upstream:short)%00%(objectname)%00%(upstream:track)%00%(upstream:remotename)%00%(upstream:remoteref) refs/heads/master refs/remotes/master [1ms]
2023-10-01 18:28:08.187 [info] > git status -z -uall [1ms]
2023-10-01 18:28:40.835 [info] No remotes found in the git config file.
2023-10-01 18:28:40.835 [info] > git config --get commit.template [12ms]
2023-10-01 18:28:40.836 [info] > git for-each-ref --format=%(refname)%00%(upstream:short)%00%(objectname)%00%(upstream:track)%00%(upstream:remotename)%00%(upstream:remoteref) refs/heads/master refs/remotes/master [2ms]
2023-10-01 18:28:40.848 [info] > git status -z -uall [2ms]
2023-10-01 18:29:00.350 [info] No remotes found in the git config file.
2023-10-01 18:29:00.350 [info] > git config --get commit.template [14ms]
2023-10-01 18:29:00.351 [info] > git for-each-ref --format=%(refname)%00%(upstream:short)%00%(objectname)%00%(upstream:track)%00%(upstream:remotename)%00%(upstream:remoteref) refs/heads/master refs/remotes/master [2ms]
2023-10-01 18:29:00.365 [info] > git status -z -uall [2ms]
2023-10-01 18:29:06.277 [info] > git config --get commit.template [1ms]
2023-10-01 18:29:06.288 [info] No remotes found in the git config file.
2023-10-01 18:29:06.289 [info] > git for-each-ref --format=%(refname)%00%(upstream:short)%00%(objectname)%00%(upstream:track)%00%(upstream:remotename)%00%(upstream:remoteref) refs/heads/master refs/remotes/master [1ms]
2023-10-01 18:29:06.302 [info] > git status -z -uall [2ms]
2023-10-01 18:30:02.686 [info] > git config --get commit.template [2ms]
2023-10-01 18:30:02.698 [info] No remotes found in the git config file.
2023-10-01 18:30:02.700 [info] > git for-each-ref --format=%(refname)%00%(upstream:short)%00%(objectname)%00%(upstream:track)%00%(upstream:remotename)%00%(upstream:remoteref) refs/heads/master refs/remotes/master [1ms]
2023-10-01 18:30:02.714 [info] > git status -z -uall [2ms]
2023-10-01 18:30:07.745 [info] No remotes found in the git config file.
2023-10-01 18:30:07.746 [info] > git config --get commit.template [15ms]
2023-10-01 18:30:07.747 [info] > git for-each-ref --format=%(refname)%00%(upstream:short)%00%(objectname)%00%(upstream:track)%00%(upstream:remotename)%00%(upstream:remoteref) refs/heads/master refs/remotes/master [2ms]
2023-10-01 18:30:07.761 [info] > git status -z -uall [2ms]
2023-10-01 18:32:54.050 [info] No remotes found in the git config file.
2023-10-01 18:32:54.051 [info] > git config --get commit.template [15ms]
2023-10-01 18:32:54.051 [info] > git for-each-ref --format=%(refname)%00%(upstream:short)%00%(objectname)%00%(upstream:track)%00%(upstream:remotename)%00%(upstream:remoteref) refs/heads/master refs/remotes/master [2ms]
2023-10-01 18:32:54.064 [info] > git status -z -uall [2ms]
2023-10-01 18:36:22.598 [info] No remotes found in the git config file.
2023-10-01 18:36:22.598 [info] > git config --get commit.template [17ms]
2023-10-01 18:36:22.599 [info] > git for-each-ref --format=%(refname)%00%(upstream:short)%00%(objectname)%00%(upstream:track)%00%(upstream:remotename)%00%(upstream:remoteref) refs/heads/master refs/remotes/master [2ms]
2023-10-01 18:36:22.613 [info] > git status -z -uall [2ms]
2023-10-01 18:36:37.627 [info] No remotes found in the git config file.
2023-10-01 18:36:37.628 [info] > git config --get commit.template [13ms]
2023-10-01 18:36:37.628 [info] > git for-each-ref --format=%(refname)%00%(upstream:short)%00%(objectname)%00%(upstream:track)%00%(upstream:remotename)%00%(upstream:remoteref) refs/heads/master refs/remotes/master [1ms]
2023-10-01 18:36:37.642 [info] > git status -z -uall [1ms]
2023-10-01 18:37:28.165 [info] No remotes found in the git config file.
2023-10-01 18:37:28.165 [info] > git config --get commit.template [14ms]
2023-10-01 18:37:28.166 [info] > git for-each-ref --format=%(refname)%00%(upstream:short)%00%(objectname)%00%(upstream:track)%00%(upstream:remotename)%00%(upstream:remoteref) refs/heads/master refs/remotes/master [2ms]
2023-10-01 18:37:28.181 [info] > git status -z -uall [2ms]
2023-10-01 18:39:27.109 [info] No remotes found in the git config file.
2023-10-01 18:39:27.124 [info] > git config --get commit.template [15ms]
2023-10-01 18:39:27.124 [info] > git for-each-ref --format=%(refname)%00%(upstream:short)%00%(objectname)%00%(upstream:track)%00%(upstream:remotename)%00%(upstream:remoteref) refs/heads/master refs/remotes/master [1ms]
2023-10-01 18:39:27.141 [info] > git status -z -uall [2ms]
2023-10-01 18:42:54.104 [info] No remotes found in the git config file.
2023-10-01 18:42:54.105 [info] > git config --get commit.template [13ms]
2023-10-01 18:42:54.106 [info] > git for-each-ref --format=%(refname)%00%(upstream:short)%00%(objectname)%00%(upstream:track)%00%(upstream:remotename)%00%(upstream:remoteref) refs/heads/master refs/remotes/master [2ms]
2023-10-01 18:42:54.119 [info] > git status -z -uall [2ms]
2023-10-01 18:43:05.012 [info] No remotes found in the git config file.
2023-10-01 18:43:05.013 [info] > git config --get commit.template [16ms]
2023-10-01 18:43:05.014 [info] > git for-each-ref --format=%(refname)%00%(upstream:short)%00%(objectname)%00%(upstream:track)%00%(upstream:remotename)%00%(upstream:remoteref) refs/heads/master refs/remotes/master [2ms]
2023-10-01 18:43:05.029 [info] > git status -z -uall [2ms]
2023-10-01 18:43:29.067 [info] > git config --get commit.template [2ms]
2023-10-01 18:43:29.080 [info] No remotes found in the git config file.
2023-10-01 18:43:29.081 [info] > git for-each-ref --format=%(refname)%00%(upstream:short)%00%(objectname)%00%(upstream:track)%00%(upstream:remotename)%00%(upstream:remoteref) refs/heads/master refs/remotes/master [1ms]
2023-10-01 18:43:29.095 [info] > git status -z -uall [2ms]
2023-10-01 18:43:43.745 [info] No remotes found in the git config file.
2023-10-01 18:43:43.746 [info] > git config --get commit.template [13ms]
2023-10-01 18:43:43.746 [info] > git for-each-ref --format=%(refname)%00%(upstream:short)%00%(objectname)%00%(upstream:track)%00%(upstream:remotename)%00%(upstream:remoteref) refs/heads/master refs/remotes/master [1ms]
2023-10-01 18:43:43.760 [info] > git status -z -uall [2ms]
2023-10-01 18:45:09.360 [info] No remotes found in the git config file.
2023-10-01 18:45:09.360 [info] > git config --get commit.template [14ms]
2023-10-01 18:45:09.361 [info] > git for-each-ref --format=%(refname)%00%(upstream:short)%00%(objectname)%00%(upstream:track)%00%(upstream:remotename)%00%(upstream:remoteref) refs/heads/master refs/remotes/master [1ms]
2023-10-01 18:45:09.377 [info] > git status -z -uall [2ms]
2023-10-01 18:45:14.406 [info] No remotes found in the git config file.
2023-10-01 18:45:14.407 [info] > git config --get commit.template [15ms]
2023-10-01 18:45:14.433 [info] > git for-each-ref --format=%(refname)%00%(upstream:short)%00%(objectname)%00%(upstream:track)%00%(upstream:remotename)%00%(upstream:remoteref) refs/heads/master refs/remotes/master [27ms]
2023-10-01 18:45:14.448 [info] > git status -z -uall [2ms]
2023-10-01 18:45:46.405 [info] No remotes found in the git config file.
2023-10-01 18:45:46.418 [info] > git config --get commit.template [14ms]
2023-10-01 18:45:46.419 [info] > git for-each-ref --format=%(refname)%00%(upstream:short)%00%(objectname)%00%(upstream:track)%00%(upstream:remotename)%00%(upstream:remoteref) refs/heads/master refs/remotes/master [2ms]
2023-10-01 18:45:46.433 [info] > git status -z -uall [2ms]
2023-10-01 18:45:57.182 [info] No remotes found in the git config file.
2023-10-01 18:45:57.183 [info] > git config --get commit.template [13ms]
2023-10-01 18:45:57.184 [info] > git for-each-ref --format=%(refname)%00%(upstream:short)%00%(objectname)%00%(upstream:track)%00%(upstream:remotename)%00%(upstream:remoteref) refs/heads/master refs/remotes/master [2ms]
2023-10-01 18:45:57.197 [info] > git status -z -uall [2ms]
2023-10-01 18:46:39.617 [info] No remotes found in the git config file.
2023-10-01 18:46:39.618 [info] > git config --get commit.template [15ms]
2023-10-01 18:46:39.619 [info] > git for-each-ref --format=%(refname)%00%(upstream:short)%00%(objectname)%00%(upstream:track)%00%(upstream:remotename)%00%(upstream:remoteref) refs/heads/master refs/remotes/master [3ms]
2023-10-01 18:46:39.634 [info] > git status -z -uall [2ms]
2023-10-01 18:46:47.588 [info] No remotes found in the git config file.
2023-10-01 18:46:47.588 [info] > git config --get commit.template [13ms]
2023-10-01 18:46:47.589 [info] > git for-each-ref --format=%(refname)%00%(upstream:short)%00%(objectname)%00%(upstream:track)%00%(upstream:remotename)%00%(upstream:remoteref) refs/heads/master refs/remotes/master [1ms]
2023-10-01 18:46:47.601 [info] > git status -z -uall [1ms]
2023-10-01 18:46:54.271 [info] No remotes found in the git config file.
2023-10-01 18:46:54.272 [info] > git config --get commit.template [15ms]
2023-10-01 18:46:54.272 [info] > git for-each-ref --format=%(refname)%00%(upstream:short)%00%(objectname)%00%(upstream:track)%00%(upstream:remotename)%00%(upstream:remoteref) refs/heads/master refs/remotes/master [1ms]
2023-10-01 18:46:54.286 [info] > git status -z -uall [1ms]
2023-10-01 18:47:26.874 [info] Log level: Info
2023-10-01 18:47:26.874 [info] Validating found git in: "git"
2023-10-01 18:47:26.874 [info] Using git "2.42.0" from "git"
2023-10-01 18:47:26.874 [info] > git rev-parse --show-toplevel [24ms]
2023-10-01 18:47:26.912 [info] > git rev-parse --git-dir --git-common-dir [25ms]
2023-10-01 18:47:26.931 [info] Open repository: /home/jagannathanm/programs/Rust/minigrep
2023-10-01 18:47:27.002 [info] > git rev-parse --show-toplevel [55ms]
2023-10-01 18:47:27.041 [info] > git rev-parse --show-toplevel [26ms]
2023-10-01 18:47:27.058 [info] > git config --get commit.template [90ms]
2023-10-01 18:47:27.071 [info] > git rev-parse --show-toplevel [15ms]
2023-10-01 18:47:27.091 [info] No remotes found in the git config file.
2023-10-01 18:47:27.093 [info] > git for-each-ref --format=%(refname)%00%(upstream:short)%00%(objectname)%00%(upstream:track)%00%(upstream:remotename)%00%(upstream:remoteref) refs/heads/master refs/remotes/master [2ms]
2023-10-01 18:47:27.109 [info] > git status -z -uall [3ms]
2023-10-01 18:47:27.137 [info] > git config --get commit.template [4ms]
2023-10-01 18:47:27.149 [info] No remotes found in the git config file.
2023-10-01 18:47:27.151 [info] > git for-each-ref --format=%(refname)%00%(upstream:short)%00%(objectname)%00%(upstream:track)%00%(upstream:remotename)%00%(upstream:remoteref) refs/heads/master refs/remotes/master [3ms]
2023-10-01 18:47:27.167 [info] > git status -z -uall [3ms]
2023-10-01 18:47:27.544 [info] > git check-ignore -v -z --stdin [2ms]
2023-10-01 18:47:27.567 [info] > git show --textconv :src/lib.rs [63ms]
2023-10-01 18:47:27.568 [info] > git ls-files --stage -- /home/jagannathanm/programs/Rust/minigrep/src/lib.rs [49ms]
2023-10-01 18:47:28.261 [info] > git check-ignore -v -z --stdin [2ms]
2023-10-01 18:47:28.687 [info] No remotes found in the git config file.
2023-10-01 18:47:28.700 [info] > git config --get commit.template [13ms]
2023-10-01 18:47:28.702 [info] > git for-each-ref --format=%(refname)%00%(upstream:short)%00%(objectname)%00%(upstream:track)%00%(upstream:remotename)%00%(upstream:remoteref) refs/heads/master refs/remotes/master [3ms]
2023-10-01 18:47:28.715 [info] > git status -z -uall [2ms]
2023-10-01 18:47:33.734 [info] > git config --get commit.template [3ms]
2023-10-01 18:47:33.746 [info] No remotes found in the git config file.
2023-10-01 18:47:33.747 [info] > git for-each-ref --format=%(refname)%00%(upstream:short)%00%(objectname)%00%(upstream:track)%00%(upstream:remotename)%00%(upstream:remoteref) refs/heads/master refs/remotes/master [2ms]
2023-10-01 18:47:33.767 [info] > git status -z -uall [8ms]
2023-10-01 18:47:38.786 [info] > git config --get commit.template [2ms]
2023-10-01 18:47:38.797 [info] No remotes found in the git config file.
2023-10-01 18:47:38.798 [info] > git for-each-ref --format=%(refname)%00%(upstream:short)%00%(objectname)%00%(upstream:track)%00%(upstream:remotename)%00%(upstream:remoteref) refs/heads/master refs/remotes/master [2ms]
2023-10-01 18:47:38.810 [info] > git status -z -uall [2ms]
2023-10-01 18:48:03.328 [info] No remotes found in the git config file.
2023-10-01 18:48:03.329 [info] > git config --get commit.template [11ms]
2023-10-01 18:48:03.330 [info] > git for-each-ref --format=%(refname)%00%(upstream:short)%00%(objectname)%00%(upstream:track)%00%(upstream:remotename)%00%(upstream:remoteref) refs/heads/master refs/remotes/master [3ms]
2023-10-01 18:48:03.342 [info] > git status -z -uall [2ms]
2023-10-01 19:04:05.024 [info] > git ls-files --stage -- /home/jagannathanm/programs/Rust/minigrep/src/main.rs [855ms]
2023-10-01 19:04:05.060 [info] > git show --textconv :src/main.rs [901ms]
2023-10-01 19:04:25.881 [info] > git config --get commit.template [1ms]
2023-10-01 19:04:25.890 [info] No remotes found in the git config file.
2023-10-01 19:04:25.995 [info] > git for-each-ref --format=%(refname)%00%(upstream:short)%00%(objectname)%00%(upstream:track)%00%(upstream:remotename)%00%(upstream:remoteref) refs/heads/master refs/remotes/master [105ms]
2023-10-01 19:04:26.042 [info] > git status -z -uall [38ms]
2023-10-01 19:04:31.071 [info] No remotes found in the git config file.
2023-10-01 19:04:31.072 [info] > git config --get commit.template [14ms]
2023-10-01 19:04:31.073 [info] > git for-each-ref --format=%(refname)%00%(upstream:short)%00%(objectname)%00%(upstream:track)%00%(upstream:remotename)%00%(upstream:remoteref) refs/heads/master refs/remotes/master [2ms]
2023-10-01 19:04:31.084 [info] > git status -z -uall [2ms]
2023-10-01 19:04:36.109 [info] No remotes found in the git config file.
2023-10-01 19:04:36.109 [info] > git config --get commit.template [11ms]
2023-10-01 19:04:36.111 [info] > git for-each-ref --format=%(refname)%00%(upstream:short)%00%(objectname)%00%(upstream:track)%00%(upstream:remotename)%00%(upstream:remoteref) refs/heads/master refs/remotes/master [2ms]
2023-10-01 19:04:36.121 [info] > git status -z -uall [1ms]
2023-10-01 19:04:38.835 [info] > git check-ignore -v -z --stdin [2ms]
2023-10-01 19:04:41.148 [info] No remotes found in the git config file.
2023-10-01 19:04:41.149 [info] > git config --get commit.template [11ms]
2023-10-01 19:04:41.150 [info] > git for-each-ref --format=%(refname)%00%(upstream:short)%00%(objectname)%00%(upstream:track)%00%(upstream:remotename)%00%(upstream:remoteref) refs/heads/master refs/remotes/master [2ms]
2023-10-01 19:04:41.162 [info] > git status -z -uall [1ms]
2023-10-01 19:04:42.648 [info] > git show --textconv :output.txt [11ms]
2023-10-01 19:04:42.649 [info] > git ls-files --stage -- /home/jagannathanm/programs/Rust/minigrep/output.txt [2ms]
2023-10-01 19:04:57.491 [info] No remotes found in the git config file.
2023-10-01 19:04:57.492 [info] > git config --get commit.template [12ms]
2023-10-01 19:04:57.493 [info] > git for-each-ref --format=%(refname)%00%(upstream:short)%00%(objectname)%00%(upstream:track)%00%(upstream:remotename)%00%(upstream:remoteref) refs/heads/master refs/remotes/master [2ms]
2023-10-01 19:04:57.502 [info] > git status -z -uall [1ms]
2023-10-01 19:05:52.866 [info] No remotes found in the git config file.
2023-10-01 19:05:52.867 [info] > git config --get commit.template [13ms]
2023-10-01 19:05:52.867 [info] > git for-each-ref --format=%(refname)%00%(upstream:short)%00%(objectname)%00%(upstream:track)%00%(upstream:remotename)%00%(upstream:remoteref) refs/heads/master refs/remotes/master [1ms]
2023-10-01 19:05:52.883 [info] > git status -z -uall [4ms]
2023-10-01 19:05:52.966 [info] > git ls-files --stage -- /home/jagannathanm/programs/Rust/minigrep/src/lib.rs [12ms]
2023-10-01 19:05:52.978 [info] > git ls-files --stage -- /home/jagannathanm/programs/Rust/minigrep/src/main.rs [13ms]
2023-10-01 19:05:53.005 [info] > git cat-file -s 41048a2968f951ea69d8092bc1f8e7095ec57616 [15ms]
2023-10-01 19:05:53.005 [info] > git cat-file -s b3a79d10e93308aedbd7e1ec74d86253fae823f8 [28ms]
2023-10-01 19:05:53.031 [info] > git show --textconv :src/main.rs [13ms]
2023-10-01 19:05:53.033 [info] > git show --textconv :src/lib.rs [3ms]
2023-10-01 19:06:18.642 [info] No remotes found in the git config file.
2023-10-01 19:06:18.643 [info] > git config --get commit.template [12ms]
2023-10-01 19:06:18.644 [info] > git for-each-ref --format=%(refname)%00%(upstream:short)%00%(objectname)%00%(upstream:track)%00%(upstream:remotename)%00%(upstream:remoteref) refs/heads/master refs/remotes/master [2ms]
2023-10-01 19:06:18.655 [info] > git status -z -uall [2ms]
2023-10-01 19:06:18.745 [info] > git ls-files --stage -- /home/jagannathanm/programs/Rust/minigrep/src/lib.rs [12ms]
2023-10-01 19:06:18.754 [info] > git ls-files --stage -- /home/jagannathanm/programs/Rust/minigrep/src/main.rs [10ms]
2023-10-01 19:06:18.764 [info] > git cat-file -s b3a79d10e93308aedbd7e1ec74d86253fae823f8 [12ms]
2023-10-01 19:06:18.766 [info] > git cat-file -s 41048a2968f951ea69d8092bc1f8e7095ec57616 [3ms]
2023-10-01 19:06:18.789 [info] > git show --textconv :src/lib.rs [12ms]
2023-10-01 19:06:18.791 [info] > git show --textconv :src/main.rs [2ms]
