2023-10-01 14:20:00.808 [info] Configuration changed
2023-10-01 14:20:18.407 [info] Configuration changed
2023-10-01 14:20:27.408 [info] Configuration changed
2023-10-01 14:20:32.562 [info] Configuration changed
2023-10-01 14:30:47.540 [info] Configuration changed
2023-10-01 14:30:51.613 [info] Active editor: file:///home/jagannathanm/programs/Rust/minigrep/src/main.rs
2023-10-01 14:56:16.670 [info] /home/jagannathanm/.rustup/toolchains/nightly-x86_64-unknown-linux-gnu/lib/rustlib/src/rust/library/alloc/src/string.rs closed
2023-10-01 14:58:11.802 [info] /home/jagannathanm/.rustup/toolchains/nightly-x86_64-unknown-linux-gnu/lib/rustlib/src/rust/library/alloc/src/string.rs closed
2023-10-01 14:58:23.782 [info] /home/jagannathanm/.rustup/toolchains/nightly-x86_64-unknown-linux-gnu/lib/rustlib/src/rust/library/core/src/result.rs closed
2023-10-01 15:05:55.040 [info] /home/jagannathanm/.rustup/toolchains/nightly-x86_64-unknown-linux-gnu/lib/rustlib/src/rust/library/alloc/src/string.rs closed
2023-10-01 15:08:20.592 [info] /home/jagannathanm/.rustup/toolchains/nightly-x86_64-unknown-linux-gnu/lib/rustlib/src/rust/library/alloc/src/string.rs closed
2023-10-01 16:24:59.159 [info] /home/jagannathanm/.rustup/toolchains/nightly-x86_64-unknown-linux-gnu/lib/rustlib/src/rust/library/std/src/macros.rs closed
2023-10-01 16:24:59.196 [info] /home/jagannathanm/.rustup/toolchains/nightly-x86_64-unknown-linux-gnu/lib/rustlib/src/rust/library/std/src/macros.rs closed
2023-10-01 16:38:26.573 [info] Active editor: file:///home/jagannathanm/programs/Rust/minigrep/src/lib.rs
2023-10-01 16:39:24.894 [info] /home/jagannathanm/.rustup/toolchains/nightly-x86_64-unknown-linux-gnu/lib/rustlib/src/rust/library/alloc/src/string.rs closed
2023-10-01 16:40:28.359 [info] Active editor: file:///home/jagannathanm/programs/Rust/minigrep/src/main.rs
2023-10-01 16:42:48.296 [info] Active editor: file:///home/jagannathanm/programs/Rust/minigrep/src/lib.rs
2023-10-01 16:42:57.536 [info] Active editor: file:///home/jagannathanm/programs/Rust/minigrep/src/main.rs
2023-10-01 16:43:03.551 [info] Active editor: file:///home/jagannathanm/programs/Rust/minigrep/src/lib.rs
2023-10-01 16:43:11.842 [info] Active editor: file:///home/jagannathanm/programs/Rust/minigrep/src/main.rs
2023-10-01 17:16:39.945 [info] Active editor: file:///home/jagannathanm/programs/Rust/minigrep/src/lib.rs
2023-10-01 17:18:58.823 [info] Active editor: file:///home/jagannathanm/programs/Rust/minigrep/src/lib.rs
2023-10-01 17:19:14.757 [info] Active editor: file:///home/jagannathanm/programs/Rust/minigrep/src/lib.rs
2023-10-01 17:19:16.076 [info] Active editor: file:///home/jagannathanm/programs/Rust/minigrep/src/main.rs
2023-10-01 17:20:31.442 [info] Active editor: file:///home/jagannathanm/programs/Rust/minigrep/src/lib.rs
2023-10-01 18:28:51.145 [info] /home/jagannathanm/.rustup/toolchains/nightly-x86_64-unknown-linux-gnu/lib/rustlib/src/rust/library/alloc/src/str.rs closed
2023-10-01 18:46:24.123 [info] Active editor: file:///home/jagannathanm/programs/Rust/minigrep/src/lib.rs
