[Info  - 5:08:33 PM] (19632) Pylance language server 2023.5.30 (pyright e1b6074b) starting
[Info  - 5:08:33 PM] (19632) Server root directory: /home/jagannathanm/.vscode/extensions/ms-python.vscode-pylance-2023.5.30/dist
[Info  - 5:08:33 PM] (19632) Starting service instance "Documents"
[Info  - 5:08:33 PM] (19632) Setting pythonPath for service "Documents": "/bin/python"
[Warn  - 5:08:33 PM] (19632) stubPath /home/jagannathanm/Documents/typings is not a valid directory.
[Info  - 5:08:33 PM] (19632) Assuming Python version 3.11
[Info  - 5:08:35 PM] (19632) Found 5 source files
[Info  - 5:08:36 PM] (19632) Background analysis(1) root directory: /home/jagannathanm/.vscode/extensions/ms-python.vscode-pylance-2023.5.30/dist
[Info  - 5:08:36 PM] (19632) Background analysis(1) started
[Info  - 5:08:36 PM] (19632) Indexer background runner(2) root directory: /home/jagannathanm/.vscode/extensions/ms-python.vscode-pylance-2023.5.30/dist (index)
[Info  - 5:08:36 PM] (19632) Indexing(2) started
[Info  - 5:08:38 PM] (19632) scanned(2) 103 files over 1 exec env
[Info  - 5:08:41 PM] (19632) [IDX(2)] Long operation: index execution environment /home/jagannathanm/Documents (2945ms)
[Info  - 5:08:41 PM] (19632) [IDX(2)] Long operation: index packages /home/jagannathanm/Documents (2968ms)
[Info  - 5:08:41 PM] (19632) indexed(2) 65 files over 1 exec env
[Info  - 5:08:41 PM] (19632) Indexing finished(2).
[Info  - 5:19:25 PM] (19632) Indexer background runner(3) root directory: /home/jagannathanm/.vscode/extensions/ms-python.vscode-pylance-2023.5.30/dist (refresh)
[Info  - 5:19:25 PM] (19632) Indexing(3) started
[Info  - 5:19:26 PM] (19632) scanned(3) 104 files over 1 exec env
[Info  - 5:19:27 PM] (19632) indexed(3) 66 files over 1 exec env
[Info  - 5:19:27 PM] (19632) Indexing finished(3).
