2023-10-02 16:01:56.060 [info] Extension host with pid 740983 started
2023-10-02 16:01:56.060 [info] Skipping acquiring lock for /home/jagannathanm/.config/Code/User/workspaceStorage/bd94c5ac9b4ad47d5624df0a7fc29b77.
2023-10-02 16:01:57.591 [info] ExtensionService#_doActivateExtension vscode.emmet, startup: false, activationEvent: 'onLanguage'
2023-10-02 16:01:58.346 [info] ExtensionService#_doActivateExtension rust-lang.rust-analyzer, startup: false, activationEvent: 'onLanguage:rust'
2023-10-02 16:01:59.153 [info] ExtensionService#_doActivateExtension vscode.git-base, startup: true, activationEvent: '*', root cause: vscode.git
2023-10-02 16:01:59.957 [info] ExtensionService#_doActivateExtension naumovs.color-highlight, startup: true, activationEvent: '*'
2023-10-02 16:02:01.320 [info] ExtensionService#_doActivateExtension serayuzgur.crates, startup: true, activationEvent: 'workspaceContains:Cargo.toml'
2023-10-02 16:02:02.308 [info] ExtensionService#_doActivateExtension vscode.git, startup: true, activationEvent: '*'
2023-10-02 16:02:02.748 [info] ExtensionService#_doActivateExtension vscode.github, startup: true, activationEvent: '*'
2023-10-02 16:02:10.533 [info] Eager extensions activated
2023-10-02 16:02:10.538 [info] ExtensionService#_doActivateExtension vscode.debug-auto-launch, startup: false, activationEvent: 'onStartupFinished'
2023-10-02 16:02:10.578 [info] ExtensionService#_doActivateExtension vscode.merge-conflict, startup: false, activationEvent: 'onStartupFinished'
2023-10-02 16:02:10.959 [info] ExtensionService#_doActivateExtension ritwickdey.LiveServer, startup: false, activationEvent: 'onStartupFinished'
2023-10-02 16:02:12.630 [info] ExtensionService#_doActivateExtension vadimcn.vscode-lldb, startup: false, activationEvent: 'onStartupFinished'
2023-10-02 16:03:20.410 [info] ExtensionService#_doActivateExtension vscode.github-authentication, startup: false, activationEvent: 'onAuthenticationRequest:github'
2023-10-02 16:03:23.963 [info] ExtensionService#_doActivateExtension vscode.microsoft-authentication, startup: false, activationEvent: 'onAuthenticationRequest:microsoft'
2023-10-02 16:04:36.622 [error] [rust-lang.rust-analyzer] provider FAILED
2023-10-02 16:04:36.682 [error] Error: request handler panicked: called `Option::unwrap()` on a `None` value
	at ar (/home/jagannathanm/.vscode/extensions/rust-lang.rust-analyzer-0.4.1679-linux-x64/out/main.js:4:228)
	at An (/home/jagannathanm/.vscode/extensions/rust-lang.rust-analyzer-0.4.1679-linux-x64/out/main.js:3:7338)
	at jn (/home/jagannathanm/.vscode/extensions/rust-lang.rust-analyzer-0.4.1679-linux-x64/out/main.js:3:7475)
	at Immediate.<anonymous> (/home/jagannathanm/.vscode/extensions/rust-lang.rust-analyzer-0.4.1679-linux-x64/out/main.js:3:7225)
	at process.processImmediate (node:internal/timers:466:21)
2023-10-02 16:04:36.793 [error] [rust-lang.rust-analyzer] provider FAILED
2023-10-02 16:04:36.793 [error] Error: request handler panicked: called `Option::unwrap()` on a `None` value
	at ar (/home/jagannathanm/.vscode/extensions/rust-lang.rust-analyzer-0.4.1679-linux-x64/out/main.js:4:228)
	at An (/home/jagannathanm/.vscode/extensions/rust-lang.rust-analyzer-0.4.1679-linux-x64/out/main.js:3:7338)
	at jn (/home/jagannathanm/.vscode/extensions/rust-lang.rust-analyzer-0.4.1679-linux-x64/out/main.js:3:7475)
	at Immediate.<anonymous> (/home/jagannathanm/.vscode/extensions/rust-lang.rust-analyzer-0.4.1679-linux-x64/out/main.js:3:7225)
	at process.processImmediate (node:internal/timers:466:21)
2023-10-02 16:04:37.333 [error] [rust-lang.rust-analyzer] provider FAILED
2023-10-02 16:04:37.333 [error] Error: request handler panicked: called `Option::unwrap()` on a `None` value
	at ar (/home/jagannathanm/.vscode/extensions/rust-lang.rust-analyzer-0.4.1679-linux-x64/out/main.js:4:228)
	at An (/home/jagannathanm/.vscode/extensions/rust-lang.rust-analyzer-0.4.1679-linux-x64/out/main.js:3:7338)
	at jn (/home/jagannathanm/.vscode/extensions/rust-lang.rust-analyzer-0.4.1679-linux-x64/out/main.js:3:7475)
	at Immediate.<anonymous> (/home/jagannathanm/.vscode/extensions/rust-lang.rust-analyzer-0.4.1679-linux-x64/out/main.js:3:7225)
	at process.processImmediate (node:internal/timers:466:21)
2023-10-02 16:04:37.900 [error] [rust-lang.rust-analyzer] provider FAILED
2023-10-02 16:04:37.900 [error] Error: request handler panicked: called `Option::unwrap()` on a `None` value
	at ar (/home/jagannathanm/.vscode/extensions/rust-lang.rust-analyzer-0.4.1679-linux-x64/out/main.js:4:228)
	at An (/home/jagannathanm/.vscode/extensions/rust-lang.rust-analyzer-0.4.1679-linux-x64/out/main.js:3:7338)
	at jn (/home/jagannathanm/.vscode/extensions/rust-lang.rust-analyzer-0.4.1679-linux-x64/out/main.js:3:7475)
	at Immediate.<anonymous> (/home/jagannathanm/.vscode/extensions/rust-lang.rust-analyzer-0.4.1679-linux-x64/out/main.js:3:7225)
	at process.processImmediate (node:internal/timers:466:21)
2023-10-02 16:04:38.820 [error] [rust-lang.rust-analyzer] provider FAILED
2023-10-02 16:04:38.821 [error] Error: request handler panicked: called `Option::unwrap()` on a `None` value
	at ar (/home/jagannathanm/.vscode/extensions/rust-lang.rust-analyzer-0.4.1679-linux-x64/out/main.js:4:228)
	at An (/home/jagannathanm/.vscode/extensions/rust-lang.rust-analyzer-0.4.1679-linux-x64/out/main.js:3:7338)
	at jn (/home/jagannathanm/.vscode/extensions/rust-lang.rust-analyzer-0.4.1679-linux-x64/out/main.js:3:7475)
	at Immediate.<anonymous> (/home/jagannathanm/.vscode/extensions/rust-lang.rust-analyzer-0.4.1679-linux-x64/out/main.js:3:7225)
	at process.processImmediate (node:internal/timers:466:21)
2023-10-02 16:07:18.377 [error] [rust-lang.rust-analyzer] provider FAILED
2023-10-02 16:07:18.508 [error] Error: request handler panicked: called `Option::unwrap()` on a `None` value
	at ar (/home/jagannathanm/.vscode/extensions/rust-lang.rust-analyzer-0.4.1679-linux-x64/out/main.js:4:228)
	at An (/home/jagannathanm/.vscode/extensions/rust-lang.rust-analyzer-0.4.1679-linux-x64/out/main.js:3:7338)
	at jn (/home/jagannathanm/.vscode/extensions/rust-lang.rust-analyzer-0.4.1679-linux-x64/out/main.js:3:7475)
	at Immediate.<anonymous> (/home/jagannathanm/.vscode/extensions/rust-lang.rust-analyzer-0.4.1679-linux-x64/out/main.js:3:7225)
	at process.processImmediate (node:internal/timers:466:21)
2023-10-02 16:07:35.100 [error] [rust-lang.rust-analyzer] provider FAILED
2023-10-02 16:07:35.139 [error] Error: request handler panicked: called `Option::unwrap()` on a `None` value
	at ar (/home/jagannathanm/.vscode/extensions/rust-lang.rust-analyzer-0.4.1679-linux-x64/out/main.js:4:228)
	at An (/home/jagannathanm/.vscode/extensions/rust-lang.rust-analyzer-0.4.1679-linux-x64/out/main.js:3:7338)
	at jn (/home/jagannathanm/.vscode/extensions/rust-lang.rust-analyzer-0.4.1679-linux-x64/out/main.js:3:7475)
	at Immediate.<anonymous> (/home/jagannathanm/.vscode/extensions/rust-lang.rust-analyzer-0.4.1679-linux-x64/out/main.js:3:7225)
	at process.processImmediate (node:internal/timers:466:21)
2023-10-02 16:08:07.342 [error] [rust-lang.rust-analyzer] provider FAILED
2023-10-02 16:08:07.360 [error] Error: request handler panicked: called `Option::unwrap()` on a `None` value
	at ar (/home/jagannathanm/.vscode/extensions/rust-lang.rust-analyzer-0.4.1679-linux-x64/out/main.js:4:228)
	at An (/home/jagannathanm/.vscode/extensions/rust-lang.rust-analyzer-0.4.1679-linux-x64/out/main.js:3:7338)
	at jn (/home/jagannathanm/.vscode/extensions/rust-lang.rust-analyzer-0.4.1679-linux-x64/out/main.js:3:7475)
	at Immediate.<anonymous> (/home/jagannathanm/.vscode/extensions/rust-lang.rust-analyzer-0.4.1679-linux-x64/out/main.js:3:7225)
	at process.processImmediate (node:internal/timers:466:21)
2023-10-02 16:08:09.373 [error] [rust-lang.rust-analyzer] provider FAILED
2023-10-02 16:08:09.373 [error] Error: request handler panicked: called `Option::unwrap()` on a `None` value
	at ar (/home/jagannathanm/.vscode/extensions/rust-lang.rust-analyzer-0.4.1679-linux-x64/out/main.js:4:228)
	at An (/home/jagannathanm/.vscode/extensions/rust-lang.rust-analyzer-0.4.1679-linux-x64/out/main.js:3:7338)
	at jn (/home/jagannathanm/.vscode/extensions/rust-lang.rust-analyzer-0.4.1679-linux-x64/out/main.js:3:7475)
	at Immediate.<anonymous> (/home/jagannathanm/.vscode/extensions/rust-lang.rust-analyzer-0.4.1679-linux-x64/out/main.js:3:7225)
	at process.processImmediate (node:internal/timers:466:21)
2023-10-02 16:08:10.238 [error] [rust-lang.rust-analyzer] provider FAILED
2023-10-02 16:08:10.238 [error] Error: request handler panicked: called `Option::unwrap()` on a `None` value
	at ar (/home/jagannathanm/.vscode/extensions/rust-lang.rust-analyzer-0.4.1679-linux-x64/out/main.js:4:228)
	at An (/home/jagannathanm/.vscode/extensions/rust-lang.rust-analyzer-0.4.1679-linux-x64/out/main.js:3:7338)
	at jn (/home/jagannathanm/.vscode/extensions/rust-lang.rust-analyzer-0.4.1679-linux-x64/out/main.js:3:7475)
	at Immediate.<anonymous> (/home/jagannathanm/.vscode/extensions/rust-lang.rust-analyzer-0.4.1679-linux-x64/out/main.js:3:7225)
	at process.processImmediate (node:internal/timers:466:21)
2023-10-02 16:08:10.609 [error] [rust-lang.rust-analyzer] provider FAILED
2023-10-02 16:08:10.610 [error] Error: request handler panicked: called `Option::unwrap()` on a `None` value
	at ar (/home/jagannathanm/.vscode/extensions/rust-lang.rust-analyzer-0.4.1679-linux-x64/out/main.js:4:228)
	at An (/home/jagannathanm/.vscode/extensions/rust-lang.rust-analyzer-0.4.1679-linux-x64/out/main.js:3:7338)
	at jn (/home/jagannathanm/.vscode/extensions/rust-lang.rust-analyzer-0.4.1679-linux-x64/out/main.js:3:7475)
	at Immediate.<anonymous> (/home/jagannathanm/.vscode/extensions/rust-lang.rust-analyzer-0.4.1679-linux-x64/out/main.js:3:7225)
	at process.processImmediate (node:internal/timers:466:21)
2023-10-02 16:08:14.421 [error] [rust-lang.rust-analyzer] provider FAILED
2023-10-02 16:08:14.422 [error] Error: request handler panicked: called `Option::unwrap()` on a `None` value
	at ar (/home/jagannathanm/.vscode/extensions/rust-lang.rust-analyzer-0.4.1679-linux-x64/out/main.js:4:228)
	at An (/home/jagannathanm/.vscode/extensions/rust-lang.rust-analyzer-0.4.1679-linux-x64/out/main.js:3:7338)
	at jn (/home/jagannathanm/.vscode/extensions/rust-lang.rust-analyzer-0.4.1679-linux-x64/out/main.js:3:7475)
	at Immediate.<anonymous> (/home/jagannathanm/.vscode/extensions/rust-lang.rust-analyzer-0.4.1679-linux-x64/out/main.js:3:7225)
	at process.processImmediate (node:internal/timers:466:21)
2023-10-02 16:08:15.676 [error] [rust-lang.rust-analyzer] provider FAILED
2023-10-02 16:08:15.677 [error] Error: request handler panicked: called `Option::unwrap()` on a `None` value
	at ar (/home/jagannathanm/.vscode/extensions/rust-lang.rust-analyzer-0.4.1679-linux-x64/out/main.js:4:228)
	at An (/home/jagannathanm/.vscode/extensions/rust-lang.rust-analyzer-0.4.1679-linux-x64/out/main.js:3:7338)
	at jn (/home/jagannathanm/.vscode/extensions/rust-lang.rust-analyzer-0.4.1679-linux-x64/out/main.js:3:7475)
	at Immediate.<anonymous> (/home/jagannathanm/.vscode/extensions/rust-lang.rust-analyzer-0.4.1679-linux-x64/out/main.js:3:7225)
	at process.processImmediate (node:internal/timers:466:21)
2023-10-02 16:08:16.286 [error] [rust-lang.rust-analyzer] provider FAILED
2023-10-02 16:08:16.286 [error] Error: request handler panicked: called `Option::unwrap()` on a `None` value
	at ar (/home/jagannathanm/.vscode/extensions/rust-lang.rust-analyzer-0.4.1679-linux-x64/out/main.js:4:228)
	at An (/home/jagannathanm/.vscode/extensions/rust-lang.rust-analyzer-0.4.1679-linux-x64/out/main.js:3:7338)
	at jn (/home/jagannathanm/.vscode/extensions/rust-lang.rust-analyzer-0.4.1679-linux-x64/out/main.js:3:7475)
	at Immediate.<anonymous> (/home/jagannathanm/.vscode/extensions/rust-lang.rust-analyzer-0.4.1679-linux-x64/out/main.js:3:7225)
	at process.processImmediate (node:internal/timers:466:21)
2023-10-02 16:08:17.131 [error] [rust-lang.rust-analyzer] provider FAILED
2023-10-02 16:08:17.131 [error] Error: request handler panicked: called `Option::unwrap()` on a `None` value
	at ar (/home/jagannathanm/.vscode/extensions/rust-lang.rust-analyzer-0.4.1679-linux-x64/out/main.js:4:228)
	at An (/home/jagannathanm/.vscode/extensions/rust-lang.rust-analyzer-0.4.1679-linux-x64/out/main.js:3:7338)
	at jn (/home/jagannathanm/.vscode/extensions/rust-lang.rust-analyzer-0.4.1679-linux-x64/out/main.js:3:7475)
	at Immediate.<anonymous> (/home/jagannathanm/.vscode/extensions/rust-lang.rust-analyzer-0.4.1679-linux-x64/out/main.js:3:7225)
	at process.processImmediate (node:internal/timers:466:21)
2023-10-02 16:08:17.492 [error] [rust-lang.rust-analyzer] provider FAILED
2023-10-02 16:08:17.492 [error] Error: request handler panicked: called `Option::unwrap()` on a `None` value
	at ar (/home/jagannathanm/.vscode/extensions/rust-lang.rust-analyzer-0.4.1679-linux-x64/out/main.js:4:228)
	at An (/home/jagannathanm/.vscode/extensions/rust-lang.rust-analyzer-0.4.1679-linux-x64/out/main.js:3:7338)
	at jn (/home/jagannathanm/.vscode/extensions/rust-lang.rust-analyzer-0.4.1679-linux-x64/out/main.js:3:7475)
	at Immediate.<anonymous> (/home/jagannathanm/.vscode/extensions/rust-lang.rust-analyzer-0.4.1679-linux-x64/out/main.js:3:7225)
	at process.processImmediate (node:internal/timers:466:21)
2023-10-02 16:08:18.165 [error] [rust-lang.rust-analyzer] provider FAILED
2023-10-02 16:08:18.165 [error] Error: request handler panicked: called `Option::unwrap()` on a `None` value
	at ar (/home/jagannathanm/.vscode/extensions/rust-lang.rust-analyzer-0.4.1679-linux-x64/out/main.js:4:228)
	at An (/home/jagannathanm/.vscode/extensions/rust-lang.rust-analyzer-0.4.1679-linux-x64/out/main.js:3:7338)
	at jn (/home/jagannathanm/.vscode/extensions/rust-lang.rust-analyzer-0.4.1679-linux-x64/out/main.js:3:7475)
	at Immediate.<anonymous> (/home/jagannathanm/.vscode/extensions/rust-lang.rust-analyzer-0.4.1679-linux-x64/out/main.js:3:7225)
	at process.processImmediate (node:internal/timers:466:21)
2023-10-02 16:08:19.817 [error] [rust-lang.rust-analyzer] provider FAILED
2023-10-02 16:08:19.817 [error] Error: request handler panicked: called `Option::unwrap()` on a `None` value
	at ar (/home/jagannathanm/.vscode/extensions/rust-lang.rust-analyzer-0.4.1679-linux-x64/out/main.js:4:228)
	at An (/home/jagannathanm/.vscode/extensions/rust-lang.rust-analyzer-0.4.1679-linux-x64/out/main.js:3:7338)
	at jn (/home/jagannathanm/.vscode/extensions/rust-lang.rust-analyzer-0.4.1679-linux-x64/out/main.js:3:7475)
	at Immediate.<anonymous> (/home/jagannathanm/.vscode/extensions/rust-lang.rust-analyzer-0.4.1679-linux-x64/out/main.js:3:7225)
	at process.processImmediate (node:internal/timers:466:21)
2023-10-02 16:08:21.234 [error] [rust-lang.rust-analyzer] provider FAILED
2023-10-02 16:08:21.234 [error] Error: request handler panicked: called `Option::unwrap()` on a `None` value
	at ar (/home/jagannathanm/.vscode/extensions/rust-lang.rust-analyzer-0.4.1679-linux-x64/out/main.js:4:228)
	at An (/home/jagannathanm/.vscode/extensions/rust-lang.rust-analyzer-0.4.1679-linux-x64/out/main.js:3:7338)
	at jn (/home/jagannathanm/.vscode/extensions/rust-lang.rust-analyzer-0.4.1679-linux-x64/out/main.js:3:7475)
	at Immediate.<anonymous> (/home/jagannathanm/.vscode/extensions/rust-lang.rust-analyzer-0.4.1679-linux-x64/out/main.js:3:7225)
	at process.processImmediate (node:internal/timers:466:21)
2023-10-02 16:08:21.461 [error] [rust-lang.rust-analyzer] provider FAILED
2023-10-02 16:08:21.461 [error] Error: request handler panicked: called `Option::unwrap()` on a `None` value
	at ar (/home/jagannathanm/.vscode/extensions/rust-lang.rust-analyzer-0.4.1679-linux-x64/out/main.js:4:228)
	at An (/home/jagannathanm/.vscode/extensions/rust-lang.rust-analyzer-0.4.1679-linux-x64/out/main.js:3:7338)
	at jn (/home/jagannathanm/.vscode/extensions/rust-lang.rust-analyzer-0.4.1679-linux-x64/out/main.js:3:7475)
	at Immediate.<anonymous> (/home/jagannathanm/.vscode/extensions/rust-lang.rust-analyzer-0.4.1679-linux-x64/out/main.js:3:7225)
	at process.processImmediate (node:internal/timers:466:21)
2023-10-02 16:30:43.207 [info] Extension host terminating: renderer closed the MessagePort
2023-10-02 16:30:43.506 [error] Canceled: Canceled
	at new l (/opt/visual-studio-code/resources/app/out/vs/workbench/api/node/extensionHostProcess.js:98:105190)
	at c.O (/opt/visual-studio-code/resources/app/out/vs/workbench/api/node/extensionHostProcess.js:108:11692)
	at G.<computed>.Q.charCodeAt.G.<computed> (/opt/visual-studio-code/resources/app/out/vs/workbench/api/node/extensionHostProcess.js:108:8967)
	at m.g (/opt/visual-studio-code/resources/app/out/vs/workbench/api/node/extensionHostProcess.js:98:125211)
	at m.executeCommand (/opt/visual-studio-code/resources/app/out/vs/workbench/api/node/extensionHostProcess.js:98:124587)
	at L.registerCommand.description (/opt/visual-studio-code/resources/app/out/vs/workbench/api/node/extensionHostProcess.js:98:123880)
	at m.h (/opt/visual-studio-code/resources/app/out/vs/workbench/api/node/extensionHostProcess.js:98:125797)
	at m.g (/opt/visual-studio-code/resources/app/out/vs/workbench/api/node/extensionHostProcess.js:98:124687)
	at m.executeCommand (/opt/visual-studio-code/resources/app/out/vs/workbench/api/node/extensionHostProcess.js:98:124587)
	at Object.executeCommand (/opt/visual-studio-code/resources/app/out/vs/workbench/api/node/extensionHostProcess.js:114:23801)
	at D (/opt/visual-studio-code/resources/app/extensions/git/dist/main.js:2:1467156)
	at E.invoke (/opt/visual-studio-code/resources/app/out/vs/workbench/api/node/extensionHostProcess.js:63:145)
	at h.deliver (/opt/visual-studio-code/resources/app/out/vs/workbench/api/node/extensionHostProcess.js:63:2121)
	at n.fire (/opt/visual-studio-code/resources/app/out/vs/workbench/api/node/extensionHostProcess.js:63:1729)
	at Object.m [as dispose] (/opt/visual-studio-code/resources/app/extensions/git/dist/main.js:2:1481885)
	at /opt/visual-studio-code/resources/app/extensions/git/dist/main.js:2:1485952
	at Array.forEach (<anonymous>)
	at g.dispose (/opt/visual-studio-code/resources/app/extensions/git/dist/main.js:2:1485938)
	at t.<anonymous> (/opt/visual-studio-code/resources/app/out/vs/workbench/api/node/extensionHostProcess.js:96:12398)
	at t.dispose (/opt/visual-studio-code/resources/app/out/vs/workbench/api/node/extensionHostProcess.js:96:12533)
	at t.<anonymous> (/opt/visual-studio-code/resources/app/extensions/git/dist/main.js:2:1469286)
	at t.dispose (/opt/visual-studio-code/resources/app/out/vs/workbench/api/node/extensionHostProcess.js:96:12533)
	at C (/opt/visual-studio-code/resources/app/out/vs/workbench/api/node/extensionHostProcess.js:10:12084)
	at E.Y (/opt/visual-studio-code/resources/app/out/vs/workbench/api/node/extensionHostProcess.js:110:11147)
	at /opt/visual-studio-code/resources/app/out/vs/workbench/api/node/extensionHostProcess.js:110:9131
	at Array.map (<anonymous>)
	at E.R (/opt/visual-studio-code/resources/app/out/vs/workbench/api/node/extensionHostProcess.js:110:9118)
	at E.terminate (/opt/visual-studio-code/resources/app/out/vs/workbench/api/node/extensionHostProcess.js:110:9389)
	at d.terminate (/opt/visual-studio-code/resources/app/out/vs/workbench/api/node/extensionHostProcess.js:114:1544)
	at p (/opt/visual-studio-code/resources/app/out/vs/workbench/api/node/extensionHostProcess.js:124:18690)
	at MessagePortMain.<anonymous> (/opt/visual-studio-code/resources/app/out/vs/workbench/api/node/extensionHostProcess.js:124:14829)
	at MessagePortMain.emit (node:events:526:28)
	at MessagePortMain._internalPort.emit (node:electron/js2c/utility_init:5:364) setContext undefined
2023-10-02 16:30:43.507 [error] Canceled: Canceled
	at new l (/opt/visual-studio-code/resources/app/out/vs/workbench/api/node/extensionHostProcess.js:98:105190)
	at c.O (/opt/visual-studio-code/resources/app/out/vs/workbench/api/node/extensionHostProcess.js:108:11692)
	at G.<computed>.Q.charCodeAt.G.<computed> (/opt/visual-studio-code/resources/app/out/vs/workbench/api/node/extensionHostProcess.js:108:8967)
	at m.g (/opt/visual-studio-code/resources/app/out/vs/workbench/api/node/extensionHostProcess.js:98:125211)
	at m.executeCommand (/opt/visual-studio-code/resources/app/out/vs/workbench/api/node/extensionHostProcess.js:98:124587)
	at L.registerCommand.description (/opt/visual-studio-code/resources/app/out/vs/workbench/api/node/extensionHostProcess.js:98:123880)
	at m.h (/opt/visual-studio-code/resources/app/out/vs/workbench/api/node/extensionHostProcess.js:98:125797)
	at m.g (/opt/visual-studio-code/resources/app/out/vs/workbench/api/node/extensionHostProcess.js:98:124687)
	at m.executeCommand (/opt/visual-studio-code/resources/app/out/vs/workbench/api/node/extensionHostProcess.js:98:124587)
	at Object.executeCommand (/opt/visual-studio-code/resources/app/out/vs/workbench/api/node/extensionHostProcess.js:114:23801)
	at tf (/home/jagannathanm/.vscode/extensions/rust-lang.rust-analyzer-0.4.1679-linux-x64/out/main.js:39:70677)
	at Object.W_ (/home/jagannathanm/.vscode/extensions/rust-lang.rust-analyzer-0.4.1679-linux-x64/out/main.js:372:268)
	at E.Y (/opt/visual-studio-code/resources/app/out/vs/workbench/api/node/extensionHostProcess.js:110:10948)
	at /opt/visual-studio-code/resources/app/out/vs/workbench/api/node/extensionHostProcess.js:110:9131
	at Array.map (<anonymous>)
	at E.R (/opt/visual-studio-code/resources/app/out/vs/workbench/api/node/extensionHostProcess.js:110:9118)
	at E.terminate (/opt/visual-studio-code/resources/app/out/vs/workbench/api/node/extensionHostProcess.js:110:9389)
	at d.terminate (/opt/visual-studio-code/resources/app/out/vs/workbench/api/node/extensionHostProcess.js:114:1544)
	at p (/opt/visual-studio-code/resources/app/out/vs/workbench/api/node/extensionHostProcess.js:124:18690)
	at MessagePortMain.<anonymous> (/opt/visual-studio-code/resources/app/out/vs/workbench/api/node/extensionHostProcess.js:124:14829)
	at MessagePortMain.emit (node:events:526:28)
	at MessagePortMain._internalPort.emit (node:electron/js2c/utility_init:5:364) setContext undefined
2023-10-02 16:30:43.507 [error] Canceled: Canceled
	at new l (/opt/visual-studio-code/resources/app/out/vs/workbench/api/node/extensionHostProcess.js:98:105190)
	at c.O (/opt/visual-studio-code/resources/app/out/vs/workbench/api/node/extensionHostProcess.js:108:11692)
	at G.<computed>.Q.charCodeAt.G.<computed> (/opt/visual-studio-code/resources/app/out/vs/workbench/api/node/extensionHostProcess.js:108:8967)
	at m.g (/opt/visual-studio-code/resources/app/out/vs/workbench/api/node/extensionHostProcess.js:98:125211)
	at m.executeCommand (/opt/visual-studio-code/resources/app/out/vs/workbench/api/node/extensionHostProcess.js:98:124587)
	at L.registerCommand.description (/opt/visual-studio-code/resources/app/out/vs/workbench/api/node/extensionHostProcess.js:98:123880)
	at m.h (/opt/visual-studio-code/resources/app/out/vs/workbench/api/node/extensionHostProcess.js:98:125797)
	at m.g (/opt/visual-studio-code/resources/app/out/vs/workbench/api/node/extensionHostProcess.js:98:124687)
	at m.executeCommand (/opt/visual-studio-code/resources/app/out/vs/workbench/api/node/extensionHostProcess.js:98:124587)
	at Object.executeCommand (/opt/visual-studio-code/resources/app/out/vs/workbench/api/node/extensionHostProcess.js:114:23801)
	at tf (/home/jagannathanm/.vscode/extensions/rust-lang.rust-analyzer-0.4.1679-linux-x64/out/main.js:39:70677)
	at Object.W_ (/home/jagannathanm/.vscode/extensions/rust-lang.rust-analyzer-0.4.1679-linux-x64/out/main.js:372:268)
	at E.Y (/opt/visual-studio-code/resources/app/out/vs/workbench/api/node/extensionHostProcess.js:110:10948)
	at /opt/visual-studio-code/resources/app/out/vs/workbench/api/node/extensionHostProcess.js:110:9131
	at Array.map (<anonymous>)
	at E.R (/opt/visual-studio-code/resources/app/out/vs/workbench/api/node/extensionHostProcess.js:110:9118)
	at E.terminate (/opt/visual-studio-code/resources/app/out/vs/workbench/api/node/extensionHostProcess.js:110:9389)
	at d.terminate (/opt/visual-studio-code/resources/app/out/vs/workbench/api/node/extensionHostProcess.js:114:1544)
	at p (/opt/visual-studio-code/resources/app/out/vs/workbench/api/node/extensionHostProcess.js:124:18690)
	at MessagePortMain.<anonymous> (/opt/visual-studio-code/resources/app/out/vs/workbench/api/node/extensionHostProcess.js:124:14829)
	at MessagePortMain.emit (node:events:526:28)
	at MessagePortMain._internalPort.emit (node:electron/js2c/utility_init:5:364)
2023-10-02 16:30:43.507 [info] Extension host with pid 740983 exiting with code 0
