2023-10-01 14:19:54.406 [info] Added views:workbench.panel.markers.view in workbench.panel.markers
2023-10-01 14:19:54.407 [info] Added views:workbench.panel.output in workbench.panel.output
2023-10-01 14:19:54.407 [info] Added views:terminal in terminal
2023-10-01 14:19:54.407 [info] Added views:outline in workbench.view.explorer
2023-10-01 14:19:54.407 [info] Added views:workbench.scm in workbench.view.scm
2023-10-01 14:19:54.407 [info] Added views:workbench.view.search in workbench.view.search
2023-10-01 14:19:54.407 [info] Added views:timeline in workbench.view.explorer
2023-10-01 14:19:54.407 [info] Added views:workbench.explorer.fileView in workbench.view.explorer
2023-10-01 14:19:56.619 [info] Added views:dockerContainers,dockerImages,dockerRegistries,dockerNetworks,dockerVolumes,vscode-docker.views.dockerContexts,vscode-docker.views.help in workbench.view.extension.dockerView
2023-10-01 14:19:57.985 [info] Added views:workbench.debug.variablesView,workbench.debug.watchExpressionsView,workbench.debug.callStackView,workbench.debug.breakPointsView in workbench.view.debug
2023-10-01 14:19:58.201 [info] Added views:workbench.panel.repl.view in workbench.panel.repl
2023-10-01 14:19:58.216 [info] Removed views:workbench.debug.breakPointsView,workbench.debug.callStackView,workbench.debug.watchExpressionsView,workbench.debug.variablesView from workbench.view.debug
2023-10-01 14:19:58.218 [info] Added views:workbench.debug.welcome in workbench.view.debug
2023-10-01 14:30:53.930 [info] Added views:rustDependencies in workbench.view.explorer
2023-10-01 16:38:06.099 [info] Added views:workbench.views.extensions.installed,workbench.views.extensions.popular,extensions.recommendedList in workbench.view.extensions
2023-10-01 16:38:06.104 [info] Removed views:workbench.views.extensions.popular from workbench.view.extensions
2023-10-01 18:47:20.747 [info] Added views:workbench.panel.markers.view in workbench.panel.markers
2023-10-01 18:47:20.748 [info] Added views:workbench.panel.output in workbench.panel.output
2023-10-01 18:47:20.748 [info] Added views:terminal in terminal
2023-10-01 18:47:20.748 [info] Added views:outline in workbench.view.explorer
2023-10-01 18:47:20.748 [info] Added views:workbench.scm in workbench.view.scm
2023-10-01 18:47:20.748 [info] Added views:workbench.view.search in workbench.view.search
2023-10-01 18:47:20.748 [info] Added views:timeline in workbench.view.explorer
2023-10-01 18:47:20.748 [info] Added views:workbench.explorer.fileView in workbench.view.explorer
2023-10-01 18:47:20.991 [info] Added views:workbench.debug.welcome in workbench.view.debug
2023-10-01 18:47:22.454 [info] Added views:dockerContainers,dockerImages,dockerRegistries,dockerNetworks,dockerVolumes,vscode-docker.views.dockerContexts,vscode-docker.views.help in workbench.view.extension.dockerView
2023-10-01 18:47:23.813 [info] Added views:workbench.panel.repl.view in workbench.panel.repl
2023-10-01 18:47:23.927 [info] Added views:workbench.views.extensions.installed,extensions.recommendedList in workbench.view.extensions
2023-10-01 18:47:27.055 [info] Added views:rustDependencies in workbench.view.explorer
