2023-07-13 01:52:28.225 [info] Log level: Info
2023-07-13 01:52:28.225 [info] Validating found git in: "git"
2023-07-13 01:52:28.225 [info] Using git "2.41.0" from "git"
2023-07-13 01:52:28.225 [info] > git rev-parse --show-toplevel [6ms]
2023-07-13 01:52:28.225 [info] fatal: not a git repository (or any of the parent directories): .git
2023-07-13 01:52:28.225 [info] > git rev-parse --show-toplevel [6ms]
2023-07-13 01:52:28.225 [info] fatal: not a git repository (or any of the parent directories): .git
2023-07-13 01:52:28.225 [info] > git rev-parse --show-toplevel [22ms]
2023-07-13 01:52:28.225 [info] fatal: not a git repository (or any of the parent directories): .git
2023-07-13 01:52:28.225 [info] > git rev-parse --show-toplevel [2609ms]
2023-07-13 01:52:28.225 [info] fatal: not a git repository (or any of the parent directories): .git
2023-07-13 01:52:28.225 [info] > git rev-parse --show-toplevel [17ms]
2023-07-13 01:52:28.225 [info] fatal: not a git repository (or any of the parent directories): .git
2023-07-13 01:52:28.225 [info] > git rev-parse --show-toplevel [2ms]
2023-07-13 01:52:28.226 [info] fatal: not a git repository (or any of the parent directories): .git
2023-07-13 01:52:28.234 [info] > git rev-parse --show-toplevel [2ms]
2023-07-13 01:52:28.234 [info] fatal: not a git repository (or any of the parent directories): .git
2023-07-13 01:52:28.242 [info] > git rev-parse --show-toplevel [1ms]
2023-07-13 01:52:28.242 [info] fatal: not a git repository (or any of the parent directories): .git
2023-07-13 01:52:28.249 [info] > git rev-parse --show-toplevel [1ms]
2023-07-13 01:52:28.249 [info] fatal: not a git repository (or any of the parent directories): .git
2023-07-13 01:52:28.259 [info] > git rev-parse --show-toplevel [3ms]
2023-07-13 01:52:28.259 [info] fatal: not a git repository (or any of the parent directories): .git
2023-07-13 01:52:28.266 [info] > git rev-parse --show-toplevel [1ms]
2023-07-13 01:52:28.266 [info] fatal: not a git repository (or any of the parent directories): .git
2023-07-13 01:52:28.301 [info] > git rev-parse --show-toplevel [2ms]
2023-07-13 01:52:28.301 [info] fatal: not a git repository (or any of the parent directories): .git
2023-07-13 01:52:29.882 [info] > git rev-parse --show-toplevel [4ms]
2023-07-13 01:52:29.882 [info] fatal: not a git repository (or any of the parent directories): .git
2023-07-13 01:53:02.546 [info] > git rev-parse --show-toplevel [5ms]
2023-07-13 01:53:02.546 [info] fatal: not a git repository (or any of the parent directories): .git
