00:00:02.836722 VirtualBox GUI VM Selector Window 7.0.8 r156879 linux.amd64 (Apr 18 2023 21:49:14) release log
00:00:02.836726 Log opened 2023-06-08T13:26:59.562667000Z
00:00:02.836729 Build Type: release
00:00:02.836736 OS Product: Linux
00:00:02.836740 OS Release: 6.3.3-arch1-1
00:00:02.836745 OS Version: #1 SMP PREEMPT_DYNAMIC Sun, 21 May 2023 16:15:22 +0000
00:00:02.836788 DMI Product Name: 82C7
00:00:02.836801 DMI Product Version: Lenovo V15-ADA
00:00:02.836816 Firmware type: UEFI
00:00:02.837145 Secure Boot: Disabled
00:00:02.837211 Host RAM: 5802MB (5.6GB) total, 2821MB (2.7GB) available
00:00:02.837216 Executable: /usr/lib/virtualbox/VirtualBox
00:00:02.837218 Process ID: 64933
00:00:02.837221 Package type: LINUX_64BITS_GENERIC (OSE)
00:00:02.837274 Qt version: 5.15.9
00:00:02.842564 GUI: UIMediumEnumerator: Initial medium-enumeration finished!
00:00:02.959707 GUI: UIMediumEnumerator: Medium-enumeration started...
00:00:04.942966 GUI: UIDesktopWidgetWatchdog::sltHandleHostScreenAvailableGeometryCalculated: Screen 0 work area is actually resized to: 10x10 x 945x1060
00:00:05.017755 GUI: UIMediumEnumerator: Medium-enumeration finished!
00:00:12.713307 GUI: UIMediumEnumerator: Medium-enumeration finished!
00:00:27.262579 GUI: UIMediumEnumerator: Medium-enumeration finished!
00:01:37.961504 GUI: UIMediumEnumerator: Medium-enumeration finished!
00:01:43.512186 GUI: UIMediumEnumerator: Medium-enumeration finished!
00:02:00.859133 GUI: UIMediumEnumerator: Medium-enumeration finished!
00:03:08.380599 GUI: UIMediumEnumerator: Medium-enumeration finished!
00:03:38.623073 GUI: UICommon: Handling aboutToQuit request..
00:03:39.715631 GUI: UICommon: aboutToQuit request handled!
