2023-07-08 15:07:16.890 [info] Added views:workbench.panel.markers.view in workbench.panel.markers
2023-07-08 15:07:16.890 [info] Added views:workbench.panel.output in workbench.panel.output
2023-07-08 15:07:16.890 [info] Added views:terminal in terminal
2023-07-08 15:07:16.890 [info] Added views:outline in workbench.view.explorer
2023-07-08 15:07:16.890 [info] Added views:workbench.scm in workbench.view.scm
2023-07-08 15:07:16.890 [info] Added views:workbench.view.search in workbench.view.search
2023-07-08 15:07:16.890 [info] Added views:timeline in workbench.view.explorer
2023-07-08 15:07:16.890 [info] Added views:workbench.explorer.emptyView in workbench.view.explorer
2023-07-08 15:07:17.823 [info] Added views:workbench.debug.welcome in workbench.view.debug
2023-07-08 15:07:20.407 [info] Added views:workbench.panel.repl.view in workbench.panel.repl
2023-07-08 15:09:05.097 [info] Added views:workbench.panel.markers.view in workbench.panel.markers
2023-07-08 15:09:05.097 [info] Added views:workbench.panel.output in workbench.panel.output
2023-07-08 15:09:05.097 [info] Added views:terminal in terminal
2023-07-08 15:09:05.097 [info] Added views:outline in workbench.view.explorer
2023-07-08 15:09:05.097 [info] Added views:workbench.scm in workbench.view.scm
2023-07-08 15:09:05.097 [info] Added views:workbench.view.search in workbench.view.search
2023-07-08 15:09:05.097 [info] Added views:timeline in workbench.view.explorer
2023-07-08 15:09:05.097 [info] Added views:workbench.explorer.fileView in workbench.view.explorer
2023-07-08 15:09:05.307 [info] Added views:workbench.debug.welcome in workbench.view.debug
2023-07-08 15:09:06.453 [info] Added views:workbench.panel.repl.view in workbench.panel.repl
2023-07-08 15:09:08.860 [info] Added views:workbench.view.testing in workbench.view.extension.test
